{"C:\\Users\\manni\\Documents\\ComputerScience\\College\\Summer Project\\github\\frontend\\src\\components\\BusMap.vue": {"path":"C:\\Users\\manni\\Documents\\ComputerScience\\College\\Summer Project\\github\\frontend\\src\\components\\BusMap.vue","statementMap":{"0":{"start":{"line":122,"column":0},"end":{"line":122,"column":null}},"1":{"start":{"line":136,"column":0},"end":{"line":136,"column":null}},"2":{"start":{"line":137,"column":0},"end":{"line":137,"column":null}},"3":{"start":{"line":138,"column":0},"end":{"line":138,"column":null}},"4":{"start":{"line":139,"column":0},"end":{"line":139,"column":null}},"5":{"start":{"line":140,"column":0},"end":{"line":140,"column":null}},"6":{"start":{"line":141,"column":0},"end":{"line":141,"column":null}},"7":{"start":{"line":142,"column":0},"end":{"line":142,"column":null}},"8":{"start":{"line":143,"column":0},"end":{"line":143,"column":null}},"9":{"start":{"line":144,"column":0},"end":{"line":144,"column":null}},"10":{"start":{"line":145,"column":0},"end":{"line":145,"column":null}},"11":{"start":{"line":120,"column":0},"end":{"line":120,"column":null}},"12":{"start":{"line":147,"column":0},"end":{"line":198,"column":null}},"13":{"start":{"line":149,"column":0},"end":{"line":149,"column":null}},"14":{"start":{"line":152,"column":0},"end":{"line":152,"column":null}},"15":{"start":{"line":164,"column":0},"end":{"line":164,"column":null}},"16":{"start":{"line":167,"column":0},"end":{"line":167,"column":null}},"17":{"start":{"line":168,"column":0},"end":{"line":168,"column":null}},"18":{"start":{"line":169,"column":0},"end":{"line":169,"column":null}},"19":{"start":{"line":172,"column":0},"end":{"line":172,"column":null}},"20":{"start":{"line":173,"column":0},"end":{"line":173,"column":null}},"21":{"start":{"line":176,"column":0},"end":{"line":197,"column":null}},"22":{"start":{"line":177,"column":0},"end":{"line":196,"column":null}},"23":{"start":{"line":178,"column":0},"end":{"line":178,"column":null}},"24":{"start":{"line":181,"column":0},"end":{"line":181,"column":null}},"25":{"start":{"line":184,"column":0},"end":{"line":184,"column":null}},"26":{"start":{"line":186,"column":0},"end":{"line":190,"column":null}},"27":{"start":{"line":189,"column":0},"end":{"line":189,"column":null}},"28":{"start":{"line":194,"column":0},"end":{"line":194,"column":null}},"29":{"start":{"line":195,"column":0},"end":{"line":195,"column":null}},"30":{"start":{"line":202,"column":0},"end":{"line":202,"column":null}},"31":{"start":{"line":203,"column":0},"end":{"line":203,"column":null}},"32":{"start":{"line":213,"column":0},"end":{"line":213,"column":null}},"33":{"start":{"line":214,"column":0},"end":{"line":214,"column":null}},"34":{"start":{"line":216,"column":0},"end":{"line":216,"column":null}},"35":{"start":{"line":222,"column":0},"end":{"line":230,"column":null}},"36":{"start":{"line":225,"column":0},"end":{"line":225,"column":null}},"37":{"start":{"line":231,"column":0},"end":{"line":242,"column":null}},"38":{"start":{"line":232,"column":0},"end":{"line":232,"column":null}},"39":{"start":{"line":234,"column":0},"end":{"line":234,"column":null}},"40":{"start":{"line":236,"column":0},"end":{"line":236,"column":null}},"41":{"start":{"line":238,"column":0},"end":{"line":238,"column":null}},"42":{"start":{"line":240,"column":0},"end":{"line":240,"column":null}},"43":{"start":{"line":246,"column":0},"end":{"line":246,"column":null}},"44":{"start":{"line":248,"column":0},"end":{"line":248,"column":null}},"45":{"start":{"line":249,"column":0},"end":{"line":249,"column":null}},"46":{"start":{"line":250,"column":0},"end":{"line":250,"column":null}},"47":{"start":{"line":251,"column":0},"end":{"line":251,"column":null}},"48":{"start":{"line":252,"column":0},"end":{"line":252,"column":null}},"49":{"start":{"line":253,"column":0},"end":{"line":253,"column":null}},"50":{"start":{"line":254,"column":0},"end":{"line":254,"column":null}},"51":{"start":{"line":255,"column":0},"end":{"line":255,"column":null}},"52":{"start":{"line":256,"column":0},"end":{"line":256,"column":null}},"53":{"start":{"line":257,"column":0},"end":{"line":257,"column":null}},"54":{"start":{"line":258,"column":0},"end":{"line":258,"column":null}},"55":{"start":{"line":259,"column":0},"end":{"line":259,"column":null}},"56":{"start":{"line":260,"column":0},"end":{"line":260,"column":null}},"57":{"start":{"line":262,"column":0},"end":{"line":262,"column":null}},"58":{"start":{"line":263,"column":0},"end":{"line":263,"column":null}},"59":{"start":{"line":264,"column":0},"end":{"line":264,"column":null}},"60":{"start":{"line":265,"column":0},"end":{"line":265,"column":null}},"61":{"start":{"line":266,"column":0},"end":{"line":266,"column":null}},"62":{"start":{"line":268,"column":0},"end":{"line":268,"column":null}},"63":{"start":{"line":269,"column":0},"end":{"line":269,"column":null}},"64":{"start":{"line":270,"column":0},"end":{"line":270,"column":null}},"65":{"start":{"line":271,"column":0},"end":{"line":271,"column":null}},"66":{"start":{"line":273,"column":0},"end":{"line":275,"column":null}},"67":{"start":{"line":274,"column":0},"end":{"line":274,"column":null}},"68":{"start":{"line":277,"column":0},"end":{"line":303,"column":null}},"69":{"start":{"line":278,"column":0},"end":{"line":278,"column":null}},"70":{"start":{"line":278,"column":0},"end":{"line":282,"column":null}},"71":{"start":{"line":280,"column":0},"end":{"line":280,"column":null}},"72":{"start":{"line":281,"column":0},"end":{"line":281,"column":null}},"73":{"start":{"line":284,"column":0},"end":{"line":302,"column":null}},"74":{"start":{"line":285,"column":0},"end":{"line":298,"column":null}},"75":{"start":{"line":286,"column":0},"end":{"line":286,"column":null}},"76":{"start":{"line":290,"column":0},"end":{"line":290,"column":null}},"77":{"start":{"line":295,"column":0},"end":{"line":295,"column":null}},"78":{"start":{"line":296,"column":0},"end":{"line":296,"column":null}},"79":{"start":{"line":297,"column":0},"end":{"line":297,"column":null}},"80":{"start":{"line":300,"column":0},"end":{"line":300,"column":null}},"81":{"start":{"line":301,"column":0},"end":{"line":301,"column":null}},"82":{"start":{"line":305,"column":0},"end":{"line":305,"column":null}},"83":{"start":{"line":306,"column":0},"end":{"line":306,"column":null}},"84":{"start":{"line":309,"column":0},"end":{"line":309,"column":null}},"85":{"start":{"line":310,"column":0},"end":{"line":310,"column":null}},"86":{"start":{"line":311,"column":0},"end":{"line":311,"column":null}},"87":{"start":{"line":316,"column":0},"end":{"line":316,"column":null}},"88":{"start":{"line":317,"column":0},"end":{"line":317,"column":null}},"89":{"start":{"line":318,"column":0},"end":{"line":318,"column":null}},"90":{"start":{"line":324,"column":0},"end":{"line":324,"column":null}},"91":{"start":{"line":328,"column":0},"end":{"line":328,"column":null}},"92":{"start":{"line":333,"column":0},"end":{"line":333,"column":null}},"93":{"start":{"line":337,"column":0},"end":{"line":337,"column":null}},"94":{"start":{"line":340,"column":0},"end":{"line":340,"column":null}},"95":{"start":{"line":343,"column":0},"end":{"line":343,"column":null}},"96":{"start":{"line":346,"column":0},"end":{"line":346,"column":null}},"97":{"start":{"line":460,"column":0},"end":{"line":462,"column":null}},"98":{"start":{"line":461,"column":0},"end":{"line":461,"column":null}},"99":{"start":{"line":465,"column":0},"end":{"line":465,"column":null}},"100":{"start":{"line":466,"column":0},"end":{"line":466,"column":null}},"101":{"start":{"line":467,"column":0},"end":{"line":467,"column":null}},"102":{"start":{"line":468,"column":0},"end":{"line":468,"column":null}},"103":{"start":{"line":471,"column":0},"end":{"line":471,"column":null}},"104":{"start":{"line":476,"column":0},"end":{"line":476,"column":null}},"105":{"start":{"line":483,"column":0},"end":{"line":503,"column":null}},"106":{"start":{"line":499,"column":0},"end":{"line":499,"column":null}},"107":{"start":{"line":502,"column":0},"end":{"line":502,"column":null}},"108":{"start":{"line":506,"column":0},"end":{"line":506,"column":null}},"109":{"start":{"line":507,"column":0},"end":{"line":507,"column":null}},"110":{"start":{"line":508,"column":0},"end":{"line":508,"column":null}},"111":{"start":{"line":509,"column":0},"end":{"line":509,"column":null}},"112":{"start":{"line":510,"column":0},"end":{"line":510,"column":null}},"113":{"start":{"line":511,"column":0},"end":{"line":511,"column":null}},"114":{"start":{"line":514,"column":0},"end":{"line":514,"column":null}},"115":{"start":{"line":515,"column":0},"end":{"line":522,"column":null}},"116":{"start":{"line":516,"column":0},"end":{"line":521,"column":null}},"117":{"start":{"line":517,"column":0},"end":{"line":517,"column":null}},"118":{"start":{"line":518,"column":0},"end":{"line":518,"column":null}},"119":{"start":{"line":525,"column":0},"end":{"line":527,"column":null}},"120":{"start":{"line":526,"column":0},"end":{"line":526,"column":null}},"121":{"start":{"line":531,"column":0},"end":{"line":531,"column":null}},"122":{"start":{"line":534,"column":0},"end":{"line":534,"column":null}},"123":{"start":{"line":539,"column":0},"end":{"line":539,"column":null}},"124":{"start":{"line":540,"column":0},"end":{"line":540,"column":null}},"125":{"start":{"line":541,"column":0},"end":{"line":541,"column":null}},"126":{"start":{"line":542,"column":0},"end":{"line":561,"column":null}},"127":{"start":{"line":543,"column":0},"end":{"line":555,"column":null}},"128":{"start":{"line":544,"column":0},"end":{"line":552,"column":null}},"129":{"start":{"line":545,"column":0},"end":{"line":545,"column":null}},"130":{"start":{"line":551,"column":0},"end":{"line":551,"column":null}},"131":{"start":{"line":554,"column":0},"end":{"line":554,"column":null}},"132":{"start":{"line":556,"column":0},"end":{"line":560,"column":null}},"133":{"start":{"line":557,"column":0},"end":{"line":557,"column":null}},"134":{"start":{"line":559,"column":0},"end":{"line":559,"column":null}},"135":{"start":{"line":564,"column":0},"end":{"line":564,"column":null}},"136":{"start":{"line":569,"column":0},"end":{"line":569,"column":null}},"137":{"start":{"line":572,"column":0},"end":{"line":612,"column":null}},"138":{"start":{"line":573,"column":0},"end":{"line":573,"column":null}},"139":{"start":{"line":574,"column":0},"end":{"line":574,"column":null}},"140":{"start":{"line":575,"column":0},"end":{"line":575,"column":null}},"141":{"start":{"line":582,"column":0},"end":{"line":582,"column":null}},"142":{"start":{"line":586,"column":0},"end":{"line":586,"column":null}},"143":{"start":{"line":590,"column":0},"end":{"line":592,"column":null}},"144":{"start":{"line":591,"column":0},"end":{"line":591,"column":null}},"145":{"start":{"line":593,"column":0},"end":{"line":595,"column":null}},"146":{"start":{"line":594,"column":0},"end":{"line":594,"column":null}},"147":{"start":{"line":598,"column":0},"end":{"line":601,"column":null}},"148":{"start":{"line":599,"column":0},"end":{"line":599,"column":null}},"149":{"start":{"line":600,"column":0},"end":{"line":600,"column":null}},"150":{"start":{"line":603,"column":0},"end":{"line":603,"column":null}},"151":{"start":{"line":604,"column":0},"end":{"line":604,"column":null}},"152":{"start":{"line":606,"column":0},"end":{"line":608,"column":null}},"153":{"start":{"line":607,"column":0},"end":{"line":607,"column":null}},"154":{"start":{"line":609,"column":0},"end":{"line":611,"column":null}},"155":{"start":{"line":610,"column":0},"end":{"line":610,"column":null}},"156":{"start":{"line":616,"column":0},"end":{"line":640,"column":null}},"157":{"start":{"line":617,"column":0},"end":{"line":617,"column":null}},"158":{"start":{"line":621,"column":0},"end":{"line":635,"column":null}},"159":{"start":{"line":622,"column":0},"end":{"line":634,"column":null}},"160":{"start":{"line":623,"column":0},"end":{"line":631,"column":null}},"161":{"start":{"line":624,"column":0},"end":{"line":624,"column":null}},"162":{"start":{"line":625,"column":0},"end":{"line":625,"column":null}},"163":{"start":{"line":626,"column":0},"end":{"line":626,"column":null}},"164":{"start":{"line":627,"column":0},"end":{"line":627,"column":null}},"165":{"start":{"line":628,"column":0},"end":{"line":628,"column":null}},"166":{"start":{"line":630,"column":0},"end":{"line":630,"column":null}},"167":{"start":{"line":633,"column":0},"end":{"line":633,"column":null}},"168":{"start":{"line":636,"column":0},"end":{"line":636,"column":null}},"169":{"start":{"line":638,"column":0},"end":{"line":638,"column":null}},"170":{"start":{"line":639,"column":0},"end":{"line":639,"column":null}},"171":{"start":{"line":643,"column":0},"end":{"line":665,"column":null}},"172":{"start":{"line":654,"column":0},"end":{"line":654,"column":null}},"173":{"start":{"line":660,"column":0},"end":{"line":660,"column":null}},"174":{"start":{"line":664,"column":0},"end":{"line":664,"column":null}},"175":{"start":{"line":668,"column":0},"end":{"line":670,"column":null}},"176":{"start":{"line":669,"column":0},"end":{"line":669,"column":null}},"177":{"start":{"line":671,"column":0},"end":{"line":673,"column":null}},"178":{"start":{"line":672,"column":0},"end":{"line":672,"column":null}},"179":{"start":{"line":675,"column":0},"end":{"line":675,"column":null}},"180":{"start":{"line":676,"column":0},"end":{"line":676,"column":null}},"181":{"start":{"line":685,"column":0},"end":{"line":752,"column":null}},"182":{"start":{"line":686,"column":0},"end":{"line":751,"column":null}},"183":{"start":{"line":687,"column":0},"end":{"line":687,"column":null}},"184":{"start":{"line":690,"column":0},"end":{"line":690,"column":null}},"185":{"start":{"line":691,"column":0},"end":{"line":691,"column":null}},"186":{"start":{"line":693,"column":0},"end":{"line":701,"column":null}},"187":{"start":{"line":694,"column":0},"end":{"line":700,"column":null}},"188":{"start":{"line":698,"column":0},"end":{"line":698,"column":null}},"189":{"start":{"line":703,"column":0},"end":{"line":703,"column":null}},"190":{"start":{"line":704,"column":0},"end":{"line":704,"column":null}},"191":{"start":{"line":705,"column":0},"end":{"line":711,"column":null}},"192":{"start":{"line":706,"column":0},"end":{"line":706,"column":null}},"193":{"start":{"line":707,"column":0},"end":{"line":707,"column":null}},"194":{"start":{"line":708,"column":0},"end":{"line":708,"column":null}},"195":{"start":{"line":709,"column":0},"end":{"line":709,"column":null}},"196":{"start":{"line":712,"column":0},"end":{"line":712,"column":null}},"197":{"start":{"line":714,"column":0},"end":{"line":714,"column":null}},"198":{"start":{"line":717,"column":0},"end":{"line":717,"column":null}},"199":{"start":{"line":722,"column":0},"end":{"line":725,"column":null}},"200":{"start":{"line":724,"column":0},"end":{"line":724,"column":null}},"201":{"start":{"line":728,"column":0},"end":{"line":745,"column":null}},"202":{"start":{"line":733,"column":0},"end":{"line":733,"column":null}},"203":{"start":{"line":736,"column":0},"end":{"line":736,"column":null}},"204":{"start":{"line":739,"column":0},"end":{"line":739,"column":null}},"205":{"start":{"line":744,"column":0},"end":{"line":744,"column":null}},"206":{"start":{"line":747,"column":0},"end":{"line":747,"column":null}},"207":{"start":{"line":749,"column":0},"end":{"line":749,"column":null}},"208":{"start":{"line":750,"column":0},"end":{"line":750,"column":null}},"209":{"start":{"line":756,"column":0},"end":{"line":756,"column":null}},"210":{"start":{"line":759,"column":0},"end":{"line":791,"column":null}},"211":{"start":{"line":760,"column":0},"end":{"line":760,"column":null}},"212":{"start":{"line":761,"column":0},"end":{"line":761,"column":null}},"213":{"start":{"line":762,"column":0},"end":{"line":762,"column":null}},"214":{"start":{"line":763,"column":0},"end":{"line":763,"column":null}},"215":{"start":{"line":764,"column":0},"end":{"line":766,"column":null}},"216":{"start":{"line":765,"column":0},"end":{"line":765,"column":null}},"217":{"start":{"line":768,"column":0},"end":{"line":768,"column":null}},"218":{"start":{"line":770,"column":0},"end":{"line":770,"column":null}},"219":{"start":{"line":780,"column":0},"end":{"line":787,"column":null}},"220":{"start":{"line":781,"column":0},"end":{"line":781,"column":null}},"221":{"start":{"line":782,"column":0},"end":{"line":782,"column":null}},"222":{"start":{"line":789,"column":0},"end":{"line":789,"column":null}},"223":{"start":{"line":790,"column":0},"end":{"line":790,"column":null}},"224":{"start":{"line":792,"column":0},"end":{"line":844,"column":null}},"225":{"start":{"line":793,"column":0},"end":{"line":793,"column":null}},"226":{"start":{"line":794,"column":0},"end":{"line":794,"column":null}},"227":{"start":{"line":800,"column":0},"end":{"line":800,"column":null}},"228":{"start":{"line":802,"column":0},"end":{"line":842,"column":null}},"229":{"start":{"line":803,"column":0},"end":{"line":803,"column":null}},"230":{"start":{"line":805,"column":0},"end":{"line":805,"column":null}},"231":{"start":{"line":816,"column":0},"end":{"line":816,"column":null}},"232":{"start":{"line":818,"column":0},"end":{"line":818,"column":null}},"233":{"start":{"line":827,"column":0},"end":{"line":834,"column":null}},"234":{"start":{"line":828,"column":0},"end":{"line":828,"column":null}},"235":{"start":{"line":829,"column":0},"end":{"line":829,"column":null}},"236":{"start":{"line":836,"column":0},"end":{"line":836,"column":null}},"237":{"start":{"line":843,"column":0},"end":{"line":843,"column":null}},"238":{"start":{"line":846,"column":0},"end":{"line":846,"column":null}},"239":{"start":{"line":847,"column":0},"end":{"line":847,"column":null}},"240":{"start":{"line":854,"column":0},"end":{"line":854,"column":null}},"241":{"start":{"line":855,"column":0},"end":{"line":855,"column":null}},"242":{"start":{"line":860,"column":0},"end":{"line":860,"column":null}},"243":{"start":{"line":865,"column":0},"end":{"line":865,"column":null}},"244":{"start":{"line":866,"column":0},"end":{"line":866,"column":null}},"245":{"start":{"line":868,"column":0},"end":{"line":868,"column":null}},"246":{"start":{"line":873,"column":0},"end":{"line":873,"column":null}},"247":{"start":{"line":874,"column":0},"end":{"line":874,"column":null}},"248":{"start":{"line":876,"column":0},"end":{"line":876,"column":null}},"249":{"start":{"line":881,"column":0},"end":{"line":881,"column":null}},"250":{"start":{"line":882,"column":0},"end":{"line":882,"column":null}},"251":{"start":{"line":883,"column":0},"end":{"line":883,"column":null}},"252":{"start":{"line":886,"column":0},"end":{"line":886,"column":null}},"253":{"start":{"line":890,"column":0},"end":{"line":890,"column":null}},"254":{"start":{"line":896,"column":0},"end":{"line":896,"column":null}},"255":{"start":{"line":899,"column":0},"end":{"line":916,"column":null}},"256":{"start":{"line":900,"column":0},"end":{"line":900,"column":null}},"257":{"start":{"line":905,"column":0},"end":{"line":905,"column":null}},"258":{"start":{"line":918,"column":0},"end":{"line":918,"column":null}},"259":{"start":{"line":921,"column":0},"end":{"line":961,"column":null}},"260":{"start":{"line":923,"column":0},"end":{"line":923,"column":null}},"261":{"start":{"line":937,"column":0},"end":{"line":937,"column":null}},"262":{"start":{"line":939,"column":0},"end":{"line":939,"column":null}},"263":{"start":{"line":953,"column":0},"end":{"line":960,"column":null}},"264":{"start":{"line":954,"column":0},"end":{"line":954,"column":null}},"265":{"start":{"line":955,"column":0},"end":{"line":955,"column":null}}},"fnMap":{"0":{"name":"offsetMap","decl":{"start":{"line":146,"column":0},"end":{"line":146,"column":null}},"loc":{"start":{"line":146,"column":0},"end":{"line":199,"column":null}}},"1":{"name":"fromLatLngToPoint","decl":{"start":{"line":201,"column":0},"end":{"line":201,"column":null}},"loc":{"start":{"line":201,"column":0},"end":{"line":220,"column":null}}},"2":{"name":"(anonymous_3)","decl":{"start":{"line":222,"column":0},"end":{"line":222,"column":null}},"loc":{"start":{"line":222,"column":0},"end":{"line":230,"column":null}}},"3":{"name":"(anonymous_5)","decl":{"start":{"line":231,"column":0},"end":{"line":231,"column":null}},"loc":{"start":{"line":231,"column":0},"end":{"line":242,"column":null}}},"4":{"name":"addYourLocationButton","decl":{"start":{"line":245,"column":0},"end":{"line":245,"column":null}},"loc":{"start":{"line":245,"column":0},"end":{"line":307,"column":null}}},"5":{"name":"(anonymous_7)","decl":{"start":{"line":273,"column":0},"end":{"line":273,"column":null}},"loc":{"start":{"line":273,"column":0},"end":{"line":275,"column":null}}},"6":{"name":"(anonymous_8)","decl":{"start":{"line":277,"column":0},"end":{"line":277,"column":null}},"loc":{"start":{"line":277,"column":0},"end":{"line":303,"column":null}}},"7":{"name":"(anonymous_9)","decl":{"start":{"line":278,"column":0},"end":{"line":278,"column":null}},"loc":{"start":{"line":278,"column":0},"end":{"line":282,"column":null}}},"8":{"name":"(anonymous_10)","decl":{"start":{"line":285,"column":0},"end":{"line":285,"column":null}},"loc":{"start":{"line":285,"column":0},"end":{"line":298,"column":null}}},"9":{"name":"(anonymous_11)","decl":{"start":{"line":323,"column":0},"end":{"line":323,"column":null}},"loc":{"start":{"line":323,"column":0},"end":{"line":325,"column":null}}},"10":{"name":"(anonymous_12)","decl":{"start":{"line":326,"column":0},"end":{"line":326,"column":null}},"loc":{"start":{"line":326,"column":0},"end":{"line":331,"column":null}}},"11":{"name":"(anonymous_13)","decl":{"start":{"line":332,"column":0},"end":{"line":332,"column":null}},"loc":{"start":{"line":332,"column":0},"end":{"line":334,"column":null}}},"12":{"name":"(anonymous_14)","decl":{"start":{"line":336,"column":0},"end":{"line":336,"column":null}},"loc":{"start":{"line":336,"column":0},"end":{"line":338,"column":null}}},"13":{"name":"(anonymous_15)","decl":{"start":{"line":339,"column":0},"end":{"line":339,"column":null}},"loc":{"start":{"line":339,"column":0},"end":{"line":341,"column":null}}},"14":{"name":"(anonymous_16)","decl":{"start":{"line":342,"column":0},"end":{"line":342,"column":null}},"loc":{"start":{"line":342,"column":0},"end":{"line":344,"column":null}}},"15":{"name":"(anonymous_17)","decl":{"start":{"line":346,"column":0},"end":{"line":346,"column":null}},"loc":{"start":{"line":346,"column":0},"end":{"line":346,"column":null}}},"16":{"name":"(anonymous_18)","decl":{"start":{"line":459,"column":0},"end":{"line":459,"column":null}},"loc":{"start":{"line":459,"column":0},"end":{"line":463,"column":null}}},"17":{"name":"(anonymous_19)","decl":{"start":{"line":464,"column":0},"end":{"line":464,"column":null}},"loc":{"start":{"line":464,"column":0},"end":{"line":469,"column":null}}},"18":{"name":"(anonymous_20)","decl":{"start":{"line":470,"column":0},"end":{"line":470,"column":null}},"loc":{"start":{"line":470,"column":0},"end":{"line":474,"column":null}}},"19":{"name":"(anonymous_21)","decl":{"start":{"line":475,"column":0},"end":{"line":475,"column":null}},"loc":{"start":{"line":475,"column":0},"end":{"line":479,"column":null}}},"20":{"name":"(anonymous_22)","decl":{"start":{"line":482,"column":0},"end":{"line":482,"column":null}},"loc":{"start":{"line":482,"column":0},"end":{"line":504,"column":null}}},"21":{"name":"(anonymous_23)","decl":{"start":{"line":487,"column":0},"end":{"line":487,"column":null}},"loc":{"start":{"line":487,"column":0},"end":{"line":500,"column":null}}},"22":{"name":"(anonymous_24)","decl":{"start":{"line":500,"column":0},"end":{"line":500,"column":null}},"loc":{"start":{"line":500,"column":0},"end":{"line":503,"column":null}}},"23":{"name":"(anonymous_25)","decl":{"start":{"line":505,"column":0},"end":{"line":505,"column":null}},"loc":{"start":{"line":505,"column":0},"end":{"line":512,"column":null}}},"24":{"name":"(anonymous_26)","decl":{"start":{"line":513,"column":0},"end":{"line":513,"column":null}},"loc":{"start":{"line":513,"column":0},"end":{"line":523,"column":null}}},"25":{"name":"(anonymous_27)","decl":{"start":{"line":524,"column":0},"end":{"line":524,"column":null}},"loc":{"start":{"line":524,"column":0},"end":{"line":528,"column":null}}},"26":{"name":"(anonymous_28)","decl":{"start":{"line":530,"column":0},"end":{"line":530,"column":null}},"loc":{"start":{"line":530,"column":0},"end":{"line":567,"column":null}}},"27":{"name":"(anonymous_29)","decl":{"start":{"line":532,"column":0},"end":{"line":532,"column":null}},"loc":{"start":{"line":532,"column":0},"end":{"line":562,"column":null}}},"28":{"name":"(anonymous_30)","decl":{"start":{"line":542,"column":0},"end":{"line":542,"column":null}},"loc":{"start":{"line":542,"column":0},"end":{"line":561,"column":null}}},"29":{"name":"(anonymous_31)","decl":{"start":{"line":563,"column":0},"end":{"line":563,"column":null}},"loc":{"start":{"line":563,"column":0},"end":{"line":565,"column":null}}},"30":{"name":"(anonymous_32)","decl":{"start":{"line":568,"column":0},"end":{"line":568,"column":null}},"loc":{"start":{"line":568,"column":0},"end":{"line":570,"column":null}}},"31":{"name":"(anonymous_33)","decl":{"start":{"line":571,"column":0},"end":{"line":571,"column":null}},"loc":{"start":{"line":571,"column":0},"end":{"line":613,"column":null}}},"32":{"name":"(anonymous_34)","decl":{"start":{"line":590,"column":0},"end":{"line":590,"column":null}},"loc":{"start":{"line":590,"column":0},"end":{"line":592,"column":null}}},"33":{"name":"(anonymous_35)","decl":{"start":{"line":593,"column":0},"end":{"line":593,"column":null}},"loc":{"start":{"line":593,"column":0},"end":{"line":595,"column":null}}},"34":{"name":"(anonymous_36)","decl":{"start":{"line":598,"column":0},"end":{"line":598,"column":null}},"loc":{"start":{"line":598,"column":0},"end":{"line":601,"column":null}}},"35":{"name":"(anonymous_37)","decl":{"start":{"line":606,"column":0},"end":{"line":606,"column":null}},"loc":{"start":{"line":606,"column":0},"end":{"line":608,"column":null}}},"36":{"name":"(anonymous_38)","decl":{"start":{"line":609,"column":0},"end":{"line":609,"column":null}},"loc":{"start":{"line":609,"column":0},"end":{"line":611,"column":null}}},"37":{"name":"(anonymous_39)","decl":{"start":{"line":615,"column":0},"end":{"line":615,"column":null}},"loc":{"start":{"line":615,"column":0},"end":{"line":641,"column":null}}},"38":{"name":"(anonymous_40)","decl":{"start":{"line":621,"column":0},"end":{"line":621,"column":null}},"loc":{"start":{"line":621,"column":0},"end":{"line":635,"column":null}}},"39":{"name":"(anonymous_41)","decl":{"start":{"line":642,"column":0},"end":{"line":642,"column":null}},"loc":{"start":{"line":642,"column":0},"end":{"line":666,"column":null}}},"40":{"name":"(anonymous_42)","decl":{"start":{"line":644,"column":0},"end":{"line":644,"column":null}},"loc":{"start":{"line":644,"column":0},"end":{"line":662,"column":null}}},"41":{"name":"(anonymous_43)","decl":{"start":{"line":662,"column":0},"end":{"line":662,"column":null}},"loc":{"start":{"line":662,"column":0},"end":{"line":665,"column":null}}},"42":{"name":"(anonymous_44)","decl":{"start":{"line":667,"column":0},"end":{"line":667,"column":null}},"loc":{"start":{"line":667,"column":0},"end":{"line":753,"column":null}}},"43":{"name":"(anonymous_45)","decl":{"start":{"line":685,"column":0},"end":{"line":685,"column":null}},"loc":{"start":{"line":685,"column":0},"end":{"line":752,"column":null}}},"44":{"name":"(anonymous_46)","decl":{"start":{"line":705,"column":0},"end":{"line":705,"column":null}},"loc":{"start":{"line":705,"column":0},"end":{"line":711,"column":null}}},"45":{"name":"(anonymous_47)","decl":{"start":{"line":722,"column":0},"end":{"line":722,"column":null}},"loc":{"start":{"line":722,"column":0},"end":{"line":725,"column":null}}},"46":{"name":"(anonymous_48)","decl":{"start":{"line":728,"column":0},"end":{"line":728,"column":null}},"loc":{"start":{"line":728,"column":0},"end":{"line":745,"column":null}}},"47":{"name":"(anonymous_49)","decl":{"start":{"line":755,"column":0},"end":{"line":755,"column":null}},"loc":{"start":{"line":755,"column":0},"end":{"line":848,"column":null}}},"48":{"name":"(anonymous_50)","decl":{"start":{"line":759,"column":0},"end":{"line":759,"column":null}},"loc":{"start":{"line":759,"column":0},"end":{"line":791,"column":null}}},"49":{"name":"(anonymous_51)","decl":{"start":{"line":780,"column":0},"end":{"line":780,"column":null}},"loc":{"start":{"line":780,"column":0},"end":{"line":787,"column":null}}},"50":{"name":"(anonymous_52)","decl":{"start":{"line":792,"column":0},"end":{"line":792,"column":null}},"loc":{"start":{"line":792,"column":0},"end":{"line":844,"column":null}}},"51":{"name":"(anonymous_53)","decl":{"start":{"line":827,"column":0},"end":{"line":827,"column":null}},"loc":{"start":{"line":827,"column":0},"end":{"line":834,"column":null}}},"52":{"name":"(anonymous_54)","decl":{"start":{"line":849,"column":0},"end":{"line":849,"column":null}},"loc":{"start":{"line":849,"column":0},"end":{"line":849,"column":null}}},"53":{"name":"initMap","decl":{"start":{"line":859,"column":0},"end":{"line":859,"column":null}},"loc":{"start":{"line":859,"column":0},"end":{"line":962,"column":null}}},"54":{"name":"(anonymous_56)","decl":{"start":{"line":875,"column":0},"end":{"line":875,"column":null}},"loc":{"start":{"line":875,"column":0},"end":{"line":884,"column":null}}},"55":{"name":"(anonymous_57)","decl":{"start":{"line":885,"column":0},"end":{"line":885,"column":null}},"loc":{"start":{"line":885,"column":0},"end":{"line":887,"column":null}}},"56":{"name":"(anonymous_58)","decl":{"start":{"line":953,"column":0},"end":{"line":953,"column":null}},"loc":{"start":{"line":953,"column":0},"end":{"line":960,"column":null}}}},"branchMap":{"0":{"loc":{"start":{"line":147,"column":0},"end":{"line":198,"column":null}},"type":"if","locations":[{"start":{"line":147,"column":0},"end":{"line":198,"column":null}},{"start":{"line":147,"column":0},"end":{"line":198,"column":null}}]},"1":{"loc":{"start":{"line":176,"column":0},"end":{"line":197,"column":null}},"type":"if","locations":[{"start":{"line":176,"column":0},"end":{"line":197,"column":null}},{"start":{"line":176,"column":0},"end":{"line":197,"column":null}}]},"2":{"loc":{"start":{"line":177,"column":0},"end":{"line":196,"column":null}},"type":"if","locations":[{"start":{"line":177,"column":0},"end":{"line":196,"column":null}},{"start":{"line":177,"column":0},"end":{"line":196,"column":null}}]},"3":{"loc":{"start":{"line":186,"column":0},"end":{"line":190,"column":null}},"type":"if","locations":[{"start":{"line":186,"column":0},"end":{"line":190,"column":null}},{"start":{"line":186,"column":0},"end":{"line":190,"column":null}}]},"4":{"loc":{"start":{"line":222,"column":0},"end":{"line":222,"column":null}},"type":"default-arg","locations":[{"start":{"line":222,"column":0},"end":{"line":222,"column":null}}]},"5":{"loc":{"start":{"line":233,"column":0},"end":{"line":234,"column":null}},"type":"switch","locations":[{"start":{"line":233,"column":0},"end":{"line":234,"column":null}},{"start":{"line":235,"column":0},"end":{"line":236,"column":null}},{"start":{"line":237,"column":0},"end":{"line":238,"column":null}},{"start":{"line":239,"column":0},"end":{"line":240,"column":null}}]},"6":{"loc":{"start":{"line":284,"column":0},"end":{"line":302,"column":null}},"type":"if","locations":[{"start":{"line":284,"column":0},"end":{"line":302,"column":null}},{"start":{"line":284,"column":0},"end":{"line":302,"column":null}}]},"7":{"loc":{"start":{"line":311,"column":0},"end":{"line":311,"column":null}},"type":"binary-expr","locations":[{"start":{"line":311,"column":0},"end":{"line":311,"column":null}},{"start":{"line":311,"column":0},"end":{"line":311,"column":null}}]},"8":{"loc":{"start":{"line":328,"column":0},"end":{"line":328,"column":null}},"type":"binary-expr","locations":[{"start":{"line":328,"column":0},"end":{"line":328,"column":null}},{"start":{"line":328,"column":0},"end":{"line":328,"column":null}}]},"9":{"loc":{"start":{"line":460,"column":0},"end":{"line":462,"column":null}},"type":"if","locations":[{"start":{"line":460,"column":0},"end":{"line":462,"column":null}},{"start":{"line":460,"column":0},"end":{"line":462,"column":null}}]},"10":{"loc":{"start":{"line":516,"column":0},"end":{"line":521,"column":null}},"type":"if","locations":[{"start":{"line":516,"column":0},"end":{"line":521,"column":null}},{"start":{"line":516,"column":0},"end":{"line":521,"column":null}}]},"11":{"loc":{"start":{"line":525,"column":0},"end":{"line":527,"column":null}},"type":"if","locations":[{"start":{"line":525,"column":0},"end":{"line":527,"column":null}},{"start":{"line":525,"column":0},"end":{"line":527,"column":null}}]},"12":{"loc":{"start":{"line":543,"column":0},"end":{"line":555,"column":null}},"type":"if","locations":[{"start":{"line":543,"column":0},"end":{"line":555,"column":null}},{"start":{"line":543,"column":0},"end":{"line":555,"column":null}}]},"13":{"loc":{"start":{"line":544,"column":0},"end":{"line":552,"column":null}},"type":"if","locations":[{"start":{"line":544,"column":0},"end":{"line":552,"column":null}},{"start":{"line":544,"column":0},"end":{"line":552,"column":null}}]},"14":{"loc":{"start":{"line":556,"column":0},"end":{"line":560,"column":null}},"type":"if","locations":[{"start":{"line":556,"column":0},"end":{"line":560,"column":null}},{"start":{"line":556,"column":0},"end":{"line":560,"column":null}}]},"15":{"loc":{"start":{"line":572,"column":0},"end":{"line":612,"column":null}},"type":"if","locations":[{"start":{"line":572,"column":0},"end":{"line":612,"column":null}},{"start":{"line":572,"column":0},"end":{"line":612,"column":null}}]},"16":{"loc":{"start":{"line":616,"column":0},"end":{"line":640,"column":null}},"type":"if","locations":[{"start":{"line":616,"column":0},"end":{"line":640,"column":null}},{"start":{"line":616,"column":0},"end":{"line":640,"column":null}}]},"17":{"loc":{"start":{"line":622,"column":0},"end":{"line":634,"column":null}},"type":"if","locations":[{"start":{"line":622,"column":0},"end":{"line":634,"column":null}},{"start":{"line":622,"column":0},"end":{"line":634,"column":null}}]},"18":{"loc":{"start":{"line":623,"column":0},"end":{"line":631,"column":null}},"type":"if","locations":[{"start":{"line":623,"column":0},"end":{"line":631,"column":null}},{"start":{"line":623,"column":0},"end":{"line":631,"column":null}}]},"19":{"loc":{"start":{"line":668,"column":0},"end":{"line":670,"column":null}},"type":"if","locations":[{"start":{"line":668,"column":0},"end":{"line":670,"column":null}},{"start":{"line":668,"column":0},"end":{"line":670,"column":null}}]},"20":{"loc":{"start":{"line":671,"column":0},"end":{"line":673,"column":null}},"type":"if","locations":[{"start":{"line":671,"column":0},"end":{"line":673,"column":null}},{"start":{"line":671,"column":0},"end":{"line":673,"column":null}}]},"21":{"loc":{"start":{"line":686,"column":0},"end":{"line":751,"column":null}},"type":"if","locations":[{"start":{"line":686,"column":0},"end":{"line":751,"column":null}},{"start":{"line":686,"column":0},"end":{"line":751,"column":null}}]},"22":{"loc":{"start":{"line":694,"column":0},"end":{"line":700,"column":null}},"type":"if","locations":[{"start":{"line":694,"column":0},"end":{"line":700,"column":null}},{"start":{"line":694,"column":0},"end":{"line":700,"column":null}}]},"23":{"loc":{"start":{"line":694,"column":0},"end":{"line":694,"column":null}},"type":"binary-expr","locations":[{"start":{"line":694,"column":0},"end":{"line":694,"column":null}},{"start":{"line":694,"column":0},"end":{"line":694,"column":null}}]},"24":{"loc":{"start":{"line":764,"column":0},"end":{"line":766,"column":null}},"type":"if","locations":[{"start":{"line":764,"column":0},"end":{"line":766,"column":null}},{"start":{"line":764,"column":0},"end":{"line":766,"column":null}}]}},"s":{"0":0,"1":0,"2":0,"3":0,"4":0,"5":0,"6":0,"7":0,"8":0,"9":0,"10":0,"11":0,"12":0,"13":0,"14":0,"15":0,"16":0,"17":0,"18":0,"19":0,"20":0,"21":0,"22":0,"23":0,"24":0,"25":0,"26":0,"27":0,"28":0,"29":0,"30":0,"31":0,"32":0,"33":0,"34":0,"35":0,"36":0,"37":0,"38":0,"39":0,"40":0,"41":0,"42":0,"43":0,"44":0,"45":0,"46":0,"47":0,"48":0,"49":0,"50":0,"51":0,"52":0,"53":0,"54":0,"55":0,"56":0,"57":0,"58":0,"59":0,"60":0,"61":0,"62":0,"63":0,"64":0,"65":0,"66":0,"67":0,"68":0,"69":0,"70":0,"71":0,"72":0,"73":0,"74":0,"75":0,"76":0,"77":0,"78":0,"79":0,"80":0,"81":0,"82":0,"83":0,"84":0,"85":0,"86":0,"87":0,"88":0,"89":0,"90":0,"91":0,"92":0,"93":0,"94":0,"95":0,"96":0,"97":0,"98":0,"99":0,"100":0,"101":0,"102":0,"103":0,"104":0,"105":0,"106":0,"107":0,"108":0,"109":0,"110":0,"111":0,"112":0,"113":0,"114":0,"115":0,"116":0,"117":0,"118":0,"119":0,"120":0,"121":0,"122":0,"123":0,"124":0,"125":0,"126":0,"127":0,"128":0,"129":0,"130":0,"131":0,"132":0,"133":0,"134":0,"135":0,"136":0,"137":0,"138":0,"139":0,"140":0,"141":0,"142":0,"143":0,"144":0,"145":0,"146":0,"147":0,"148":0,"149":0,"150":0,"151":0,"152":0,"153":0,"154":0,"155":0,"156":0,"157":0,"158":0,"159":0,"160":0,"161":0,"162":0,"163":0,"164":0,"165":0,"166":0,"167":0,"168":0,"169":0,"170":0,"171":0,"172":0,"173":0,"174":0,"175":0,"176":0,"177":0,"178":0,"179":0,"180":0,"181":0,"182":0,"183":0,"184":0,"185":0,"186":0,"187":0,"188":0,"189":0,"190":0,"191":0,"192":0,"193":0,"194":0,"195":0,"196":0,"197":0,"198":0,"199":0,"200":0,"201":0,"202":0,"203":0,"204":0,"205":0,"206":0,"207":0,"208":0,"209":0,"210":0,"211":0,"212":0,"213":0,"214":0,"215":0,"216":0,"217":0,"218":0,"219":0,"220":0,"221":0,"222":0,"223":0,"224":0,"225":0,"226":0,"227":0,"228":0,"229":0,"230":0,"231":0,"232":0,"233":0,"234":0,"235":0,"236":0,"237":0,"238":0,"239":0,"240":0,"241":0,"242":0,"243":0,"244":0,"245":0,"246":0,"247":0,"248":0,"249":0,"250":0,"251":0,"252":0,"253":0,"254":0,"255":0,"256":0,"257":0,"258":0,"259":0,"260":0,"261":0,"262":0,"263":0,"264":0,"265":0},"f":{"0":0,"1":0,"2":0,"3":0,"4":0,"5":0,"6":0,"7":0,"8":0,"9":0,"10":0,"11":0,"12":0,"13":0,"14":0,"15":0,"16":0,"17":0,"18":0,"19":0,"20":0,"21":0,"22":0,"23":0,"24":0,"25":0,"26":0,"27":0,"28":0,"29":0,"30":0,"31":0,"32":0,"33":0,"34":0,"35":0,"36":0,"37":0,"38":0,"39":0,"40":0,"41":0,"42":0,"43":0,"44":0,"45":0,"46":0,"47":0,"48":0,"49":0,"50":0,"51":0,"52":0,"53":0,"54":0,"55":0,"56":0},"b":{"0":[0,0],"1":[0,0],"2":[0,0],"3":[0,0],"4":[0],"5":[0,0,0,0],"6":[0,0],"7":[0,0],"8":[0,0],"9":[0,0],"10":[0,0],"11":[0,0],"12":[0,0],"13":[0,0],"14":[0,0],"15":[0,0],"16":[0,0],"17":[0,0],"18":[0,0],"19":[0,0],"20":[0,0],"21":[0,0],"22":[0,0],"23":[0,0],"24":[0,0]}}
,"C:\\Users\\manni\\Documents\\ComputerScience\\College\\Summer Project\\github\\frontend\\src\\components\\BusStopSearch.vue": {"path":"C:\\Users\\manni\\Documents\\ComputerScience\\College\\Summer Project\\github\\frontend\\src\\components\\BusStopSearch.vue","statementMap":{"0":{"start":{"line":91,"column":0},"end":{"line":91,"column":null}},"1":{"start":{"line":92,"column":0},"end":{"line":92,"column":null}},"2":{"start":{"line":96,"column":0},"end":{"line":96,"column":null}},"3":{"start":{"line":118,"column":0},"end":{"line":118,"column":null}},"4":{"start":{"line":126,"column":0},"end":{"line":126,"column":null}},"5":{"start":{"line":129,"column":0},"end":{"line":144,"column":null}},"6":{"start":{"line":140,"column":0},"end":{"line":140,"column":null}},"7":{"start":{"line":143,"column":0},"end":{"line":143,"column":null}},"8":{"start":{"line":147,"column":0},"end":{"line":147,"column":null}},"9":{"start":{"line":148,"column":0},"end":{"line":148,"column":null}},"10":{"start":{"line":151,"column":0},"end":{"line":151,"column":null}},"11":{"start":{"line":153,"column":0},"end":{"line":153,"column":null}},"12":{"start":{"line":155,"column":0},"end":{"line":163,"column":null}},"13":{"start":{"line":158,"column":0},"end":{"line":158,"column":null}},"14":{"start":{"line":159,"column":0},"end":{"line":159,"column":null}},"15":{"start":{"line":162,"column":0},"end":{"line":162,"column":null}},"16":{"start":{"line":164,"column":0},"end":{"line":164,"column":null}},"17":{"start":{"line":169,"column":0},"end":{"line":169,"column":null}},"18":{"start":{"line":171,"column":0},"end":{"line":176,"column":null}},"19":{"start":{"line":172,"column":0},"end":{"line":172,"column":null}},"20":{"start":{"line":179,"column":0},"end":{"line":186,"column":null}},"21":{"start":{"line":180,"column":0},"end":{"line":180,"column":null}},"22":{"start":{"line":184,"column":0},"end":{"line":184,"column":null}},"23":{"start":{"line":185,"column":0},"end":{"line":185,"column":null}},"24":{"start":{"line":192,"column":0},"end":{"line":192,"column":null}},"25":{"start":{"line":193,"column":0},"end":{"line":193,"column":null}},"26":{"start":{"line":194,"column":0},"end":{"line":194,"column":null}}},"fnMap":{"0":{"name":"(anonymous_1)","decl":{"start":{"line":96,"column":0},"end":{"line":96,"column":null}},"loc":{"start":{"line":96,"column":0},"end":{"line":96,"column":null}}},"1":{"name":"(anonymous_2)","decl":{"start":{"line":117,"column":0},"end":{"line":117,"column":null}},"loc":{"start":{"line":117,"column":0},"end":{"line":124,"column":null}}},"2":{"name":"(anonymous_3)","decl":{"start":{"line":125,"column":0},"end":{"line":125,"column":null}},"loc":{"start":{"line":125,"column":0},"end":{"line":127,"column":null}}},"3":{"name":"(anonymous_4)","decl":{"start":{"line":128,"column":0},"end":{"line":128,"column":null}},"loc":{"start":{"line":128,"column":0},"end":{"line":145,"column":null}}},"4":{"name":"(anonymous_5)","decl":{"start":{"line":133,"column":0},"end":{"line":133,"column":null}},"loc":{"start":{"line":133,"column":0},"end":{"line":141,"column":null}}},"5":{"name":"(anonymous_6)","decl":{"start":{"line":141,"column":0},"end":{"line":141,"column":null}},"loc":{"start":{"line":141,"column":0},"end":{"line":144,"column":null}}},"6":{"name":"(anonymous_7)","decl":{"start":{"line":146,"column":0},"end":{"line":146,"column":null}},"loc":{"start":{"line":146,"column":0},"end":{"line":165,"column":null}}},"7":{"name":"(anonymous_8)","decl":{"start":{"line":155,"column":0},"end":{"line":155,"column":null}},"loc":{"start":{"line":155,"column":0},"end":{"line":160,"column":null}}},"8":{"name":"(anonymous_9)","decl":{"start":{"line":160,"column":0},"end":{"line":160,"column":null}},"loc":{"start":{"line":160,"column":0},"end":{"line":163,"column":null}}},"9":{"name":"(anonymous_10)","decl":{"start":{"line":168,"column":0},"end":{"line":168,"column":null}},"loc":{"start":{"line":168,"column":0},"end":{"line":177,"column":null}}},"10":{"name":"(anonymous_11)","decl":{"start":{"line":171,"column":0},"end":{"line":171,"column":null}},"loc":{"start":{"line":171,"column":0},"end":{"line":176,"column":null}}},"11":{"name":"(anonymous_12)","decl":{"start":{"line":178,"column":0},"end":{"line":178,"column":null}},"loc":{"start":{"line":178,"column":0},"end":{"line":187,"column":null}}},"12":{"name":"(anonymous_13)","decl":{"start":{"line":179,"column":0},"end":{"line":179,"column":null}},"loc":{"start":{"line":179,"column":0},"end":{"line":186,"column":null}}},"13":{"name":"(anonymous_14)","decl":{"start":{"line":191,"column":0},"end":{"line":191,"column":null}},"loc":{"start":{"line":191,"column":0},"end":{"line":195,"column":null}}}},"branchMap":{"0":{"loc":{"start":{"line":169,"column":0},"end":{"line":169,"column":null}},"type":"if","locations":[{"start":{"line":169,"column":0},"end":{"line":169,"column":null}},{"start":{"line":169,"column":0},"end":{"line":169,"column":null}}]},"1":{"loc":{"start":{"line":174,"column":0},"end":{"line":174,"column":null}},"type":"binary-expr","locations":[{"start":{"line":174,"column":0},"end":{"line":174,"column":null}},{"start":{"line":174,"column":0},"end":{"line":174,"column":null}}]},"2":{"loc":{"start":{"line":180,"column":0},"end":{"line":180,"column":null}},"type":"cond-expr","locations":[{"start":{"line":180,"column":0},"end":{"line":180,"column":null}},{"start":{"line":180,"column":0},"end":{"line":180,"column":null}}]},"3":{"loc":{"start":{"line":192,"column":0},"end":{"line":192,"column":null}},"type":"if","locations":[{"start":{"line":192,"column":0},"end":{"line":192,"column":null}},{"start":{"line":192,"column":0},"end":{"line":192,"column":null}}]}},"s":{"0":0,"1":0,"2":0,"3":0,"4":0,"5":0,"6":0,"7":0,"8":0,"9":0,"10":0,"11":0,"12":0,"13":0,"14":0,"15":0,"16":0,"17":0,"18":0,"19":0,"20":0,"21":0,"22":0,"23":0,"24":0,"25":0,"26":0},"f":{"0":0,"1":0,"2":0,"3":0,"4":0,"5":0,"6":0,"7":0,"8":0,"9":0,"10":0,"11":0,"12":0,"13":0},"b":{"0":[0,0],"1":[0,0],"2":[0,0],"3":[0,0]}}
,"C:\\Users\\manni\\Documents\\ComputerScience\\College\\Summer Project\\github\\frontend\\src\\components\\EventBus.js": {"path":"C:\\Users\\manni\\Documents\\ComputerScience\\College\\Summer Project\\github\\frontend\\src\\components\\EventBus.js","statementMap":{"0":{"start":{"line":2,"column":24},"end":{"line":2,"column":33}}},"fnMap":{},"branchMap":{},"s":{"0":0},"f":{},"b":{},"hash":"d20b8eb7daa500957fb3b2d10dd47ae999bfacc5"}
,"C:\\Users\\manni\\Documents\\ComputerScience\\College\\Summer Project\\github\\frontend\\src\\components\\Favourite.vue": {"path":"C:\\Users\\manni\\Documents\\ComputerScience\\College\\Summer Project\\github\\frontend\\src\\components\\Favourite.vue","statementMap":{"0":{"start":{"line":127,"column":0},"end":{"line":127,"column":null}},"1":{"start":{"line":125,"column":0},"end":{"line":125,"column":null}},"2":{"start":{"line":130,"column":0},"end":{"line":130,"column":null}},"3":{"start":{"line":138,"column":0},"end":{"line":138,"column":null}},"4":{"start":{"line":139,"column":0},"end":{"line":140,"column":null}},"5":{"start":{"line":150,"column":0},"end":{"line":150,"column":null}},"6":{"start":{"line":151,"column":0},"end":{"line":152,"column":null}},"7":{"start":{"line":161,"column":0},"end":{"line":162,"column":null}},"8":{"start":{"line":172,"column":0},"end":{"line":172,"column":null}},"9":{"start":{"line":173,"column":0},"end":{"line":173,"column":null}},"10":{"start":{"line":174,"column":0},"end":{"line":174,"column":null}},"11":{"start":{"line":178,"column":0},"end":{"line":178,"column":null}},"12":{"start":{"line":179,"column":0},"end":{"line":233,"column":null}},"13":{"start":{"line":180,"column":0},"end":{"line":196,"column":null}},"14":{"start":{"line":191,"column":0},"end":{"line":191,"column":null}},"15":{"start":{"line":192,"column":0},"end":{"line":192,"column":null}},"16":{"start":{"line":195,"column":0},"end":{"line":195,"column":null}},"17":{"start":{"line":197,"column":0},"end":{"line":233,"column":null}},"18":{"start":{"line":198,"column":0},"end":{"line":214,"column":null}},"19":{"start":{"line":209,"column":0},"end":{"line":209,"column":null}},"20":{"start":{"line":210,"column":0},"end":{"line":210,"column":null}},"21":{"start":{"line":213,"column":0},"end":{"line":213,"column":null}},"22":{"start":{"line":215,"column":0},"end":{"line":233,"column":null}},"23":{"start":{"line":216,"column":0},"end":{"line":232,"column":null}},"24":{"start":{"line":227,"column":0},"end":{"line":227,"column":null}},"25":{"start":{"line":228,"column":0},"end":{"line":228,"column":null}},"26":{"start":{"line":231,"column":0},"end":{"line":231,"column":null}},"27":{"start":{"line":236,"column":0},"end":{"line":236,"column":null}},"28":{"start":{"line":239,"column":0},"end":{"line":239,"column":null}},"29":{"start":{"line":244,"column":0},"end":{"line":244,"column":null}},"30":{"start":{"line":245,"column":0},"end":{"line":245,"column":null}},"31":{"start":{"line":253,"column":0},"end":{"line":269,"column":null}},"32":{"start":{"line":264,"column":0},"end":{"line":264,"column":null}},"33":{"start":{"line":265,"column":0},"end":{"line":265,"column":null}},"34":{"start":{"line":268,"column":0},"end":{"line":268,"column":null}},"35":{"start":{"line":272,"column":0},"end":{"line":288,"column":null}},"36":{"start":{"line":283,"column":0},"end":{"line":283,"column":null}},"37":{"start":{"line":284,"column":0},"end":{"line":284,"column":null}},"38":{"start":{"line":287,"column":0},"end":{"line":287,"column":null}},"39":{"start":{"line":292,"column":0},"end":{"line":308,"column":null}},"40":{"start":{"line":303,"column":0},"end":{"line":303,"column":null}},"41":{"start":{"line":304,"column":0},"end":{"line":304,"column":null}},"42":{"start":{"line":307,"column":0},"end":{"line":307,"column":null}}},"fnMap":{"0":{"name":"(anonymous_1)","decl":{"start":{"line":130,"column":0},"end":{"line":130,"column":null}},"loc":{"start":{"line":130,"column":0},"end":{"line":130,"column":null}}},"1":{"name":"(anonymous_2)","decl":{"start":{"line":137,"column":0},"end":{"line":137,"column":null}},"loc":{"start":{"line":137,"column":0},"end":{"line":147,"column":null}}},"2":{"name":"(anonymous_3)","decl":{"start":{"line":149,"column":0},"end":{"line":149,"column":null}},"loc":{"start":{"line":149,"column":0},"end":{"line":159,"column":null}}},"3":{"name":"(anonymous_4)","decl":{"start":{"line":160,"column":0},"end":{"line":160,"column":null}},"loc":{"start":{"line":160,"column":0},"end":{"line":169,"column":null}}},"4":{"name":"(anonymous_5)","decl":{"start":{"line":171,"column":0},"end":{"line":171,"column":null}},"loc":{"start":{"line":171,"column":0},"end":{"line":175,"column":null}}},"5":{"name":"(anonymous_6)","decl":{"start":{"line":177,"column":0},"end":{"line":177,"column":null}},"loc":{"start":{"line":177,"column":0},"end":{"line":234,"column":null}}},"6":{"name":"(anonymous_7)","decl":{"start":{"line":184,"column":0},"end":{"line":184,"column":null}},"loc":{"start":{"line":184,"column":0},"end":{"line":193,"column":null}}},"7":{"name":"(anonymous_8)","decl":{"start":{"line":193,"column":0},"end":{"line":193,"column":null}},"loc":{"start":{"line":193,"column":0},"end":{"line":196,"column":null}}},"8":{"name":"(anonymous_9)","decl":{"start":{"line":202,"column":0},"end":{"line":202,"column":null}},"loc":{"start":{"line":202,"column":0},"end":{"line":211,"column":null}}},"9":{"name":"(anonymous_10)","decl":{"start":{"line":211,"column":0},"end":{"line":211,"column":null}},"loc":{"start":{"line":211,"column":0},"end":{"line":214,"column":null}}},"10":{"name":"(anonymous_11)","decl":{"start":{"line":220,"column":0},"end":{"line":220,"column":null}},"loc":{"start":{"line":220,"column":0},"end":{"line":229,"column":null}}},"11":{"name":"(anonymous_12)","decl":{"start":{"line":229,"column":0},"end":{"line":229,"column":null}},"loc":{"start":{"line":229,"column":0},"end":{"line":232,"column":null}}},"12":{"name":"(anonymous_13)","decl":{"start":{"line":235,"column":0},"end":{"line":235,"column":null}},"loc":{"start":{"line":235,"column":0},"end":{"line":237,"column":null}}},"13":{"name":"(anonymous_14)","decl":{"start":{"line":238,"column":0},"end":{"line":238,"column":null}},"loc":{"start":{"line":238,"column":0},"end":{"line":242,"column":null}}},"14":{"name":"(anonymous_15)","decl":{"start":{"line":243,"column":0},"end":{"line":243,"column":null}},"loc":{"start":{"line":243,"column":0},"end":{"line":251,"column":null}}},"15":{"name":"(anonymous_16)","decl":{"start":{"line":252,"column":0},"end":{"line":252,"column":null}},"loc":{"start":{"line":252,"column":0},"end":{"line":270,"column":null}}},"16":{"name":"(anonymous_17)","decl":{"start":{"line":257,"column":0},"end":{"line":257,"column":null}},"loc":{"start":{"line":257,"column":0},"end":{"line":266,"column":null}}},"17":{"name":"(anonymous_18)","decl":{"start":{"line":266,"column":0},"end":{"line":266,"column":null}},"loc":{"start":{"line":266,"column":0},"end":{"line":269,"column":null}}},"18":{"name":"(anonymous_19)","decl":{"start":{"line":271,"column":0},"end":{"line":271,"column":null}},"loc":{"start":{"line":271,"column":0},"end":{"line":289,"column":null}}},"19":{"name":"(anonymous_20)","decl":{"start":{"line":276,"column":0},"end":{"line":276,"column":null}},"loc":{"start":{"line":276,"column":0},"end":{"line":285,"column":null}}},"20":{"name":"(anonymous_21)","decl":{"start":{"line":285,"column":0},"end":{"line":285,"column":null}},"loc":{"start":{"line":285,"column":0},"end":{"line":288,"column":null}}},"21":{"name":"(anonymous_22)","decl":{"start":{"line":291,"column":0},"end":{"line":291,"column":null}},"loc":{"start":{"line":291,"column":0},"end":{"line":309,"column":null}}},"22":{"name":"(anonymous_23)","decl":{"start":{"line":296,"column":0},"end":{"line":296,"column":null}},"loc":{"start":{"line":296,"column":0},"end":{"line":305,"column":null}}},"23":{"name":"(anonymous_24)","decl":{"start":{"line":305,"column":0},"end":{"line":305,"column":null}},"loc":{"start":{"line":305,"column":0},"end":{"line":308,"column":null}}}},"branchMap":{"0":{"loc":{"start":{"line":179,"column":0},"end":{"line":233,"column":null}},"type":"if","locations":[{"start":{"line":179,"column":0},"end":{"line":233,"column":null}},{"start":{"line":179,"column":0},"end":{"line":233,"column":null}}]},"1":{"loc":{"start":{"line":197,"column":0},"end":{"line":233,"column":null}},"type":"if","locations":[{"start":{"line":197,"column":0},"end":{"line":233,"column":null}},{"start":{"line":197,"column":0},"end":{"line":233,"column":null}}]},"2":{"loc":{"start":{"line":215,"column":0},"end":{"line":233,"column":null}},"type":"if","locations":[{"start":{"line":215,"column":0},"end":{"line":233,"column":null}},{"start":{"line":215,"column":0},"end":{"line":233,"column":null}}]}},"s":{"0":0,"1":0,"2":0,"3":0,"4":0,"5":0,"6":0,"7":0,"8":0,"9":0,"10":0,"11":0,"12":0,"13":0,"14":0,"15":0,"16":0,"17":0,"18":0,"19":0,"20":0,"21":0,"22":0,"23":0,"24":0,"25":0,"26":0,"27":0,"28":0,"29":0,"30":0,"31":0,"32":0,"33":0,"34":0,"35":0,"36":0,"37":0,"38":0,"39":0,"40":0,"41":0,"42":0},"f":{"0":0,"1":0,"2":0,"3":0,"4":0,"5":0,"6":0,"7":0,"8":0,"9":0,"10":0,"11":0,"12":0,"13":0,"14":0,"15":0,"16":0,"17":0,"18":0,"19":0,"20":0,"21":0,"22":0,"23":0},"b":{"0":[0,0],"1":[0,0],"2":[0,0]}}
,"C:\\Users\\manni\\Documents\\ComputerScience\\College\\Summer Project\\github\\frontend\\src\\components\\Landmarks.vue": {"path":"C:\\Users\\manni\\Documents\\ComputerScience\\College\\Summer Project\\github\\frontend\\src\\components\\Landmarks.vue","statementMap":{"0":{"start":{"line":18,"column":0},"end":{"line":18,"column":null}},"1":{"start":{"line":36,"column":0},"end":{"line":36,"column":null}}},"fnMap":{"0":{"name":"(anonymous_1)","decl":{"start":{"line":35,"column":0},"end":{"line":35,"column":null}},"loc":{"start":{"line":35,"column":0},"end":{"line":112,"column":null}}}},"branchMap":{},"s":{"0":0,"1":0},"f":{"0":0},"b":{}}
,"C:\\Users\\manni\\Documents\\ComputerScience\\College\\Summer Project\\github\\frontend\\src\\components\\Rating.vue": {"path":"C:\\Users\\manni\\Documents\\ComputerScience\\College\\Summer Project\\github\\frontend\\src\\components\\Rating.vue","statementMap":{"0":{"start":{"line":53,"column":0},"end":{"line":53,"column":null}}},"fnMap":{"0":{"name":"(anonymous_1)","decl":{"start":{"line":52,"column":0},"end":{"line":52,"column":null}},"loc":{"start":{"line":52,"column":0},"end":{"line":54,"column":null}}}},"branchMap":{},"s":{"0":0},"f":{"0":0},"b":{}}
,"C:\\Users\\manni\\Documents\\ComputerScience\\College\\Summer Project\\github\\frontend\\src\\components\\RatingInput.vue": {"path":"C:\\Users\\manni\\Documents\\ComputerScience\\College\\Summer Project\\github\\frontend\\src\\components\\RatingInput.vue","statementMap":{"0":{"start":{"line":138,"column":0},"end":{"line":138,"column":null}},"1":{"start":{"line":142,"column":0},"end":{"line":142,"column":null}},"2":{"start":{"line":155,"column":0},"end":{"line":155,"column":null}},"3":{"start":{"line":156,"column":0},"end":{"line":156,"column":null}},"4":{"start":{"line":160,"column":0},"end":{"line":179,"column":null}},"5":{"start":{"line":175,"column":0},"end":{"line":175,"column":null}},"6":{"start":{"line":178,"column":0},"end":{"line":178,"column":null}}},"fnMap":{"0":{"name":"(anonymous_1)","decl":{"start":{"line":142,"column":0},"end":{"line":142,"column":null}},"loc":{"start":{"line":142,"column":0},"end":{"line":142,"column":null}}},"1":{"name":"(anonymous_2)","decl":{"start":{"line":154,"column":0},"end":{"line":154,"column":null}},"loc":{"start":{"line":154,"column":0},"end":{"line":157,"column":null}}},"2":{"name":"(anonymous_3)","decl":{"start":{"line":159,"column":0},"end":{"line":159,"column":null}},"loc":{"start":{"line":159,"column":0},"end":{"line":180,"column":null}}},"3":{"name":"(anonymous_4)","decl":{"start":{"line":161,"column":0},"end":{"line":161,"column":null}},"loc":{"start":{"line":161,"column":0},"end":{"line":176,"column":null}}},"4":{"name":"(anonymous_5)","decl":{"start":{"line":176,"column":0},"end":{"line":176,"column":null}},"loc":{"start":{"line":176,"column":0},"end":{"line":179,"column":null}}},"5":{"name":"(anonymous_6)","decl":{"start":{"line":181,"column":0},"end":{"line":181,"column":null}},"loc":{"start":{"line":181,"column":0},"end":{"line":183,"column":null}}}},"branchMap":{},"s":{"0":0,"1":0,"2":0,"3":0,"4":0,"5":0,"6":0},"f":{"0":0,"1":0,"2":0,"3":0,"4":0,"5":0},"b":{}}
,"C:\\Users\\manni\\Documents\\ComputerScience\\College\\Summer Project\\github\\frontend\\src\\components\\RouteViewer.vue": {"path":"C:\\Users\\manni\\Documents\\ComputerScience\\College\\Summer Project\\github\\frontend\\src\\components\\RouteViewer.vue","statementMap":{"0":{"start":{"line":90,"column":0},"end":{"line":90,"column":null}},"1":{"start":{"line":91,"column":0},"end":{"line":91,"column":null}},"2":{"start":{"line":94,"column":0},"end":{"line":94,"column":null}},"3":{"start":{"line":114,"column":0},"end":{"line":114,"column":null}},"4":{"start":{"line":115,"column":0},"end":{"line":115,"column":null}},"5":{"start":{"line":119,"column":0},"end":{"line":119,"column":null}},"6":{"start":{"line":122,"column":0},"end":{"line":122,"column":null}},"7":{"start":{"line":123,"column":0},"end":{"line":141,"column":null}},"8":{"start":{"line":137,"column":0},"end":{"line":137,"column":null}},"9":{"start":{"line":140,"column":0},"end":{"line":140,"column":null}},"10":{"start":{"line":144,"column":0},"end":{"line":144,"column":null}},"11":{"start":{"line":145,"column":0},"end":{"line":145,"column":null}},"12":{"start":{"line":148,"column":0},"end":{"line":148,"column":null}},"13":{"start":{"line":149,"column":0},"end":{"line":149,"column":null}},"14":{"start":{"line":150,"column":0},"end":{"line":150,"column":null}},"15":{"start":{"line":155,"column":0},"end":{"line":155,"column":null}},"16":{"start":{"line":157,"column":0},"end":{"line":162,"column":null}},"17":{"start":{"line":158,"column":0},"end":{"line":158,"column":null}},"18":{"start":{"line":165,"column":0},"end":{"line":172,"column":null}},"19":{"start":{"line":166,"column":0},"end":{"line":166,"column":null}},"20":{"start":{"line":170,"column":0},"end":{"line":170,"column":null}},"21":{"start":{"line":171,"column":0},"end":{"line":171,"column":null}},"22":{"start":{"line":179,"column":0},"end":{"line":179,"column":null}},"23":{"start":{"line":187,"column":0},"end":{"line":187,"column":null}}},"fnMap":{"0":{"name":"(anonymous_1)","decl":{"start":{"line":94,"column":0},"end":{"line":94,"column":null}},"loc":{"start":{"line":94,"column":0},"end":{"line":94,"column":null}}},"1":{"name":"(anonymous_2)","decl":{"start":{"line":113,"column":0},"end":{"line":113,"column":null}},"loc":{"start":{"line":113,"column":0},"end":{"line":116,"column":null}}},"2":{"name":"(anonymous_3)","decl":{"start":{"line":118,"column":0},"end":{"line":118,"column":null}},"loc":{"start":{"line":118,"column":0},"end":{"line":120,"column":null}}},"3":{"name":"(anonymous_4)","decl":{"start":{"line":121,"column":0},"end":{"line":121,"column":null}},"loc":{"start":{"line":121,"column":0},"end":{"line":142,"column":null}}},"4":{"name":"(anonymous_5)","decl":{"start":{"line":127,"column":0},"end":{"line":127,"column":null}},"loc":{"start":{"line":127,"column":0},"end":{"line":138,"column":null}}},"5":{"name":"(anonymous_6)","decl":{"start":{"line":138,"column":0},"end":{"line":138,"column":null}},"loc":{"start":{"line":138,"column":0},"end":{"line":141,"column":null}}},"6":{"name":"(anonymous_7)","decl":{"start":{"line":143,"column":0},"end":{"line":143,"column":null}},"loc":{"start":{"line":143,"column":0},"end":{"line":151,"column":null}}},"7":{"name":"(anonymous_8)","decl":{"start":{"line":154,"column":0},"end":{"line":154,"column":null}},"loc":{"start":{"line":154,"column":0},"end":{"line":163,"column":null}}},"8":{"name":"(anonymous_9)","decl":{"start":{"line":157,"column":0},"end":{"line":157,"column":null}},"loc":{"start":{"line":157,"column":0},"end":{"line":162,"column":null}}},"9":{"name":"(anonymous_10)","decl":{"start":{"line":164,"column":0},"end":{"line":164,"column":null}},"loc":{"start":{"line":164,"column":0},"end":{"line":173,"column":null}}},"10":{"name":"(anonymous_11)","decl":{"start":{"line":165,"column":0},"end":{"line":165,"column":null}},"loc":{"start":{"line":165,"column":0},"end":{"line":172,"column":null}}},"11":{"name":"(anonymous_12)","decl":{"start":{"line":177,"column":0},"end":{"line":177,"column":null}},"loc":{"start":{"line":177,"column":0},"end":{"line":188,"column":null}}}},"branchMap":{"0":{"loc":{"start":{"line":155,"column":0},"end":{"line":155,"column":null}},"type":"if","locations":[{"start":{"line":155,"column":0},"end":{"line":155,"column":null}},{"start":{"line":155,"column":0},"end":{"line":155,"column":null}}]},"1":{"loc":{"start":{"line":160,"column":0},"end":{"line":160,"column":null}},"type":"binary-expr","locations":[{"start":{"line":160,"column":0},"end":{"line":160,"column":null}},{"start":{"line":160,"column":0},"end":{"line":160,"column":null}}]},"2":{"loc":{"start":{"line":166,"column":0},"end":{"line":166,"column":null}},"type":"cond-expr","locations":[{"start":{"line":166,"column":0},"end":{"line":166,"column":null}},{"start":{"line":166,"column":0},"end":{"line":166,"column":null}}]},"3":{"loc":{"start":{"line":179,"column":0},"end":{"line":179,"column":null}},"type":"if","locations":[{"start":{"line":179,"column":0},"end":{"line":179,"column":null}},{"start":{"line":179,"column":0},"end":{"line":179,"column":null}}]}},"s":{"0":0,"1":0,"2":0,"3":0,"4":0,"5":0,"6":0,"7":0,"8":0,"9":0,"10":0,"11":0,"12":0,"13":0,"14":0,"15":0,"16":0,"17":0,"18":0,"19":0,"20":0,"21":0,"22":0,"23":0},"f":{"0":0,"1":0,"2":0,"3":0,"4":0,"5":0,"6":0,"7":0,"8":0,"9":0,"10":0,"11":0},"b":{"0":[0,0],"1":[0,0],"2":[0,0],"3":[0,0]}}
,"C:\\Users\\manni\\Documents\\ComputerScience\\College\\Summer Project\\github\\frontend\\src\\views\\Home.vue": {"path":"C:\\Users\\manni\\Documents\\ComputerScience\\College\\Summer Project\\github\\frontend\\src\\views\\Home.vue","statementMap":{"0":{"start":{"line":6,"column":0},"end":{"line":6,"column":null}}},"fnMap":{},"branchMap":{},"s":{"0":0},"f":{},"b":{}}
,"C:\\Users\\manni\\Documents\\ComputerScience\\College\\Summer Project\\github\\frontend\\src\\views\\Login.vue": {"path":"C:\\Users\\manni\\Documents\\ComputerScience\\College\\Summer Project\\github\\frontend\\src\\views\\Login.vue","statementMap":{"0":{"start":{"line":46,"column":0},"end":{"line":46,"column":null}},"1":{"start":{"line":54,"column":0},"end":{"line":65,"column":null}},"2":{"start":{"line":60,"column":0},"end":{"line":60,"column":null}},"3":{"start":{"line":64,"column":0},"end":{"line":64,"column":null}}},"fnMap":{"0":{"name":"(anonymous_1)","decl":{"start":{"line":45,"column":0},"end":{"line":45,"column":null}},"loc":{"start":{"line":45,"column":0},"end":{"line":51,"column":null}}},"1":{"name":"(anonymous_2)","decl":{"start":{"line":53,"column":0},"end":{"line":53,"column":null}},"loc":{"start":{"line":53,"column":0},"end":{"line":66,"column":null}}},"2":{"name":"(anonymous_3)","decl":{"start":{"line":55,"column":0},"end":{"line":55,"column":null}},"loc":{"start":{"line":55,"column":0},"end":{"line":61,"column":null}}},"3":{"name":"(anonymous_4)","decl":{"start":{"line":61,"column":0},"end":{"line":61,"column":null}},"loc":{"start":{"line":61,"column":0},"end":{"line":65,"column":null}}}},"branchMap":{},"s":{"0":0,"1":0,"2":0,"3":0},"f":{"0":0,"1":0,"2":0,"3":0},"b":{}}
,"C:\\Users\\manni\\Documents\\ComputerScience\\College\\Summer Project\\github\\frontend\\src\\views\\Logout.vue": {"path":"C:\\Users\\manni\\Documents\\ComputerScience\\College\\Summer Project\\github\\frontend\\src\\views\\Logout.vue","statementMap":{"0":{"start":{"line":8,"column":0},"end":{"line":10,"column":null}},"1":{"start":{"line":9,"column":0},"end":{"line":9,"column":null}}},"fnMap":{"0":{"name":"(anonymous_1)","decl":{"start":{"line":7,"column":0},"end":{"line":7,"column":null}},"loc":{"start":{"line":7,"column":0},"end":{"line":11,"column":null}}},"1":{"name":"(anonymous_2)","decl":{"start":{"line":8,"column":0},"end":{"line":8,"column":null}},"loc":{"start":{"line":8,"column":0},"end":{"line":10,"column":null}}}},"branchMap":{},"s":{"0":0,"1":0},"f":{"0":0,"1":0},"b":{}}
,"C:\\Users\\manni\\Documents\\ComputerScience\\College\\Summer Project\\github\\frontend\\src\\views\\News.vue": {"path":"C:\\Users\\manni\\Documents\\ComputerScience\\College\\Summer Project\\github\\frontend\\src\\views\\News.vue","statementMap":{"0":{"start":{"line":32,"column":0},"end":{"line":32,"column":null}},"1":{"start":{"line":41,"column":0},"end":{"line":41,"column":null}},"2":{"start":{"line":42,"column":0},"end":{"line":42,"column":null}},"3":{"start":{"line":46,"column":0},"end":{"line":46,"column":null}},"4":{"start":{"line":48,"column":0},"end":{"line":48,"column":null}}},"fnMap":{"0":{"name":"(anonymous_1)","decl":{"start":{"line":40,"column":0},"end":{"line":40,"column":null}},"loc":{"start":{"line":40,"column":0},"end":{"line":47,"column":null}}},"1":{"name":"(anonymous_2)","decl":{"start":{"line":48,"column":0},"end":{"line":48,"column":null}},"loc":{"start":{"line":48,"column":0},"end":{"line":48,"column":null}}}},"branchMap":{},"s":{"0":0,"1":0,"2":0,"3":0,"4":0},"f":{"0":0,"1":0},"b":{}}
,"C:\\Users\\manni\\Documents\\ComputerScience\\College\\Summer Project\\github\\frontend\\src\\views\\Rating.vue": {"path":"C:\\Users\\manni\\Documents\\ComputerScience\\College\\Summer Project\\github\\frontend\\src\\views\\Rating.vue","statementMap":{"0":{"start":{"line":32,"column":0},"end":{"line":32,"column":null}},"1":{"start":{"line":33,"column":0},"end":{"line":33,"column":null}},"2":{"start":{"line":34,"column":0},"end":{"line":34,"column":null}},"3":{"start":{"line":42,"column":0},"end":{"line":42,"column":null}},"4":{"start":{"line":43,"column":0},"end":{"line":43,"column":null}},"5":{"start":{"line":45,"column":0},"end":{"line":45,"column":null}},"6":{"start":{"line":51,"column":0},"end":{"line":51,"column":null}},"7":{"start":{"line":54,"column":0},"end":{"line":54,"column":null}}},"fnMap":{"0":{"name":"(anonymous_1)","decl":{"start":{"line":41,"column":0},"end":{"line":41,"column":null}},"loc":{"start":{"line":41,"column":0},"end":{"line":44,"column":null}}},"1":{"name":"(anonymous_2)","decl":{"start":{"line":45,"column":0},"end":{"line":45,"column":null}},"loc":{"start":{"line":45,"column":0},"end":{"line":45,"column":null}}},"2":{"name":"(anonymous_3)","decl":{"start":{"line":50,"column":0},"end":{"line":50,"column":null}},"loc":{"start":{"line":50,"column":0},"end":{"line":52,"column":null}}},"3":{"name":"(anonymous_4)","decl":{"start":{"line":53,"column":0},"end":{"line":53,"column":null}},"loc":{"start":{"line":53,"column":0},"end":{"line":55,"column":null}}}},"branchMap":{},"s":{"0":0,"1":0,"2":0,"3":0,"4":0,"5":0,"6":0,"7":0},"f":{"0":0,"1":0,"2":0,"3":0},"b":{}}
}
