{"C:\\Users\\manni\\Documents\\ComputerScience\\College\\Summer Project\\github\\frontend\\src\\App.vue": {"path":"C:\\Users\\manni\\Documents\\ComputerScience\\College\\Summer Project\\github\\frontend\\src\\App.vue","statementMap":{"0":{"start":{"line":130,"column":0},"end":{"line":130,"column":null}},"1":{"start":{"line":181,"column":0},"end":{"line":181,"column":null}},"2":{"start":{"line":184,"column":0},"end":{"line":184,"column":null}},"3":{"start":{"line":189,"column":0},"end":{"line":193,"column":null}},"4":{"start":{"line":190,"column":0},"end":{"line":190,"column":null}},"5":{"start":{"line":192,"column":0},"end":{"line":192,"column":null}}},"fnMap":{"0":{"name":"(anonymous_1)","decl":{"start":{"line":130,"column":0},"end":{"line":130,"column":null}},"loc":{"start":{"line":130,"column":0},"end":{"line":130,"column":null}}},"1":{"name":"(anonymous_2)","decl":{"start":{"line":180,"column":0},"end":{"line":180,"column":null}},"loc":{"start":{"line":180,"column":0},"end":{"line":182,"column":null}}},"2":{"name":"(anonymous_3)","decl":{"start":{"line":183,"column":0},"end":{"line":183,"column":null}},"loc":{"start":{"line":183,"column":0},"end":{"line":185,"column":null}}},"3":{"name":"(anonymous_4)","decl":{"start":{"line":188,"column":0},"end":{"line":188,"column":null}},"loc":{"start":{"line":188,"column":0},"end":{"line":194,"column":null}}},"4":{"name":"(anonymous_5)","decl":{"start":{"line":192,"column":0},"end":{"line":192,"column":null}},"loc":{"start":{"line":192,"column":0},"end":{"line":192,"column":null}}}},"branchMap":{"0":{"loc":{"start":{"line":189,"column":0},"end":{"line":193,"column":null}},"type":"if","locations":[{"start":{"line":189,"column":0},"end":{"line":193,"column":null}},{"start":{"line":189,"column":0},"end":{"line":193,"column":null}}]}},"s":{"0":0,"1":0,"2":0,"3":0,"4":0,"5":0},"f":{"0":0,"1":0,"2":0,"3":0,"4":0},"b":{"0":[0,0]}}
,"C:\\Users\\manni\\Documents\\ComputerScience\\College\\Summer Project\\github\\frontend\\src\\helpers.js": {"path":"C:\\Users\\manni\\Documents\\ComputerScience\\College\\Summer Project\\github\\frontend\\src\\helpers.js","statementMap":{"0":{"start":{"line":2,"column":2},"end":{"line":2,"column":51}}},"fnMap":{"0":{"name":"wip","decl":{"start":{"line":1,"column":16},"end":{"line":1,"column":19}},"loc":{"start":{"line":1,"column":22},"end":{"line":3,"column":1}},"line":1}},"branchMap":{},"s":{"0":0},"f":{"0":0},"b":{},"hash":"2c5f60e084a56b0c5e877d903f00c0a710db2a87"}
,"C:\\Users\\manni\\Documents\\ComputerScience\\College\\Summer Project\\github\\frontend\\src\\router.js": {"path":"C:\\Users\\manni\\Documents\\ComputerScience\\College\\Summer Project\\github\\frontend\\src\\router.js","statementMap":{"0":{"start":{"line":21,"column":0},"end":{"line":21,"column":16}},"1":{"start":{"line":64,"column":8},"end":{"line":64,"column":68}}},"fnMap":{"0":{"name":"(anonymous_0)","decl":{"start":{"line":63,"column":17},"end":{"line":63,"column":18}},"loc":{"start":{"line":64,"column":8},"end":{"line":64,"column":68}},"line":64}},"branchMap":{},"s":{"0":0,"1":0},"f":{"0":0},"b":{},"hash":"43b527590a4f5c36a6d0a7ceebc670bad8a79a31"}
,"C:\\Users\\manni\\Documents\\ComputerScience\\College\\Summer Project\\github\\frontend\\src\\components\\BusMap.vue": {"path":"C:\\Users\\manni\\Documents\\ComputerScience\\College\\Summer Project\\github\\frontend\\src\\components\\BusMap.vue","statementMap":{"0":{"start":{"line":119,"column":0},"end":{"line":119,"column":null}},"1":{"start":{"line":133,"column":0},"end":{"line":133,"column":null}},"2":{"start":{"line":134,"column":0},"end":{"line":134,"column":null}},"3":{"start":{"line":135,"column":0},"end":{"line":135,"column":null}},"4":{"start":{"line":136,"column":0},"end":{"line":136,"column":null}},"5":{"start":{"line":137,"column":0},"end":{"line":137,"column":null}},"6":{"start":{"line":138,"column":0},"end":{"line":138,"column":null}},"7":{"start":{"line":139,"column":0},"end":{"line":139,"column":null}},"8":{"start":{"line":140,"column":0},"end":{"line":140,"column":null}},"9":{"start":{"line":141,"column":0},"end":{"line":141,"column":null}},"10":{"start":{"line":142,"column":0},"end":{"line":142,"column":null}},"11":{"start":{"line":144,"column":0},"end":{"line":144,"column":null}},"12":{"start":{"line":145,"column":0},"end":{"line":145,"column":null}},"13":{"start":{"line":146,"column":0},"end":{"line":146,"column":null}},"14":{"start":{"line":147,"column":0},"end":{"line":147,"column":null}},"15":{"start":{"line":143,"column":0},"end":{"line":143,"column":null}},"16":{"start":{"line":149,"column":0},"end":{"line":200,"column":null}},"17":{"start":{"line":151,"column":0},"end":{"line":151,"column":null}},"18":{"start":{"line":154,"column":0},"end":{"line":154,"column":null}},"19":{"start":{"line":166,"column":0},"end":{"line":166,"column":null}},"20":{"start":{"line":169,"column":0},"end":{"line":169,"column":null}},"21":{"start":{"line":170,"column":0},"end":{"line":170,"column":null}},"22":{"start":{"line":171,"column":0},"end":{"line":171,"column":null}},"23":{"start":{"line":174,"column":0},"end":{"line":174,"column":null}},"24":{"start":{"line":175,"column":0},"end":{"line":175,"column":null}},"25":{"start":{"line":178,"column":0},"end":{"line":199,"column":null}},"26":{"start":{"line":179,"column":0},"end":{"line":198,"column":null}},"27":{"start":{"line":180,"column":0},"end":{"line":180,"column":null}},"28":{"start":{"line":183,"column":0},"end":{"line":183,"column":null}},"29":{"start":{"line":186,"column":0},"end":{"line":186,"column":null}},"30":{"start":{"line":188,"column":0},"end":{"line":192,"column":null}},"31":{"start":{"line":191,"column":0},"end":{"line":191,"column":null}},"32":{"start":{"line":196,"column":0},"end":{"line":196,"column":null}},"33":{"start":{"line":197,"column":0},"end":{"line":197,"column":null}},"34":{"start":{"line":204,"column":0},"end":{"line":204,"column":null}},"35":{"start":{"line":205,"column":0},"end":{"line":205,"column":null}},"36":{"start":{"line":215,"column":0},"end":{"line":215,"column":null}},"37":{"start":{"line":216,"column":0},"end":{"line":216,"column":null}},"38":{"start":{"line":218,"column":0},"end":{"line":218,"column":null}},"39":{"start":{"line":224,"column":0},"end":{"line":232,"column":null}},"40":{"start":{"line":227,"column":0},"end":{"line":227,"column":null}},"41":{"start":{"line":233,"column":0},"end":{"line":244,"column":null}},"42":{"start":{"line":234,"column":0},"end":{"line":234,"column":null}},"43":{"start":{"line":236,"column":0},"end":{"line":236,"column":null}},"44":{"start":{"line":238,"column":0},"end":{"line":238,"column":null}},"45":{"start":{"line":240,"column":0},"end":{"line":240,"column":null}},"46":{"start":{"line":242,"column":0},"end":{"line":242,"column":null}},"47":{"start":{"line":248,"column":0},"end":{"line":248,"column":null}},"48":{"start":{"line":250,"column":0},"end":{"line":250,"column":null}},"49":{"start":{"line":251,"column":0},"end":{"line":251,"column":null}},"50":{"start":{"line":252,"column":0},"end":{"line":252,"column":null}},"51":{"start":{"line":253,"column":0},"end":{"line":253,"column":null}},"52":{"start":{"line":254,"column":0},"end":{"line":254,"column":null}},"53":{"start":{"line":255,"column":0},"end":{"line":255,"column":null}},"54":{"start":{"line":256,"column":0},"end":{"line":256,"column":null}},"55":{"start":{"line":257,"column":0},"end":{"line":257,"column":null}},"56":{"start":{"line":258,"column":0},"end":{"line":258,"column":null}},"57":{"start":{"line":259,"column":0},"end":{"line":259,"column":null}},"58":{"start":{"line":260,"column":0},"end":{"line":260,"column":null}},"59":{"start":{"line":261,"column":0},"end":{"line":261,"column":null}},"60":{"start":{"line":262,"column":0},"end":{"line":262,"column":null}},"61":{"start":{"line":264,"column":0},"end":{"line":264,"column":null}},"62":{"start":{"line":265,"column":0},"end":{"line":265,"column":null}},"63":{"start":{"line":266,"column":0},"end":{"line":266,"column":null}},"64":{"start":{"line":267,"column":0},"end":{"line":267,"column":null}},"65":{"start":{"line":268,"column":0},"end":{"line":268,"column":null}},"66":{"start":{"line":270,"column":0},"end":{"line":270,"column":null}},"67":{"start":{"line":271,"column":0},"end":{"line":271,"column":null}},"68":{"start":{"line":272,"column":0},"end":{"line":272,"column":null}},"69":{"start":{"line":273,"column":0},"end":{"line":273,"column":null}},"70":{"start":{"line":275,"column":0},"end":{"line":277,"column":null}},"71":{"start":{"line":276,"column":0},"end":{"line":276,"column":null}},"72":{"start":{"line":279,"column":0},"end":{"line":305,"column":null}},"73":{"start":{"line":280,"column":0},"end":{"line":280,"column":null}},"74":{"start":{"line":280,"column":0},"end":{"line":284,"column":null}},"75":{"start":{"line":282,"column":0},"end":{"line":282,"column":null}},"76":{"start":{"line":283,"column":0},"end":{"line":283,"column":null}},"77":{"start":{"line":286,"column":0},"end":{"line":304,"column":null}},"78":{"start":{"line":287,"column":0},"end":{"line":300,"column":null}},"79":{"start":{"line":288,"column":0},"end":{"line":288,"column":null}},"80":{"start":{"line":292,"column":0},"end":{"line":292,"column":null}},"81":{"start":{"line":297,"column":0},"end":{"line":297,"column":null}},"82":{"start":{"line":298,"column":0},"end":{"line":298,"column":null}},"83":{"start":{"line":299,"column":0},"end":{"line":299,"column":null}},"84":{"start":{"line":302,"column":0},"end":{"line":302,"column":null}},"85":{"start":{"line":303,"column":0},"end":{"line":303,"column":null}},"86":{"start":{"line":307,"column":0},"end":{"line":307,"column":null}},"87":{"start":{"line":308,"column":0},"end":{"line":308,"column":null}},"88":{"start":{"line":311,"column":0},"end":{"line":311,"column":null}},"89":{"start":{"line":312,"column":0},"end":{"line":312,"column":null}},"90":{"start":{"line":313,"column":0},"end":{"line":313,"column":null}},"91":{"start":{"line":318,"column":0},"end":{"line":318,"column":null}},"92":{"start":{"line":319,"column":0},"end":{"line":319,"column":null}},"93":{"start":{"line":320,"column":0},"end":{"line":320,"column":null}},"94":{"start":{"line":326,"column":0},"end":{"line":326,"column":null}},"95":{"start":{"line":330,"column":0},"end":{"line":330,"column":null}},"96":{"start":{"line":335,"column":0},"end":{"line":335,"column":null}},"97":{"start":{"line":339,"column":0},"end":{"line":339,"column":null}},"98":{"start":{"line":342,"column":0},"end":{"line":342,"column":null}},"99":{"start":{"line":345,"column":0},"end":{"line":345,"column":null}},"100":{"start":{"line":348,"column":0},"end":{"line":348,"column":null}},"101":{"start":{"line":462,"column":0},"end":{"line":464,"column":null}},"102":{"start":{"line":463,"column":0},"end":{"line":463,"column":null}},"103":{"start":{"line":467,"column":0},"end":{"line":467,"column":null}},"104":{"start":{"line":468,"column":0},"end":{"line":468,"column":null}},"105":{"start":{"line":469,"column":0},"end":{"line":469,"column":null}},"106":{"start":{"line":470,"column":0},"end":{"line":470,"column":null}},"107":{"start":{"line":473,"column":0},"end":{"line":473,"column":null}},"108":{"start":{"line":478,"column":0},"end":{"line":478,"column":null}},"109":{"start":{"line":485,"column":0},"end":{"line":505,"column":null}},"110":{"start":{"line":501,"column":0},"end":{"line":501,"column":null}},"111":{"start":{"line":504,"column":0},"end":{"line":504,"column":null}},"112":{"start":{"line":508,"column":0},"end":{"line":508,"column":null}},"113":{"start":{"line":509,"column":0},"end":{"line":509,"column":null}},"114":{"start":{"line":510,"column":0},"end":{"line":510,"column":null}},"115":{"start":{"line":511,"column":0},"end":{"line":511,"column":null}},"116":{"start":{"line":512,"column":0},"end":{"line":512,"column":null}},"117":{"start":{"line":513,"column":0},"end":{"line":513,"column":null}},"118":{"start":{"line":516,"column":0},"end":{"line":516,"column":null}},"119":{"start":{"line":517,"column":0},"end":{"line":524,"column":null}},"120":{"start":{"line":518,"column":0},"end":{"line":523,"column":null}},"121":{"start":{"line":519,"column":0},"end":{"line":519,"column":null}},"122":{"start":{"line":520,"column":0},"end":{"line":520,"column":null}},"123":{"start":{"line":527,"column":0},"end":{"line":529,"column":null}},"124":{"start":{"line":528,"column":0},"end":{"line":528,"column":null}},"125":{"start":{"line":533,"column":0},"end":{"line":533,"column":null}},"126":{"start":{"line":535,"column":0},"end":{"line":535,"column":null}},"127":{"start":{"line":540,"column":0},"end":{"line":540,"column":null}},"128":{"start":{"line":541,"column":0},"end":{"line":541,"column":null}},"129":{"start":{"line":542,"column":0},"end":{"line":542,"column":null}},"130":{"start":{"line":543,"column":0},"end":{"line":562,"column":null}},"131":{"start":{"line":544,"column":0},"end":{"line":556,"column":null}},"132":{"start":{"line":545,"column":0},"end":{"line":553,"column":null}},"133":{"start":{"line":546,"column":0},"end":{"line":546,"column":null}},"134":{"start":{"line":547,"column":0},"end":{"line":547,"column":null}},"135":{"start":{"line":552,"column":0},"end":{"line":552,"column":null}},"136":{"start":{"line":555,"column":0},"end":{"line":555,"column":null}},"137":{"start":{"line":557,"column":0},"end":{"line":561,"column":null}},"138":{"start":{"line":558,"column":0},"end":{"line":558,"column":null}},"139":{"start":{"line":560,"column":0},"end":{"line":560,"column":null}},"140":{"start":{"line":581,"column":0},"end":{"line":581,"column":null}},"141":{"start":{"line":584,"column":0},"end":{"line":624,"column":null}},"142":{"start":{"line":585,"column":0},"end":{"line":585,"column":null}},"143":{"start":{"line":586,"column":0},"end":{"line":586,"column":null}},"144":{"start":{"line":587,"column":0},"end":{"line":587,"column":null}},"145":{"start":{"line":594,"column":0},"end":{"line":594,"column":null}},"146":{"start":{"line":598,"column":0},"end":{"line":598,"column":null}},"147":{"start":{"line":602,"column":0},"end":{"line":604,"column":null}},"148":{"start":{"line":603,"column":0},"end":{"line":603,"column":null}},"149":{"start":{"line":605,"column":0},"end":{"line":607,"column":null}},"150":{"start":{"line":606,"column":0},"end":{"line":606,"column":null}},"151":{"start":{"line":610,"column":0},"end":{"line":613,"column":null}},"152":{"start":{"line":611,"column":0},"end":{"line":611,"column":null}},"153":{"start":{"line":612,"column":0},"end":{"line":612,"column":null}},"154":{"start":{"line":615,"column":0},"end":{"line":615,"column":null}},"155":{"start":{"line":616,"column":0},"end":{"line":616,"column":null}},"156":{"start":{"line":618,"column":0},"end":{"line":620,"column":null}},"157":{"start":{"line":619,"column":0},"end":{"line":619,"column":null}},"158":{"start":{"line":621,"column":0},"end":{"line":623,"column":null}},"159":{"start":{"line":622,"column":0},"end":{"line":622,"column":null}},"160":{"start":{"line":628,"column":0},"end":{"line":652,"column":null}},"161":{"start":{"line":629,"column":0},"end":{"line":629,"column":null}},"162":{"start":{"line":633,"column":0},"end":{"line":647,"column":null}},"163":{"start":{"line":634,"column":0},"end":{"line":646,"column":null}},"164":{"start":{"line":635,"column":0},"end":{"line":643,"column":null}},"165":{"start":{"line":636,"column":0},"end":{"line":636,"column":null}},"166":{"start":{"line":637,"column":0},"end":{"line":637,"column":null}},"167":{"start":{"line":638,"column":0},"end":{"line":638,"column":null}},"168":{"start":{"line":639,"column":0},"end":{"line":639,"column":null}},"169":{"start":{"line":640,"column":0},"end":{"line":640,"column":null}},"170":{"start":{"line":642,"column":0},"end":{"line":642,"column":null}},"171":{"start":{"line":645,"column":0},"end":{"line":645,"column":null}},"172":{"start":{"line":648,"column":0},"end":{"line":648,"column":null}},"173":{"start":{"line":650,"column":0},"end":{"line":650,"column":null}},"174":{"start":{"line":651,"column":0},"end":{"line":651,"column":null}},"175":{"start":{"line":655,"column":0},"end":{"line":677,"column":null}},"176":{"start":{"line":666,"column":0},"end":{"line":666,"column":null}},"177":{"start":{"line":672,"column":0},"end":{"line":672,"column":null}},"178":{"start":{"line":676,"column":0},"end":{"line":676,"column":null}},"179":{"start":{"line":680,"column":0},"end":{"line":682,"column":null}},"180":{"start":{"line":681,"column":0},"end":{"line":681,"column":null}},"181":{"start":{"line":683,"column":0},"end":{"line":685,"column":null}},"182":{"start":{"line":684,"column":0},"end":{"line":684,"column":null}},"183":{"start":{"line":687,"column":0},"end":{"line":687,"column":null}},"184":{"start":{"line":688,"column":0},"end":{"line":688,"column":null}},"185":{"start":{"line":697,"column":0},"end":{"line":764,"column":null}},"186":{"start":{"line":698,"column":0},"end":{"line":763,"column":null}},"187":{"start":{"line":699,"column":0},"end":{"line":699,"column":null}},"188":{"start":{"line":702,"column":0},"end":{"line":702,"column":null}},"189":{"start":{"line":703,"column":0},"end":{"line":703,"column":null}},"190":{"start":{"line":705,"column":0},"end":{"line":713,"column":null}},"191":{"start":{"line":706,"column":0},"end":{"line":712,"column":null}},"192":{"start":{"line":710,"column":0},"end":{"line":710,"column":null}},"193":{"start":{"line":715,"column":0},"end":{"line":715,"column":null}},"194":{"start":{"line":716,"column":0},"end":{"line":716,"column":null}},"195":{"start":{"line":717,"column":0},"end":{"line":723,"column":null}},"196":{"start":{"line":718,"column":0},"end":{"line":718,"column":null}},"197":{"start":{"line":719,"column":0},"end":{"line":719,"column":null}},"198":{"start":{"line":720,"column":0},"end":{"line":720,"column":null}},"199":{"start":{"line":721,"column":0},"end":{"line":721,"column":null}},"200":{"start":{"line":724,"column":0},"end":{"line":724,"column":null}},"201":{"start":{"line":726,"column":0},"end":{"line":726,"column":null}},"202":{"start":{"line":729,"column":0},"end":{"line":729,"column":null}},"203":{"start":{"line":734,"column":0},"end":{"line":737,"column":null}},"204":{"start":{"line":736,"column":0},"end":{"line":736,"column":null}},"205":{"start":{"line":740,"column":0},"end":{"line":757,"column":null}},"206":{"start":{"line":745,"column":0},"end":{"line":745,"column":null}},"207":{"start":{"line":748,"column":0},"end":{"line":748,"column":null}},"208":{"start":{"line":751,"column":0},"end":{"line":751,"column":null}},"209":{"start":{"line":756,"column":0},"end":{"line":756,"column":null}},"210":{"start":{"line":759,"column":0},"end":{"line":759,"column":null}},"211":{"start":{"line":761,"column":0},"end":{"line":761,"column":null}},"212":{"start":{"line":762,"column":0},"end":{"line":762,"column":null}},"213":{"start":{"line":768,"column":0},"end":{"line":768,"column":null}},"214":{"start":{"line":771,"column":0},"end":{"line":803,"column":null}},"215":{"start":{"line":772,"column":0},"end":{"line":772,"column":null}},"216":{"start":{"line":773,"column":0},"end":{"line":773,"column":null}},"217":{"start":{"line":774,"column":0},"end":{"line":774,"column":null}},"218":{"start":{"line":775,"column":0},"end":{"line":775,"column":null}},"219":{"start":{"line":776,"column":0},"end":{"line":778,"column":null}},"220":{"start":{"line":777,"column":0},"end":{"line":777,"column":null}},"221":{"start":{"line":780,"column":0},"end":{"line":780,"column":null}},"222":{"start":{"line":782,"column":0},"end":{"line":782,"column":null}},"223":{"start":{"line":792,"column":0},"end":{"line":799,"column":null}},"224":{"start":{"line":793,"column":0},"end":{"line":793,"column":null}},"225":{"start":{"line":794,"column":0},"end":{"line":794,"column":null}},"226":{"start":{"line":801,"column":0},"end":{"line":801,"column":null}},"227":{"start":{"line":802,"column":0},"end":{"line":802,"column":null}},"228":{"start":{"line":804,"column":0},"end":{"line":856,"column":null}},"229":{"start":{"line":805,"column":0},"end":{"line":805,"column":null}},"230":{"start":{"line":806,"column":0},"end":{"line":806,"column":null}},"231":{"start":{"line":812,"column":0},"end":{"line":812,"column":null}},"232":{"start":{"line":814,"column":0},"end":{"line":854,"column":null}},"233":{"start":{"line":815,"column":0},"end":{"line":815,"column":null}},"234":{"start":{"line":817,"column":0},"end":{"line":817,"column":null}},"235":{"start":{"line":828,"column":0},"end":{"line":828,"column":null}},"236":{"start":{"line":830,"column":0},"end":{"line":830,"column":null}},"237":{"start":{"line":839,"column":0},"end":{"line":846,"column":null}},"238":{"start":{"line":840,"column":0},"end":{"line":840,"column":null}},"239":{"start":{"line":841,"column":0},"end":{"line":841,"column":null}},"240":{"start":{"line":848,"column":0},"end":{"line":848,"column":null}},"241":{"start":{"line":855,"column":0},"end":{"line":855,"column":null}},"242":{"start":{"line":858,"column":0},"end":{"line":858,"column":null}},"243":{"start":{"line":859,"column":0},"end":{"line":859,"column":null}},"244":{"start":{"line":862,"column":0},"end":{"line":862,"column":null}},"245":{"start":{"line":863,"column":0},"end":{"line":863,"column":null}},"246":{"start":{"line":864,"column":0},"end":{"line":864,"column":null}},"247":{"start":{"line":865,"column":0},"end":{"line":865,"column":null}},"248":{"start":{"line":871,"column":0},"end":{"line":871,"column":null}},"249":{"start":{"line":872,"column":0},"end":{"line":872,"column":null}},"250":{"start":{"line":877,"column":0},"end":{"line":877,"column":null}},"251":{"start":{"line":878,"column":0},"end":{"line":881,"column":null}},"252":{"start":{"line":879,"column":0},"end":{"line":879,"column":null}},"253":{"start":{"line":880,"column":0},"end":{"line":880,"column":null}},"254":{"start":{"line":885,"column":0},"end":{"line":885,"column":null}},"255":{"start":{"line":890,"column":0},"end":{"line":890,"column":null}},"256":{"start":{"line":891,"column":0},"end":{"line":891,"column":null}},"257":{"start":{"line":893,"column":0},"end":{"line":893,"column":null}},"258":{"start":{"line":898,"column":0},"end":{"line":898,"column":null}},"259":{"start":{"line":899,"column":0},"end":{"line":899,"column":null}},"260":{"start":{"line":901,"column":0},"end":{"line":901,"column":null}},"261":{"start":{"line":906,"column":0},"end":{"line":906,"column":null}},"262":{"start":{"line":907,"column":0},"end":{"line":907,"column":null}},"263":{"start":{"line":908,"column":0},"end":{"line":908,"column":null}},"264":{"start":{"line":926,"column":0},"end":{"line":926,"column":null}},"265":{"start":{"line":932,"column":0},"end":{"line":932,"column":null}},"266":{"start":{"line":935,"column":0},"end":{"line":952,"column":null}},"267":{"start":{"line":936,"column":0},"end":{"line":936,"column":null}},"268":{"start":{"line":941,"column":0},"end":{"line":941,"column":null}},"269":{"start":{"line":954,"column":0},"end":{"line":954,"column":null}},"270":{"start":{"line":957,"column":0},"end":{"line":1003,"column":null}},"271":{"start":{"line":959,"column":0},"end":{"line":959,"column":null}},"272":{"start":{"line":965,"column":0},"end":{"line":965,"column":null}},"273":{"start":{"line":969,"column":0},"end":{"line":969,"column":null}},"274":{"start":{"line":983,"column":0},"end":{"line":983,"column":null}},"275":{"start":{"line":985,"column":0},"end":{"line":985,"column":null}},"276":{"start":{"line":995,"column":0},"end":{"line":1002,"column":null}},"277":{"start":{"line":996,"column":0},"end":{"line":996,"column":null}},"278":{"start":{"line":997,"column":0},"end":{"line":997,"column":null}}},"fnMap":{"0":{"name":"offsetMap","decl":{"start":{"line":148,"column":0},"end":{"line":148,"column":null}},"loc":{"start":{"line":148,"column":0},"end":{"line":201,"column":null}}},"1":{"name":"fromLatLngToPoint","decl":{"start":{"line":203,"column":0},"end":{"line":203,"column":null}},"loc":{"start":{"line":203,"column":0},"end":{"line":222,"column":null}}},"2":{"name":"(anonymous_3)","decl":{"start":{"line":224,"column":0},"end":{"line":224,"column":null}},"loc":{"start":{"line":224,"column":0},"end":{"line":232,"column":null}}},"3":{"name":"(anonymous_5)","decl":{"start":{"line":233,"column":0},"end":{"line":233,"column":null}},"loc":{"start":{"line":233,"column":0},"end":{"line":244,"column":null}}},"4":{"name":"addYourLocationButton","decl":{"start":{"line":247,"column":0},"end":{"line":247,"column":null}},"loc":{"start":{"line":247,"column":0},"end":{"line":309,"column":null}}},"5":{"name":"(anonymous_7)","decl":{"start":{"line":275,"column":0},"end":{"line":275,"column":null}},"loc":{"start":{"line":275,"column":0},"end":{"line":277,"column":null}}},"6":{"name":"(anonymous_8)","decl":{"start":{"line":279,"column":0},"end":{"line":279,"column":null}},"loc":{"start":{"line":279,"column":0},"end":{"line":305,"column":null}}},"7":{"name":"(anonymous_9)","decl":{"start":{"line":280,"column":0},"end":{"line":280,"column":null}},"loc":{"start":{"line":280,"column":0},"end":{"line":284,"column":null}}},"8":{"name":"(anonymous_10)","decl":{"start":{"line":287,"column":0},"end":{"line":287,"column":null}},"loc":{"start":{"line":287,"column":0},"end":{"line":300,"column":null}}},"9":{"name":"(anonymous_11)","decl":{"start":{"line":325,"column":0},"end":{"line":325,"column":null}},"loc":{"start":{"line":325,"column":0},"end":{"line":327,"column":null}}},"10":{"name":"(anonymous_12)","decl":{"start":{"line":328,"column":0},"end":{"line":328,"column":null}},"loc":{"start":{"line":328,"column":0},"end":{"line":333,"column":null}}},"11":{"name":"(anonymous_13)","decl":{"start":{"line":334,"column":0},"end":{"line":334,"column":null}},"loc":{"start":{"line":334,"column":0},"end":{"line":336,"column":null}}},"12":{"name":"(anonymous_14)","decl":{"start":{"line":338,"column":0},"end":{"line":338,"column":null}},"loc":{"start":{"line":338,"column":0},"end":{"line":340,"column":null}}},"13":{"name":"(anonymous_15)","decl":{"start":{"line":341,"column":0},"end":{"line":341,"column":null}},"loc":{"start":{"line":341,"column":0},"end":{"line":343,"column":null}}},"14":{"name":"(anonymous_16)","decl":{"start":{"line":344,"column":0},"end":{"line":344,"column":null}},"loc":{"start":{"line":344,"column":0},"end":{"line":346,"column":null}}},"15":{"name":"(anonymous_17)","decl":{"start":{"line":348,"column":0},"end":{"line":348,"column":null}},"loc":{"start":{"line":348,"column":0},"end":{"line":348,"column":null}}},"16":{"name":"(anonymous_18)","decl":{"start":{"line":461,"column":0},"end":{"line":461,"column":null}},"loc":{"start":{"line":461,"column":0},"end":{"line":465,"column":null}}},"17":{"name":"(anonymous_19)","decl":{"start":{"line":466,"column":0},"end":{"line":466,"column":null}},"loc":{"start":{"line":466,"column":0},"end":{"line":471,"column":null}}},"18":{"name":"(anonymous_20)","decl":{"start":{"line":472,"column":0},"end":{"line":472,"column":null}},"loc":{"start":{"line":472,"column":0},"end":{"line":476,"column":null}}},"19":{"name":"(anonymous_21)","decl":{"start":{"line":477,"column":0},"end":{"line":477,"column":null}},"loc":{"start":{"line":477,"column":0},"end":{"line":481,"column":null}}},"20":{"name":"(anonymous_22)","decl":{"start":{"line":484,"column":0},"end":{"line":484,"column":null}},"loc":{"start":{"line":484,"column":0},"end":{"line":506,"column":null}}},"21":{"name":"(anonymous_23)","decl":{"start":{"line":489,"column":0},"end":{"line":489,"column":null}},"loc":{"start":{"line":489,"column":0},"end":{"line":502,"column":null}}},"22":{"name":"(anonymous_24)","decl":{"start":{"line":502,"column":0},"end":{"line":502,"column":null}},"loc":{"start":{"line":502,"column":0},"end":{"line":505,"column":null}}},"23":{"name":"(anonymous_25)","decl":{"start":{"line":507,"column":0},"end":{"line":507,"column":null}},"loc":{"start":{"line":507,"column":0},"end":{"line":514,"column":null}}},"24":{"name":"(anonymous_26)","decl":{"start":{"line":515,"column":0},"end":{"line":515,"column":null}},"loc":{"start":{"line":515,"column":0},"end":{"line":525,"column":null}}},"25":{"name":"(anonymous_27)","decl":{"start":{"line":526,"column":0},"end":{"line":526,"column":null}},"loc":{"start":{"line":526,"column":0},"end":{"line":530,"column":null}}},"26":{"name":"(anonymous_28)","decl":{"start":{"line":532,"column":0},"end":{"line":532,"column":null}},"loc":{"start":{"line":532,"column":0},"end":{"line":579,"column":null}}},"27":{"name":"(anonymous_29)","decl":{"start":{"line":534,"column":0},"end":{"line":534,"column":null}},"loc":{"start":{"line":534,"column":0},"end":{"line":569,"column":null}}},"28":{"name":"(anonymous_30)","decl":{"start":{"line":543,"column":0},"end":{"line":543,"column":null}},"loc":{"start":{"line":543,"column":0},"end":{"line":562,"column":null}}},"29":{"name":"(anonymous_31)","decl":{"start":{"line":570,"column":0},"end":{"line":570,"column":null}},"loc":{"start":{"line":570,"column":0},"end":{"line":577,"column":null}}},"30":{"name":"(anonymous_32)","decl":{"start":{"line":580,"column":0},"end":{"line":580,"column":null}},"loc":{"start":{"line":580,"column":0},"end":{"line":582,"column":null}}},"31":{"name":"(anonymous_33)","decl":{"start":{"line":583,"column":0},"end":{"line":583,"column":null}},"loc":{"start":{"line":583,"column":0},"end":{"line":625,"column":null}}},"32":{"name":"(anonymous_34)","decl":{"start":{"line":602,"column":0},"end":{"line":602,"column":null}},"loc":{"start":{"line":602,"column":0},"end":{"line":604,"column":null}}},"33":{"name":"(anonymous_35)","decl":{"start":{"line":605,"column":0},"end":{"line":605,"column":null}},"loc":{"start":{"line":605,"column":0},"end":{"line":607,"column":null}}},"34":{"name":"(anonymous_36)","decl":{"start":{"line":610,"column":0},"end":{"line":610,"column":null}},"loc":{"start":{"line":610,"column":0},"end":{"line":613,"column":null}}},"35":{"name":"(anonymous_37)","decl":{"start":{"line":618,"column":0},"end":{"line":618,"column":null}},"loc":{"start":{"line":618,"column":0},"end":{"line":620,"column":null}}},"36":{"name":"(anonymous_38)","decl":{"start":{"line":621,"column":0},"end":{"line":621,"column":null}},"loc":{"start":{"line":621,"column":0},"end":{"line":623,"column":null}}},"37":{"name":"(anonymous_39)","decl":{"start":{"line":627,"column":0},"end":{"line":627,"column":null}},"loc":{"start":{"line":627,"column":0},"end":{"line":653,"column":null}}},"38":{"name":"(anonymous_40)","decl":{"start":{"line":633,"column":0},"end":{"line":633,"column":null}},"loc":{"start":{"line":633,"column":0},"end":{"line":647,"column":null}}},"39":{"name":"(anonymous_41)","decl":{"start":{"line":654,"column":0},"end":{"line":654,"column":null}},"loc":{"start":{"line":654,"column":0},"end":{"line":678,"column":null}}},"40":{"name":"(anonymous_42)","decl":{"start":{"line":656,"column":0},"end":{"line":656,"column":null}},"loc":{"start":{"line":656,"column":0},"end":{"line":674,"column":null}}},"41":{"name":"(anonymous_43)","decl":{"start":{"line":674,"column":0},"end":{"line":674,"column":null}},"loc":{"start":{"line":674,"column":0},"end":{"line":677,"column":null}}},"42":{"name":"(anonymous_44)","decl":{"start":{"line":679,"column":0},"end":{"line":679,"column":null}},"loc":{"start":{"line":679,"column":0},"end":{"line":765,"column":null}}},"43":{"name":"(anonymous_45)","decl":{"start":{"line":697,"column":0},"end":{"line":697,"column":null}},"loc":{"start":{"line":697,"column":0},"end":{"line":764,"column":null}}},"44":{"name":"(anonymous_46)","decl":{"start":{"line":717,"column":0},"end":{"line":717,"column":null}},"loc":{"start":{"line":717,"column":0},"end":{"line":723,"column":null}}},"45":{"name":"(anonymous_47)","decl":{"start":{"line":734,"column":0},"end":{"line":734,"column":null}},"loc":{"start":{"line":734,"column":0},"end":{"line":737,"column":null}}},"46":{"name":"(anonymous_48)","decl":{"start":{"line":740,"column":0},"end":{"line":740,"column":null}},"loc":{"start":{"line":740,"column":0},"end":{"line":757,"column":null}}},"47":{"name":"(anonymous_49)","decl":{"start":{"line":767,"column":0},"end":{"line":767,"column":null}},"loc":{"start":{"line":767,"column":0},"end":{"line":860,"column":null}}},"48":{"name":"(anonymous_50)","decl":{"start":{"line":771,"column":0},"end":{"line":771,"column":null}},"loc":{"start":{"line":771,"column":0},"end":{"line":803,"column":null}}},"49":{"name":"(anonymous_51)","decl":{"start":{"line":792,"column":0},"end":{"line":792,"column":null}},"loc":{"start":{"line":792,"column":0},"end":{"line":799,"column":null}}},"50":{"name":"(anonymous_52)","decl":{"start":{"line":804,"column":0},"end":{"line":804,"column":null}},"loc":{"start":{"line":804,"column":0},"end":{"line":856,"column":null}}},"51":{"name":"(anonymous_53)","decl":{"start":{"line":839,"column":0},"end":{"line":839,"column":null}},"loc":{"start":{"line":839,"column":0},"end":{"line":846,"column":null}}},"52":{"name":"(anonymous_54)","decl":{"start":{"line":861,"column":0},"end":{"line":861,"column":null}},"loc":{"start":{"line":861,"column":0},"end":{"line":866,"column":null}}},"53":{"name":"markerDirections","decl":{"start":{"line":876,"column":0},"end":{"line":876,"column":null}},"loc":{"start":{"line":876,"column":0},"end":{"line":882,"column":null}}},"54":{"name":"(anonymous_56)","decl":{"start":{"line":878,"column":0},"end":{"line":878,"column":null}},"loc":{"start":{"line":878,"column":0},"end":{"line":881,"column":null}}},"55":{"name":"initMap","decl":{"start":{"line":884,"column":0},"end":{"line":884,"column":null}},"loc":{"start":{"line":884,"column":0},"end":{"line":1004,"column":null}}},"56":{"name":"(anonymous_58)","decl":{"start":{"line":900,"column":0},"end":{"line":900,"column":null}},"loc":{"start":{"line":900,"column":0},"end":{"line":915,"column":null}}},"57":{"name":"(anonymous_59)","decl":{"start":{"line":916,"column":0},"end":{"line":916,"column":null}},"loc":{"start":{"line":916,"column":0},"end":{"line":923,"column":null}}},"58":{"name":"(anonymous_60)","decl":{"start":{"line":995,"column":0},"end":{"line":995,"column":null}},"loc":{"start":{"line":995,"column":0},"end":{"line":1002,"column":null}}}},"branchMap":{"0":{"loc":{"start":{"line":149,"column":0},"end":{"line":200,"column":null}},"type":"if","locations":[{"start":{"line":149,"column":0},"end":{"line":200,"column":null}},{"start":{"line":149,"column":0},"end":{"line":200,"column":null}}]},"1":{"loc":{"start":{"line":178,"column":0},"end":{"line":199,"column":null}},"type":"if","locations":[{"start":{"line":178,"column":0},"end":{"line":199,"column":null}},{"start":{"line":178,"column":0},"end":{"line":199,"column":null}}]},"2":{"loc":{"start":{"line":179,"column":0},"end":{"line":198,"column":null}},"type":"if","locations":[{"start":{"line":179,"column":0},"end":{"line":198,"column":null}},{"start":{"line":179,"column":0},"end":{"line":198,"column":null}}]},"3":{"loc":{"start":{"line":188,"column":0},"end":{"line":192,"column":null}},"type":"if","locations":[{"start":{"line":188,"column":0},"end":{"line":192,"column":null}},{"start":{"line":188,"column":0},"end":{"line":192,"column":null}}]},"4":{"loc":{"start":{"line":224,"column":0},"end":{"line":224,"column":null}},"type":"default-arg","locations":[{"start":{"line":224,"column":0},"end":{"line":224,"column":null}}]},"5":{"loc":{"start":{"line":235,"column":0},"end":{"line":236,"column":null}},"type":"switch","locations":[{"start":{"line":235,"column":0},"end":{"line":236,"column":null}},{"start":{"line":237,"column":0},"end":{"line":238,"column":null}},{"start":{"line":239,"column":0},"end":{"line":240,"column":null}},{"start":{"line":241,"column":0},"end":{"line":242,"column":null}}]},"6":{"loc":{"start":{"line":286,"column":0},"end":{"line":304,"column":null}},"type":"if","locations":[{"start":{"line":286,"column":0},"end":{"line":304,"column":null}},{"start":{"line":286,"column":0},"end":{"line":304,"column":null}}]},"7":{"loc":{"start":{"line":313,"column":0},"end":{"line":313,"column":null}},"type":"binary-expr","locations":[{"start":{"line":313,"column":0},"end":{"line":313,"column":null}},{"start":{"line":313,"column":0},"end":{"line":313,"column":null}}]},"8":{"loc":{"start":{"line":330,"column":0},"end":{"line":330,"column":null}},"type":"binary-expr","locations":[{"start":{"line":330,"column":0},"end":{"line":330,"column":null}},{"start":{"line":330,"column":0},"end":{"line":330,"column":null}}]},"9":{"loc":{"start":{"line":462,"column":0},"end":{"line":464,"column":null}},"type":"if","locations":[{"start":{"line":462,"column":0},"end":{"line":464,"column":null}},{"start":{"line":462,"column":0},"end":{"line":464,"column":null}}]},"10":{"loc":{"start":{"line":518,"column":0},"end":{"line":523,"column":null}},"type":"if","locations":[{"start":{"line":518,"column":0},"end":{"line":523,"column":null}},{"start":{"line":518,"column":0},"end":{"line":523,"column":null}}]},"11":{"loc":{"start":{"line":527,"column":0},"end":{"line":529,"column":null}},"type":"if","locations":[{"start":{"line":527,"column":0},"end":{"line":529,"column":null}},{"start":{"line":527,"column":0},"end":{"line":529,"column":null}}]},"12":{"loc":{"start":{"line":544,"column":0},"end":{"line":556,"column":null}},"type":"if","locations":[{"start":{"line":544,"column":0},"end":{"line":556,"column":null}},{"start":{"line":544,"column":0},"end":{"line":556,"column":null}}]},"13":{"loc":{"start":{"line":545,"column":0},"end":{"line":553,"column":null}},"type":"if","locations":[{"start":{"line":545,"column":0},"end":{"line":553,"column":null}},{"start":{"line":545,"column":0},"end":{"line":553,"column":null}}]},"14":{"loc":{"start":{"line":557,"column":0},"end":{"line":561,"column":null}},"type":"if","locations":[{"start":{"line":557,"column":0},"end":{"line":561,"column":null}},{"start":{"line":557,"column":0},"end":{"line":561,"column":null}}]},"15":{"loc":{"start":{"line":584,"column":0},"end":{"line":624,"column":null}},"type":"if","locations":[{"start":{"line":584,"column":0},"end":{"line":624,"column":null}},{"start":{"line":584,"column":0},"end":{"line":624,"column":null}}]},"16":{"loc":{"start":{"line":628,"column":0},"end":{"line":652,"column":null}},"type":"if","locations":[{"start":{"line":628,"column":0},"end":{"line":652,"column":null}},{"start":{"line":628,"column":0},"end":{"line":652,"column":null}}]},"17":{"loc":{"start":{"line":634,"column":0},"end":{"line":646,"column":null}},"type":"if","locations":[{"start":{"line":634,"column":0},"end":{"line":646,"column":null}},{"start":{"line":634,"column":0},"end":{"line":646,"column":null}}]},"18":{"loc":{"start":{"line":635,"column":0},"end":{"line":643,"column":null}},"type":"if","locations":[{"start":{"line":635,"column":0},"end":{"line":643,"column":null}},{"start":{"line":635,"column":0},"end":{"line":643,"column":null}}]},"19":{"loc":{"start":{"line":680,"column":0},"end":{"line":682,"column":null}},"type":"if","locations":[{"start":{"line":680,"column":0},"end":{"line":682,"column":null}},{"start":{"line":680,"column":0},"end":{"line":682,"column":null}}]},"20":{"loc":{"start":{"line":683,"column":0},"end":{"line":685,"column":null}},"type":"if","locations":[{"start":{"line":683,"column":0},"end":{"line":685,"column":null}},{"start":{"line":683,"column":0},"end":{"line":685,"column":null}}]},"21":{"loc":{"start":{"line":698,"column":0},"end":{"line":763,"column":null}},"type":"if","locations":[{"start":{"line":698,"column":0},"end":{"line":763,"column":null}},{"start":{"line":698,"column":0},"end":{"line":763,"column":null}}]},"22":{"loc":{"start":{"line":706,"column":0},"end":{"line":712,"column":null}},"type":"if","locations":[{"start":{"line":706,"column":0},"end":{"line":712,"column":null}},{"start":{"line":706,"column":0},"end":{"line":712,"column":null}}]},"23":{"loc":{"start":{"line":706,"column":0},"end":{"line":706,"column":null}},"type":"binary-expr","locations":[{"start":{"line":706,"column":0},"end":{"line":706,"column":null}},{"start":{"line":706,"column":0},"end":{"line":706,"column":null}}]},"24":{"loc":{"start":{"line":776,"column":0},"end":{"line":778,"column":null}},"type":"if","locations":[{"start":{"line":776,"column":0},"end":{"line":778,"column":null}},{"start":{"line":776,"column":0},"end":{"line":778,"column":null}}]}},"s":{"0":0,"1":0,"2":0,"3":0,"4":0,"5":0,"6":0,"7":0,"8":0,"9":0,"10":0,"11":0,"12":0,"13":0,"14":0,"15":0,"16":0,"17":0,"18":0,"19":0,"20":0,"21":0,"22":0,"23":0,"24":0,"25":0,"26":0,"27":0,"28":0,"29":0,"30":0,"31":0,"32":0,"33":0,"34":0,"35":0,"36":0,"37":0,"38":0,"39":0,"40":0,"41":0,"42":0,"43":0,"44":0,"45":0,"46":0,"47":0,"48":0,"49":0,"50":0,"51":0,"52":0,"53":0,"54":0,"55":0,"56":0,"57":0,"58":0,"59":0,"60":0,"61":0,"62":0,"63":0,"64":0,"65":0,"66":0,"67":0,"68":0,"69":0,"70":0,"71":0,"72":0,"73":0,"74":0,"75":0,"76":0,"77":0,"78":0,"79":0,"80":0,"81":0,"82":0,"83":0,"84":0,"85":0,"86":0,"87":0,"88":0,"89":0,"90":0,"91":0,"92":0,"93":0,"94":0,"95":0,"96":0,"97":0,"98":0,"99":0,"100":0,"101":0,"102":0,"103":0,"104":0,"105":0,"106":0,"107":0,"108":0,"109":0,"110":0,"111":0,"112":0,"113":0,"114":0,"115":0,"116":0,"117":0,"118":0,"119":0,"120":0,"121":0,"122":0,"123":0,"124":0,"125":0,"126":0,"127":0,"128":0,"129":0,"130":0,"131":0,"132":0,"133":0,"134":0,"135":0,"136":0,"137":0,"138":0,"139":0,"140":0,"141":0,"142":0,"143":0,"144":0,"145":0,"146":0,"147":0,"148":0,"149":0,"150":0,"151":0,"152":0,"153":0,"154":0,"155":0,"156":0,"157":0,"158":0,"159":0,"160":0,"161":0,"162":0,"163":0,"164":0,"165":0,"166":0,"167":0,"168":0,"169":0,"170":0,"171":0,"172":0,"173":0,"174":0,"175":0,"176":0,"177":0,"178":0,"179":0,"180":0,"181":0,"182":0,"183":0,"184":0,"185":0,"186":0,"187":0,"188":0,"189":0,"190":0,"191":0,"192":0,"193":0,"194":0,"195":0,"196":0,"197":0,"198":0,"199":0,"200":0,"201":0,"202":0,"203":0,"204":0,"205":0,"206":0,"207":0,"208":0,"209":0,"210":0,"211":0,"212":0,"213":0,"214":0,"215":0,"216":0,"217":0,"218":0,"219":0,"220":0,"221":0,"222":0,"223":0,"224":0,"225":0,"226":0,"227":0,"228":0,"229":0,"230":0,"231":0,"232":0,"233":0,"234":0,"235":0,"236":0,"237":0,"238":0,"239":0,"240":0,"241":0,"242":0,"243":0,"244":0,"245":0,"246":0,"247":0,"248":0,"249":0,"250":0,"251":0,"252":0,"253":0,"254":0,"255":0,"256":0,"257":0,"258":0,"259":0,"260":0,"261":0,"262":0,"263":0,"264":0,"265":0,"266":0,"267":0,"268":0,"269":0,"270":0,"271":0,"272":0,"273":0,"274":0,"275":0,"276":0,"277":0,"278":0},"f":{"0":0,"1":0,"2":0,"3":0,"4":0,"5":0,"6":0,"7":0,"8":0,"9":0,"10":0,"11":0,"12":0,"13":0,"14":0,"15":0,"16":0,"17":0,"18":0,"19":0,"20":0,"21":0,"22":0,"23":0,"24":0,"25":0,"26":0,"27":0,"28":0,"29":0,"30":0,"31":0,"32":0,"33":0,"34":0,"35":0,"36":0,"37":0,"38":0,"39":0,"40":0,"41":0,"42":0,"43":0,"44":0,"45":0,"46":0,"47":0,"48":0,"49":0,"50":0,"51":0,"52":0,"53":0,"54":0,"55":0,"56":0,"57":0,"58":0},"b":{"0":[0,0],"1":[0,0],"2":[0,0],"3":[0,0],"4":[0],"5":[0,0,0,0],"6":[0,0],"7":[0,0],"8":[0,0],"9":[0,0],"10":[0,0],"11":[0,0],"12":[0,0],"13":[0,0],"14":[0,0],"15":[0,0],"16":[0,0],"17":[0,0],"18":[0,0],"19":[0,0],"20":[0,0],"21":[0,0],"22":[0,0],"23":[0,0],"24":[0,0]}}
,"C:\\Users\\manni\\Documents\\ComputerScience\\College\\Summer Project\\github\\frontend\\src\\components\\BusStopSearch.vue": {"path":"C:\\Users\\manni\\Documents\\ComputerScience\\College\\Summer Project\\github\\frontend\\src\\components\\BusStopSearch.vue","statementMap":{"0":{"start":{"line":91,"column":0},"end":{"line":91,"column":null}},"1":{"start":{"line":92,"column":0},"end":{"line":92,"column":null}},"2":{"start":{"line":93,"column":0},"end":{"line":93,"column":null}},"3":{"start":{"line":97,"column":0},"end":{"line":97,"column":null}},"4":{"start":{"line":119,"column":0},"end":{"line":119,"column":null}},"5":{"start":{"line":127,"column":0},"end":{"line":127,"column":null}},"6":{"start":{"line":130,"column":0},"end":{"line":145,"column":null}},"7":{"start":{"line":148,"column":0},"end":{"line":148,"column":null}},"8":{"start":{"line":149,"column":0},"end":{"line":149,"column":null}},"9":{"start":{"line":150,"column":0},"end":{"line":150,"column":null}},"10":{"start":{"line":152,"column":0},"end":{"line":152,"column":null}},"11":{"start":{"line":154,"column":0},"end":{"line":154,"column":null}},"12":{"start":{"line":155,"column":0},"end":{"line":155,"column":null}},"13":{"start":{"line":157,"column":0},"end":{"line":163,"column":null}},"14":{"start":{"line":160,"column":0},"end":{"line":160,"column":null}},"15":{"start":{"line":161,"column":0},"end":{"line":161,"column":null}},"16":{"start":{"line":162,"column":0},"end":{"line":162,"column":null}},"17":{"start":{"line":165,"column":0},"end":{"line":165,"column":null}},"18":{"start":{"line":170,"column":0},"end":{"line":170,"column":null}},"19":{"start":{"line":172,"column":0},"end":{"line":177,"column":null}},"20":{"start":{"line":173,"column":0},"end":{"line":173,"column":null}},"21":{"start":{"line":180,"column":0},"end":{"line":187,"column":null}},"22":{"start":{"line":181,"column":0},"end":{"line":181,"column":null}},"23":{"start":{"line":185,"column":0},"end":{"line":185,"column":null}},"24":{"start":{"line":186,"column":0},"end":{"line":186,"column":null}},"25":{"start":{"line":194,"column":0},"end":{"line":194,"column":null}},"26":{"start":{"line":202,"column":0},"end":{"line":202,"column":null}},"27":{"start":{"line":203,"column":0},"end":{"line":203,"column":null}}},"fnMap":{"0":{"name":"(anonymous_1)","decl":{"start":{"line":97,"column":0},"end":{"line":97,"column":null}},"loc":{"start":{"line":97,"column":0},"end":{"line":97,"column":null}}},"1":{"name":"(anonymous_2)","decl":{"start":{"line":118,"column":0},"end":{"line":118,"column":null}},"loc":{"start":{"line":118,"column":0},"end":{"line":125,"column":null}}},"2":{"name":"(anonymous_3)","decl":{"start":{"line":126,"column":0},"end":{"line":126,"column":null}},"loc":{"start":{"line":126,"column":0},"end":{"line":128,"column":null}}},"3":{"name":"(anonymous_4)","decl":{"start":{"line":129,"column":0},"end":{"line":129,"column":null}},"loc":{"start":{"line":129,"column":0},"end":{"line":146,"column":null}}},"4":{"name":"(anonymous_5)","decl":{"start":{"line":134,"column":0},"end":{"line":134,"column":null}},"loc":{"start":{"line":134,"column":0},"end":{"line":142,"column":null}}},"5":{"name":"(anonymous_6)","decl":{"start":{"line":142,"column":0},"end":{"line":142,"column":null}},"loc":{"start":{"line":142,"column":0},"end":{"line":145,"column":null}}},"6":{"name":"(anonymous_7)","decl":{"start":{"line":147,"column":0},"end":{"line":147,"column":null}},"loc":{"start":{"line":147,"column":0},"end":{"line":166,"column":null}}},"7":{"name":"(anonymous_8)","decl":{"start":{"line":157,"column":0},"end":{"line":157,"column":null}},"loc":{"start":{"line":157,"column":0},"end":{"line":163,"column":null}}},"8":{"name":"(anonymous_9)","decl":{"start":{"line":163,"column":0},"end":{"line":163,"column":null}},"loc":{"start":{"line":163,"column":0},"end":{"line":163,"column":null}}},"9":{"name":"(anonymous_10)","decl":{"start":{"line":169,"column":0},"end":{"line":169,"column":null}},"loc":{"start":{"line":169,"column":0},"end":{"line":178,"column":null}}},"10":{"name":"(anonymous_11)","decl":{"start":{"line":172,"column":0},"end":{"line":172,"column":null}},"loc":{"start":{"line":172,"column":0},"end":{"line":177,"column":null}}},"11":{"name":"(anonymous_12)","decl":{"start":{"line":179,"column":0},"end":{"line":179,"column":null}},"loc":{"start":{"line":179,"column":0},"end":{"line":188,"column":null}}},"12":{"name":"(anonymous_13)","decl":{"start":{"line":180,"column":0},"end":{"line":180,"column":null}},"loc":{"start":{"line":180,"column":0},"end":{"line":187,"column":null}}},"13":{"name":"(anonymous_14)","decl":{"start":{"line":192,"column":0},"end":{"line":192,"column":null}},"loc":{"start":{"line":192,"column":0},"end":{"line":204,"column":null}}}},"branchMap":{"0":{"loc":{"start":{"line":170,"column":0},"end":{"line":170,"column":null}},"type":"if","locations":[{"start":{"line":170,"column":0},"end":{"line":170,"column":null}},{"start":{"line":170,"column":0},"end":{"line":170,"column":null}}]},"1":{"loc":{"start":{"line":175,"column":0},"end":{"line":175,"column":null}},"type":"binary-expr","locations":[{"start":{"line":175,"column":0},"end":{"line":175,"column":null}},{"start":{"line":175,"column":0},"end":{"line":175,"column":null}}]},"2":{"loc":{"start":{"line":181,"column":0},"end":{"line":181,"column":null}},"type":"cond-expr","locations":[{"start":{"line":181,"column":0},"end":{"line":181,"column":null}},{"start":{"line":181,"column":0},"end":{"line":181,"column":null}}]},"3":{"loc":{"start":{"line":194,"column":0},"end":{"line":194,"column":null}},"type":"if","locations":[{"start":{"line":194,"column":0},"end":{"line":194,"column":null}},{"start":{"line":194,"column":0},"end":{"line":194,"column":null}}]}},"s":{"0":0,"1":0,"2":0,"3":0,"4":0,"5":0,"6":0,"7":0,"8":0,"9":0,"10":0,"11":0,"12":0,"13":0,"14":0,"15":0,"16":0,"17":0,"18":0,"19":0,"20":0,"21":0,"22":0,"23":0,"24":0,"25":0,"26":0,"27":0},"f":{"0":0,"1":0,"2":0,"3":0,"4":0,"5":0,"6":0,"7":0,"8":0,"9":0,"10":0,"11":0,"12":0,"13":0},"b":{"0":[0,0],"1":[0,0],"2":[0,0],"3":[0,0]}}
,"C:\\Users\\manni\\Documents\\ComputerScience\\College\\Summer Project\\github\\frontend\\src\\components\\EventBus.js": {"path":"C:\\Users\\manni\\Documents\\ComputerScience\\College\\Summer Project\\github\\frontend\\src\\components\\EventBus.js","statementMap":{"0":{"start":{"line":2,"column":24},"end":{"line":2,"column":33}}},"fnMap":{},"branchMap":{},"s":{"0":0},"f":{},"b":{},"hash":"d20b8eb7daa500957fb3b2d10dd47ae999bfacc5"}
,"C:\\Users\\manni\\Documents\\ComputerScience\\College\\Summer Project\\github\\frontend\\src\\components\\Favourite.vue": {"path":"C:\\Users\\manni\\Documents\\ComputerScience\\College\\Summer Project\\github\\frontend\\src\\components\\Favourite.vue","statementMap":{"0":{"start":{"line":125,"column":0},"end":{"line":125,"column":null}},"1":{"start":{"line":126,"column":0},"end":{"line":126,"column":null}},"2":{"start":{"line":129,"column":0},"end":{"line":129,"column":null}},"3":{"start":{"line":137,"column":0},"end":{"line":137,"column":null}},"4":{"start":{"line":138,"column":0},"end":{"line":139,"column":null}},"5":{"start":{"line":149,"column":0},"end":{"line":149,"column":null}},"6":{"start":{"line":150,"column":0},"end":{"line":151,"column":null}},"7":{"start":{"line":160,"column":0},"end":{"line":161,"column":null}},"8":{"start":{"line":171,"column":0},"end":{"line":171,"column":null}},"9":{"start":{"line":172,"column":0},"end":{"line":172,"column":null}},"10":{"start":{"line":173,"column":0},"end":{"line":173,"column":null}},"11":{"start":{"line":184,"column":0},"end":{"line":184,"column":null}},"12":{"start":{"line":185,"column":0},"end":{"line":239,"column":null}},"13":{"start":{"line":186,"column":0},"end":{"line":202,"column":null}},"14":{"start":{"line":197,"column":0},"end":{"line":197,"column":null}},"15":{"start":{"line":198,"column":0},"end":{"line":198,"column":null}},"16":{"start":{"line":201,"column":0},"end":{"line":201,"column":null}},"17":{"start":{"line":203,"column":0},"end":{"line":239,"column":null}},"18":{"start":{"line":204,"column":0},"end":{"line":220,"column":null}},"19":{"start":{"line":215,"column":0},"end":{"line":215,"column":null}},"20":{"start":{"line":216,"column":0},"end":{"line":216,"column":null}},"21":{"start":{"line":219,"column":0},"end":{"line":219,"column":null}},"22":{"start":{"line":221,"column":0},"end":{"line":239,"column":null}},"23":{"start":{"line":222,"column":0},"end":{"line":238,"column":null}},"24":{"start":{"line":233,"column":0},"end":{"line":233,"column":null}},"25":{"start":{"line":234,"column":0},"end":{"line":234,"column":null}},"26":{"start":{"line":237,"column":0},"end":{"line":237,"column":null}},"27":{"start":{"line":242,"column":0},"end":{"line":242,"column":null}},"28":{"start":{"line":245,"column":0},"end":{"line":245,"column":null}},"29":{"start":{"line":250,"column":0},"end":{"line":250,"column":null}},"30":{"start":{"line":251,"column":0},"end":{"line":251,"column":null}},"31":{"start":{"line":259,"column":0},"end":{"line":275,"column":null}},"32":{"start":{"line":270,"column":0},"end":{"line":270,"column":null}},"33":{"start":{"line":271,"column":0},"end":{"line":271,"column":null}},"34":{"start":{"line":274,"column":0},"end":{"line":274,"column":null}},"35":{"start":{"line":278,"column":0},"end":{"line":294,"column":null}},"36":{"start":{"line":289,"column":0},"end":{"line":289,"column":null}},"37":{"start":{"line":290,"column":0},"end":{"line":290,"column":null}},"38":{"start":{"line":293,"column":0},"end":{"line":293,"column":null}},"39":{"start":{"line":298,"column":0},"end":{"line":314,"column":null}},"40":{"start":{"line":309,"column":0},"end":{"line":309,"column":null}},"41":{"start":{"line":310,"column":0},"end":{"line":310,"column":null}},"42":{"start":{"line":313,"column":0},"end":{"line":313,"column":null}}},"fnMap":{"0":{"name":"(anonymous_1)","decl":{"start":{"line":129,"column":0},"end":{"line":129,"column":null}},"loc":{"start":{"line":129,"column":0},"end":{"line":129,"column":null}}},"1":{"name":"(anonymous_2)","decl":{"start":{"line":136,"column":0},"end":{"line":136,"column":null}},"loc":{"start":{"line":136,"column":0},"end":{"line":146,"column":null}}},"2":{"name":"(anonymous_3)","decl":{"start":{"line":148,"column":0},"end":{"line":148,"column":null}},"loc":{"start":{"line":148,"column":0},"end":{"line":158,"column":null}}},"3":{"name":"(anonymous_4)","decl":{"start":{"line":159,"column":0},"end":{"line":159,"column":null}},"loc":{"start":{"line":159,"column":0},"end":{"line":168,"column":null}}},"4":{"name":"(anonymous_5)","decl":{"start":{"line":170,"column":0},"end":{"line":170,"column":null}},"loc":{"start":{"line":170,"column":0},"end":{"line":174,"column":null}}},"5":{"name":"(anonymous_6)","decl":{"start":{"line":175,"column":0},"end":{"line":175,"column":null}},"loc":{"start":{"line":175,"column":0},"end":{"line":180,"column":null}}},"6":{"name":"(anonymous_7)","decl":{"start":{"line":183,"column":0},"end":{"line":183,"column":null}},"loc":{"start":{"line":183,"column":0},"end":{"line":240,"column":null}}},"7":{"name":"(anonymous_8)","decl":{"start":{"line":190,"column":0},"end":{"line":190,"column":null}},"loc":{"start":{"line":190,"column":0},"end":{"line":199,"column":null}}},"8":{"name":"(anonymous_9)","decl":{"start":{"line":199,"column":0},"end":{"line":199,"column":null}},"loc":{"start":{"line":199,"column":0},"end":{"line":202,"column":null}}},"9":{"name":"(anonymous_10)","decl":{"start":{"line":208,"column":0},"end":{"line":208,"column":null}},"loc":{"start":{"line":208,"column":0},"end":{"line":217,"column":null}}},"10":{"name":"(anonymous_11)","decl":{"start":{"line":217,"column":0},"end":{"line":217,"column":null}},"loc":{"start":{"line":217,"column":0},"end":{"line":220,"column":null}}},"11":{"name":"(anonymous_12)","decl":{"start":{"line":226,"column":0},"end":{"line":226,"column":null}},"loc":{"start":{"line":226,"column":0},"end":{"line":235,"column":null}}},"12":{"name":"(anonymous_13)","decl":{"start":{"line":235,"column":0},"end":{"line":235,"column":null}},"loc":{"start":{"line":235,"column":0},"end":{"line":238,"column":null}}},"13":{"name":"(anonymous_14)","decl":{"start":{"line":241,"column":0},"end":{"line":241,"column":null}},"loc":{"start":{"line":241,"column":0},"end":{"line":243,"column":null}}},"14":{"name":"(anonymous_15)","decl":{"start":{"line":244,"column":0},"end":{"line":244,"column":null}},"loc":{"start":{"line":244,"column":0},"end":{"line":248,"column":null}}},"15":{"name":"(anonymous_16)","decl":{"start":{"line":249,"column":0},"end":{"line":249,"column":null}},"loc":{"start":{"line":249,"column":0},"end":{"line":257,"column":null}}},"16":{"name":"(anonymous_17)","decl":{"start":{"line":258,"column":0},"end":{"line":258,"column":null}},"loc":{"start":{"line":258,"column":0},"end":{"line":276,"column":null}}},"17":{"name":"(anonymous_18)","decl":{"start":{"line":263,"column":0},"end":{"line":263,"column":null}},"loc":{"start":{"line":263,"column":0},"end":{"line":272,"column":null}}},"18":{"name":"(anonymous_19)","decl":{"start":{"line":272,"column":0},"end":{"line":272,"column":null}},"loc":{"start":{"line":272,"column":0},"end":{"line":275,"column":null}}},"19":{"name":"(anonymous_20)","decl":{"start":{"line":277,"column":0},"end":{"line":277,"column":null}},"loc":{"start":{"line":277,"column":0},"end":{"line":295,"column":null}}},"20":{"name":"(anonymous_21)","decl":{"start":{"line":282,"column":0},"end":{"line":282,"column":null}},"loc":{"start":{"line":282,"column":0},"end":{"line":291,"column":null}}},"21":{"name":"(anonymous_22)","decl":{"start":{"line":291,"column":0},"end":{"line":291,"column":null}},"loc":{"start":{"line":291,"column":0},"end":{"line":294,"column":null}}},"22":{"name":"(anonymous_23)","decl":{"start":{"line":297,"column":0},"end":{"line":297,"column":null}},"loc":{"start":{"line":297,"column":0},"end":{"line":315,"column":null}}},"23":{"name":"(anonymous_24)","decl":{"start":{"line":302,"column":0},"end":{"line":302,"column":null}},"loc":{"start":{"line":302,"column":0},"end":{"line":311,"column":null}}},"24":{"name":"(anonymous_25)","decl":{"start":{"line":311,"column":0},"end":{"line":311,"column":null}},"loc":{"start":{"line":311,"column":0},"end":{"line":314,"column":null}}}},"branchMap":{"0":{"loc":{"start":{"line":185,"column":0},"end":{"line":239,"column":null}},"type":"if","locations":[{"start":{"line":185,"column":0},"end":{"line":239,"column":null}},{"start":{"line":185,"column":0},"end":{"line":239,"column":null}}]},"1":{"loc":{"start":{"line":203,"column":0},"end":{"line":239,"column":null}},"type":"if","locations":[{"start":{"line":203,"column":0},"end":{"line":239,"column":null}},{"start":{"line":203,"column":0},"end":{"line":239,"column":null}}]},"2":{"loc":{"start":{"line":221,"column":0},"end":{"line":239,"column":null}},"type":"if","locations":[{"start":{"line":221,"column":0},"end":{"line":239,"column":null}},{"start":{"line":221,"column":0},"end":{"line":239,"column":null}}]}},"s":{"0":1,"1":1,"2":2,"3":0,"4":0,"5":0,"6":0,"7":0,"8":2,"9":2,"10":2,"11":0,"12":0,"13":0,"14":0,"15":0,"16":0,"17":0,"18":0,"19":0,"20":0,"21":0,"22":0,"23":0,"24":0,"25":0,"26":0,"27":0,"28":0,"29":0,"30":0,"31":0,"32":0,"33":0,"34":0,"35":0,"36":0,"37":0,"38":0,"39":0,"40":0,"41":0,"42":0},"f":{"0":2,"1":0,"2":0,"3":0,"4":2,"5":2,"6":0,"7":0,"8":0,"9":0,"10":0,"11":0,"12":0,"13":0,"14":0,"15":0,"16":0,"17":0,"18":0,"19":0,"20":0,"21":0,"22":0,"23":0,"24":0},"b":{"0":[0,0],"1":[0,0],"2":[0,0]}}
,"C:\\Users\\manni\\Documents\\ComputerScience\\College\\Summer Project\\github\\frontend\\src\\components\\FilterByStop.vue": {"path":"C:\\Users\\manni\\Documents\\ComputerScience\\College\\Summer Project\\github\\frontend\\src\\components\\FilterByStop.vue","statementMap":{"0":{"start":{"line":17,"column":0},"end":{"line":17,"column":null}}},"fnMap":{"0":{"name":"(anonymous_1)","decl":{"start":{"line":17,"column":0},"end":{"line":17,"column":null}},"loc":{"start":{"line":17,"column":0},"end":{"line":17,"column":null}}}},"branchMap":{},"s":{"0":0},"f":{"0":0},"b":{}}
,"C:\\Users\\manni\\Documents\\ComputerScience\\College\\Summer Project\\github\\frontend\\src\\components\\InfoWindow.vue": {"path":"C:\\Users\\manni\\Documents\\ComputerScience\\College\\Summer Project\\github\\frontend\\src\\components\\InfoWindow.vue","statementMap":{"0":{"start":{"line":51,"column":0},"end":{"line":51,"column":null}},"1":{"start":{"line":55,"column":0},"end":{"line":55,"column":null}},"2":{"start":{"line":57,"column":0},"end":{"line":65,"column":null}},"3":{"start":{"line":58,"column":0},"end":{"line":58,"column":null}},"4":{"start":{"line":59,"column":0},"end":{"line":65,"column":null}},"5":{"start":{"line":60,"column":0},"end":{"line":60,"column":null}},"6":{"start":{"line":61,"column":0},"end":{"line":65,"column":null}},"7":{"start":{"line":62,"column":0},"end":{"line":62,"column":null}},"8":{"start":{"line":63,"column":0},"end":{"line":65,"column":null}},"9":{"start":{"line":64,"column":0},"end":{"line":64,"column":null}},"10":{"start":{"line":69,"column":0},"end":{"line":69,"column":null}}},"fnMap":{"0":{"name":"(anonymous_1)","decl":{"start":{"line":54,"column":0},"end":{"line":54,"column":null}},"loc":{"start":{"line":54,"column":0},"end":{"line":66,"column":null}}},"1":{"name":"(anonymous_2)","decl":{"start":{"line":68,"column":0},"end":{"line":68,"column":null}},"loc":{"start":{"line":68,"column":0},"end":{"line":85,"column":null}}}},"branchMap":{"0":{"loc":{"start":{"line":57,"column":0},"end":{"line":65,"column":null}},"type":"if","locations":[{"start":{"line":57,"column":0},"end":{"line":65,"column":null}},{"start":{"line":57,"column":0},"end":{"line":65,"column":null}}]},"1":{"loc":{"start":{"line":59,"column":0},"end":{"line":65,"column":null}},"type":"if","locations":[{"start":{"line":59,"column":0},"end":{"line":65,"column":null}},{"start":{"line":59,"column":0},"end":{"line":65,"column":null}}]},"2":{"loc":{"start":{"line":61,"column":0},"end":{"line":65,"column":null}},"type":"if","locations":[{"start":{"line":61,"column":0},"end":{"line":65,"column":null}},{"start":{"line":61,"column":0},"end":{"line":65,"column":null}}]},"3":{"loc":{"start":{"line":63,"column":0},"end":{"line":65,"column":null}},"type":"if","locations":[{"start":{"line":63,"column":0},"end":{"line":65,"column":null}},{"start":{"line":63,"column":0},"end":{"line":65,"column":null}}]}},"s":{"0":0,"1":0,"2":0,"3":0,"4":0,"5":0,"6":0,"7":0,"8":0,"9":0,"10":0},"f":{"0":0,"1":0},"b":{"0":[0,0],"1":[0,0],"2":[0,0],"3":[0,0]}}
,"C:\\Users\\manni\\Documents\\ComputerScience\\College\\Summer Project\\github\\frontend\\src\\components\\Landmarks.vue": {"path":"C:\\Users\\manni\\Documents\\ComputerScience\\College\\Summer Project\\github\\frontend\\src\\components\\Landmarks.vue","statementMap":{"0":{"start":{"line":18,"column":0},"end":{"line":18,"column":null}},"1":{"start":{"line":36,"column":0},"end":{"line":36,"column":null}}},"fnMap":{"0":{"name":"(anonymous_1)","decl":{"start":{"line":35,"column":0},"end":{"line":35,"column":null}},"loc":{"start":{"line":35,"column":0},"end":{"line":112,"column":null}}}},"branchMap":{},"s":{"0":0,"1":0},"f":{"0":0},"b":{}}
,"C:\\Users\\manni\\Documents\\ComputerScience\\College\\Summer Project\\github\\frontend\\src\\components\\NavBar.vue": {"path":"C:\\Users\\manni\\Documents\\ComputerScience\\College\\Summer Project\\github\\frontend\\src\\components\\NavBar.vue","statementMap":{"0":{"start":{"line":59,"column":0},"end":{"line":59,"column":null}},"1":{"start":{"line":61,"column":0},"end":{"line":61,"column":null}},"2":{"start":{"line":62,"column":0},"end":{"line":62,"column":null}},"3":{"start":{"line":69,"column":0},"end":{"line":69,"column":null}},"4":{"start":{"line":76,"column":0},"end":{"line":76,"column":null}}},"fnMap":{"0":{"name":"(anonymous_1)","decl":{"start":{"line":69,"column":0},"end":{"line":69,"column":null}},"loc":{"start":{"line":69,"column":0},"end":{"line":69,"column":null}}},"1":{"name":"(anonymous_2)","decl":{"start":{"line":75,"column":0},"end":{"line":75,"column":null}},"loc":{"start":{"line":75,"column":0},"end":{"line":77,"column":null}}}},"branchMap":{},"s":{"0":0,"1":0,"2":0,"3":0,"4":0},"f":{"0":0,"1":0},"b":{}}
,"C:\\Users\\manni\\Documents\\ComputerScience\\College\\Summer Project\\github\\frontend\\src\\components\\Rating.vue": {"path":"C:\\Users\\manni\\Documents\\ComputerScience\\College\\Summer Project\\github\\frontend\\src\\components\\Rating.vue","statementMap":{"0":{"start":{"line":53,"column":0},"end":{"line":53,"column":null}}},"fnMap":{"0":{"name":"(anonymous_1)","decl":{"start":{"line":52,"column":0},"end":{"line":52,"column":null}},"loc":{"start":{"line":52,"column":0},"end":{"line":54,"column":null}}}},"branchMap":{},"s":{"0":0},"f":{"0":0},"b":{}}
,"C:\\Users\\manni\\Documents\\ComputerScience\\College\\Summer Project\\github\\frontend\\src\\components\\RatingInput.vue": {"path":"C:\\Users\\manni\\Documents\\ComputerScience\\College\\Summer Project\\github\\frontend\\src\\components\\RatingInput.vue","statementMap":{"0":{"start":{"line":138,"column":0},"end":{"line":138,"column":null}},"1":{"start":{"line":142,"column":0},"end":{"line":142,"column":null}},"2":{"start":{"line":155,"column":0},"end":{"line":155,"column":null}},"3":{"start":{"line":156,"column":0},"end":{"line":156,"column":null}},"4":{"start":{"line":160,"column":0},"end":{"line":179,"column":null}},"5":{"start":{"line":175,"column":0},"end":{"line":175,"column":null}},"6":{"start":{"line":178,"column":0},"end":{"line":178,"column":null}}},"fnMap":{"0":{"name":"(anonymous_1)","decl":{"start":{"line":142,"column":0},"end":{"line":142,"column":null}},"loc":{"start":{"line":142,"column":0},"end":{"line":142,"column":null}}},"1":{"name":"(anonymous_2)","decl":{"start":{"line":154,"column":0},"end":{"line":154,"column":null}},"loc":{"start":{"line":154,"column":0},"end":{"line":157,"column":null}}},"2":{"name":"(anonymous_3)","decl":{"start":{"line":159,"column":0},"end":{"line":159,"column":null}},"loc":{"start":{"line":159,"column":0},"end":{"line":180,"column":null}}},"3":{"name":"(anonymous_4)","decl":{"start":{"line":161,"column":0},"end":{"line":161,"column":null}},"loc":{"start":{"line":161,"column":0},"end":{"line":176,"column":null}}},"4":{"name":"(anonymous_5)","decl":{"start":{"line":176,"column":0},"end":{"line":176,"column":null}},"loc":{"start":{"line":176,"column":0},"end":{"line":179,"column":null}}},"5":{"name":"(anonymous_6)","decl":{"start":{"line":181,"column":0},"end":{"line":181,"column":null}},"loc":{"start":{"line":181,"column":0},"end":{"line":183,"column":null}}}},"branchMap":{},"s":{"0":0,"1":0,"2":0,"3":0,"4":0,"5":0,"6":0},"f":{"0":0,"1":0,"2":0,"3":0,"4":0,"5":0},"b":{}}
,"C:\\Users\\manni\\Documents\\ComputerScience\\College\\Summer Project\\github\\frontend\\src\\components\\RouteViewer.vue": {"path":"C:\\Users\\manni\\Documents\\ComputerScience\\College\\Summer Project\\github\\frontend\\src\\components\\RouteViewer.vue","statementMap":{"0":{"start":{"line":90,"column":0},"end":{"line":90,"column":null}},"1":{"start":{"line":91,"column":0},"end":{"line":91,"column":null}},"2":{"start":{"line":94,"column":0},"end":{"line":94,"column":null}},"3":{"start":{"line":114,"column":0},"end":{"line":114,"column":null}},"4":{"start":{"line":115,"column":0},"end":{"line":115,"column":null}},"5":{"start":{"line":119,"column":0},"end":{"line":119,"column":null}},"6":{"start":{"line":122,"column":0},"end":{"line":122,"column":null}},"7":{"start":{"line":123,"column":0},"end":{"line":141,"column":null}},"8":{"start":{"line":137,"column":0},"end":{"line":137,"column":null}},"9":{"start":{"line":140,"column":0},"end":{"line":140,"column":null}},"10":{"start":{"line":144,"column":0},"end":{"line":144,"column":null}},"11":{"start":{"line":145,"column":0},"end":{"line":145,"column":null}},"12":{"start":{"line":148,"column":0},"end":{"line":148,"column":null}},"13":{"start":{"line":149,"column":0},"end":{"line":149,"column":null}},"14":{"start":{"line":150,"column":0},"end":{"line":150,"column":null}},"15":{"start":{"line":155,"column":0},"end":{"line":155,"column":null}},"16":{"start":{"line":157,"column":0},"end":{"line":162,"column":null}},"17":{"start":{"line":158,"column":0},"end":{"line":158,"column":null}},"18":{"start":{"line":165,"column":0},"end":{"line":172,"column":null}},"19":{"start":{"line":166,"column":0},"end":{"line":166,"column":null}},"20":{"start":{"line":170,"column":0},"end":{"line":170,"column":null}},"21":{"start":{"line":171,"column":0},"end":{"line":171,"column":null}},"22":{"start":{"line":179,"column":0},"end":{"line":179,"column":null}},"23":{"start":{"line":187,"column":0},"end":{"line":187,"column":null}}},"fnMap":{"0":{"name":"(anonymous_1)","decl":{"start":{"line":94,"column":0},"end":{"line":94,"column":null}},"loc":{"start":{"line":94,"column":0},"end":{"line":94,"column":null}}},"1":{"name":"(anonymous_2)","decl":{"start":{"line":113,"column":0},"end":{"line":113,"column":null}},"loc":{"start":{"line":113,"column":0},"end":{"line":116,"column":null}}},"2":{"name":"(anonymous_3)","decl":{"start":{"line":118,"column":0},"end":{"line":118,"column":null}},"loc":{"start":{"line":118,"column":0},"end":{"line":120,"column":null}}},"3":{"name":"(anonymous_4)","decl":{"start":{"line":121,"column":0},"end":{"line":121,"column":null}},"loc":{"start":{"line":121,"column":0},"end":{"line":142,"column":null}}},"4":{"name":"(anonymous_5)","decl":{"start":{"line":127,"column":0},"end":{"line":127,"column":null}},"loc":{"start":{"line":127,"column":0},"end":{"line":138,"column":null}}},"5":{"name":"(anonymous_6)","decl":{"start":{"line":138,"column":0},"end":{"line":138,"column":null}},"loc":{"start":{"line":138,"column":0},"end":{"line":141,"column":null}}},"6":{"name":"(anonymous_7)","decl":{"start":{"line":143,"column":0},"end":{"line":143,"column":null}},"loc":{"start":{"line":143,"column":0},"end":{"line":151,"column":null}}},"7":{"name":"(anonymous_8)","decl":{"start":{"line":154,"column":0},"end":{"line":154,"column":null}},"loc":{"start":{"line":154,"column":0},"end":{"line":163,"column":null}}},"8":{"name":"(anonymous_9)","decl":{"start":{"line":157,"column":0},"end":{"line":157,"column":null}},"loc":{"start":{"line":157,"column":0},"end":{"line":162,"column":null}}},"9":{"name":"(anonymous_10)","decl":{"start":{"line":164,"column":0},"end":{"line":164,"column":null}},"loc":{"start":{"line":164,"column":0},"end":{"line":173,"column":null}}},"10":{"name":"(anonymous_11)","decl":{"start":{"line":165,"column":0},"end":{"line":165,"column":null}},"loc":{"start":{"line":165,"column":0},"end":{"line":172,"column":null}}},"11":{"name":"(anonymous_12)","decl":{"start":{"line":177,"column":0},"end":{"line":177,"column":null}},"loc":{"start":{"line":177,"column":0},"end":{"line":188,"column":null}}}},"branchMap":{"0":{"loc":{"start":{"line":155,"column":0},"end":{"line":155,"column":null}},"type":"if","locations":[{"start":{"line":155,"column":0},"end":{"line":155,"column":null}},{"start":{"line":155,"column":0},"end":{"line":155,"column":null}}]},"1":{"loc":{"start":{"line":160,"column":0},"end":{"line":160,"column":null}},"type":"binary-expr","locations":[{"start":{"line":160,"column":0},"end":{"line":160,"column":null}},{"start":{"line":160,"column":0},"end":{"line":160,"column":null}}]},"2":{"loc":{"start":{"line":166,"column":0},"end":{"line":166,"column":null}},"type":"cond-expr","locations":[{"start":{"line":166,"column":0},"end":{"line":166,"column":null}},{"start":{"line":166,"column":0},"end":{"line":166,"column":null}}]},"3":{"loc":{"start":{"line":179,"column":0},"end":{"line":179,"column":null}},"type":"if","locations":[{"start":{"line":179,"column":0},"end":{"line":179,"column":null}},{"start":{"line":179,"column":0},"end":{"line":179,"column":null}}]}},"s":{"0":0,"1":0,"2":0,"3":0,"4":0,"5":0,"6":0,"7":0,"8":0,"9":0,"10":0,"11":0,"12":0,"13":0,"14":0,"15":0,"16":0,"17":0,"18":0,"19":0,"20":0,"21":0,"22":0,"23":0},"f":{"0":0,"1":0,"2":0,"3":0,"4":0,"5":0,"6":0,"7":0,"8":0,"9":0,"10":0,"11":0},"b":{"0":[0,0],"1":[0,0],"2":[0,0],"3":[0,0]}}
,"C:\\Users\\manni\\Documents\\ComputerScience\\College\\Summer Project\\github\\frontend\\src\\components\\SortBy.vue": {"path":"C:\\Users\\manni\\Documents\\ComputerScience\\College\\Summer Project\\github\\frontend\\src\\components\\SortBy.vue","statementMap":{"0":{"start":{"line":17,"column":0},"end":{"line":17,"column":null}}},"fnMap":{"0":{"name":"(anonymous_1)","decl":{"start":{"line":17,"column":0},"end":{"line":17,"column":null}},"loc":{"start":{"line":17,"column":0},"end":{"line":17,"column":null}}}},"branchMap":{},"s":{"0":0},"f":{"0":0},"b":{}}
,"C:\\Users\\manni\\Documents\\ComputerScience\\College\\Summer Project\\github\\frontend\\src\\components\\LoginCard\\LoginCard.vue": {"path":"C:\\Users\\manni\\Documents\\ComputerScience\\College\\Summer Project\\github\\frontend\\src\\components\\LoginCard\\LoginCard.vue","statementMap":{"0":{"start":{"line":8,"column":0},"end":{"line":8,"column":null}},"1":{"start":{"line":9,"column":0},"end":{"line":9,"column":null}},"2":{"start":{"line":15,"column":0},"end":{"line":15,"column":null}}},"fnMap":{"0":{"name":"(anonymous_1)","decl":{"start":{"line":13,"column":0},"end":{"line":13,"column":null}},"loc":{"start":{"line":13,"column":0},"end":{"line":16,"column":null}}}},"branchMap":{},"s":{"0":0,"1":0,"2":0},"f":{"0":0},"b":{}}
,"C:\\Users\\manni\\Documents\\ComputerScience\\College\\Summer Project\\github\\frontend\\src\\components\\LoginCard\\LoginCardDesktop.vue": {"path":"C:\\Users\\manni\\Documents\\ComputerScience\\College\\Summer Project\\github\\frontend\\src\\components\\LoginCard\\LoginCardDesktop.vue","statementMap":{"0":{"start":{"line":25,"column":0},"end":{"line":25,"column":null}}},"fnMap":{},"branchMap":{},"s":{"0":0},"f":{},"b":{}}
,"C:\\Users\\manni\\Documents\\ComputerScience\\College\\Summer Project\\github\\frontend\\src\\components\\LoginCard\\LoginCardMobile.vue": {"path":"C:\\Users\\manni\\Documents\\ComputerScience\\College\\Summer Project\\github\\frontend\\src\\components\\LoginCard\\LoginCardMobile.vue","statementMap":{"0":{"start":{"line":11,"column":0},"end":{"line":11,"column":null}}},"fnMap":{},"branchMap":{},"s":{"0":0},"f":{},"b":{}}
,"C:\\Users\\manni\\Documents\\ComputerScience\\College\\Summer Project\\github\\frontend\\src\\i18n\\index.js": {"path":"C:\\Users\\manni\\Documents\\ComputerScience\\College\\Summer Project\\github\\frontend\\src\\i18n\\index.js","statementMap":{"0":{"start":{"line":14,"column":0},"end":{"line":14,"column":16}},"1":{"start":{"line":16,"column":13},"end":{"line":20,"column":2}}},"fnMap":{},"branchMap":{},"s":{"0":0,"1":0},"f":{},"b":{},"hash":"f7d9a5bde762611c564f6348bc518d1d61901588"}
,"C:\\Users\\manni\\Documents\\ComputerScience\\College\\Summer Project\\github\\frontend\\src\\lang\\index.js": {"path":"C:\\Users\\manni\\Documents\\ComputerScience\\College\\Summer Project\\github\\frontend\\src\\lang\\index.js","statementMap":{"0":{"start":{"line":4,"column":20},"end":{"line":8,"column":1}},"1":{"start":{"line":10,"column":17},"end":{"line":10,"column":19}},"2":{"start":{"line":12,"column":0},"end":{"line":26,"column":1}},"3":{"start":{"line":13,"column":2},"end":{"line":13,"column":37}},"4":{"start":{"line":13,"column":29},"end":{"line":13,"column":37}},"5":{"start":{"line":15,"column":15},"end":{"line":15,"column":61}},"6":{"start":{"line":17,"column":2},"end":{"line":25,"column":14}},"7":{"start":{"line":18,"column":4},"end":{"line":18,"column":25}},"8":{"start":{"line":18,"column":14},"end":{"line":18,"column":25}},"9":{"start":{"line":20,"column":4},"end":{"line":22,"column":10}},"10":{"start":{"line":24,"column":4},"end":{"line":24,"column":15}}},"fnMap":{"0":{"name":"(anonymous_0)","decl":{"start":{"line":17,"column":14},"end":{"line":17,"column":15}},"loc":{"start":{"line":17,"column":27},"end":{"line":25,"column":3}},"line":17}},"branchMap":{"0":{"loc":{"start":{"line":13,"column":2},"end":{"line":13,"column":37}},"type":"if","locations":[{"start":{"line":13,"column":2},"end":{"line":13,"column":37}},{"start":{"line":13,"column":2},"end":{"line":13,"column":37}}],"line":13},"1":{"loc":{"start":{"line":18,"column":4},"end":{"line":18,"column":25}},"type":"if","locations":[{"start":{"line":18,"column":4},"end":{"line":18,"column":25}},{"start":{"line":18,"column":4},"end":{"line":18,"column":25}}],"line":18},"2":{"loc":{"start":{"line":20,"column":11},"end":{"line":22,"column":10}},"type":"cond-expr","locations":[{"start":{"line":21,"column":8},"end":{"line":21,"column":25}},{"start":{"line":22,"column":8},"end":{"line":22,"column":10}}],"line":20}},"s":{"0":0,"1":0,"2":0,"3":0,"4":0,"5":0,"6":0,"7":0,"8":0,"9":0,"10":0},"f":{"0":0},"b":{"0":[0,0],"1":[0,0],"2":[0,0]},"hash":"27b3241a2845fe6743549969822e251042d02058"}
,"C:\\Users\\manni\\Documents\\ComputerScience\\College\\Summer Project\\github\\frontend\\src\\locale\\en.js": {"path":"C:\\Users\\manni\\Documents\\ComputerScience\\College\\Summer Project\\github\\frontend\\src\\locale\\en.js","statementMap":{},"fnMap":{},"branchMap":{},"s":{},"f":{},"b":{},"hash":"5e3a4995bbe6ef9520972ef21e786bc7cce01b36"}
,"C:\\Users\\manni\\Documents\\ComputerScience\\College\\Summer Project\\github\\frontend\\src\\plugins\\axios.js": {"path":"C:\\Users\\manni\\Documents\\ComputerScience\\College\\Summer Project\\github\\frontend\\src\\plugins\\axios.js","statementMap":{"0":{"start":{"line":7,"column":0},"end":{"line":7,"column":56}},"1":{"start":{"line":8,"column":0},"end":{"line":8,"column":58}},"2":{"start":{"line":10,"column":14},"end":{"line":10,"column":43}},"3":{"start":{"line":11,"column":0},"end":{"line":13,"column":1}},"4":{"start":{"line":12,"column":2},"end":{"line":12,"column":69}},"5":{"start":{"line":16,"column":20},"end":{"line":19,"column":2}},"6":{"start":{"line":21,"column":0},"end":{"line":33,"column":2}},"7":{"start":{"line":24,"column":4},"end":{"line":24,"column":22}},"8":{"start":{"line":25,"column":4},"end":{"line":25,"column":19}},"9":{"start":{"line":30,"column":4},"end":{"line":30,"column":21}},"10":{"start":{"line":31,"column":4},"end":{"line":31,"column":33}},"11":{"start":{"line":36,"column":0},"end":{"line":47,"column":2}},"12":{"start":{"line":38,"column":4},"end":{"line":38,"column":21}},"13":{"start":{"line":39,"column":4},"end":{"line":39,"column":20}},"14":{"start":{"line":44,"column":4},"end":{"line":44,"column":21}},"15":{"start":{"line":45,"column":4},"end":{"line":45,"column":33}},"16":{"start":{"line":49,"column":0},"end":{"line":49,"column":27}}},"fnMap":{"0":{"name":"(anonymous_0)","decl":{"start":{"line":22,"column":2},"end":{"line":22,"column":3}},"loc":{"start":{"line":22,"column":20},"end":{"line":26,"column":3}},"line":22},"1":{"name":"(anonymous_1)","decl":{"start":{"line":27,"column":2},"end":{"line":27,"column":3}},"loc":{"start":{"line":27,"column":18},"end":{"line":32,"column":3}},"line":27},"2":{"name":"(anonymous_2)","decl":{"start":{"line":37,"column":2},"end":{"line":37,"column":3}},"loc":{"start":{"line":37,"column":21},"end":{"line":40,"column":3}},"line":37},"3":{"name":"(anonymous_3)","decl":{"start":{"line":41,"column":2},"end":{"line":41,"column":3}},"loc":{"start":{"line":41,"column":18},"end":{"line":46,"column":3}},"line":41}},"branchMap":{"0":{"loc":{"start":{"line":11,"column":0},"end":{"line":13,"column":1}},"type":"if","locations":[{"start":{"line":11,"column":0},"end":{"line":13,"column":1}},{"start":{"line":11,"column":0},"end":{"line":13,"column":1}}],"line":11}},"s":{"0":0,"1":0,"2":0,"3":0,"4":0,"5":0,"6":0,"7":0,"8":0,"9":0,"10":0,"11":0,"12":0,"13":0,"14":0,"15":0,"16":0},"f":{"0":0,"1":0,"2":0,"3":0},"b":{"0":[0,0]},"hash":"c9eefcdb8d6cd2e4ccb7bb6fb3e5d4906434c202"}
,"C:\\Users\\manni\\Documents\\ComputerScience\\College\\Summer Project\\github\\frontend\\src\\plugins\\chartist.js": {"path":"C:\\Users\\manni\\Documents\\ComputerScience\\College\\Summer Project\\github\\frontend\\src\\plugins\\chartist.js","statementMap":{"0":{"start":{"line":5,"column":0},"end":{"line":5,"column":32}}},"fnMap":{},"branchMap":{},"s":{"0":0},"f":{},"b":{},"hash":"24873567120399f6b15f2ef07fc5f2926e985612"}
,"C:\\Users\\manni\\Documents\\ComputerScience\\College\\Summer Project\\github\\frontend\\src\\plugins\\index.js": {"path":"C:\\Users\\manni\\Documents\\ComputerScience\\College\\Summer Project\\github\\frontend\\src\\plugins\\index.js","statementMap":{},"fnMap":{},"branchMap":{},"s":{},"f":{},"b":{},"hash":"6bed6e01a190ef99d86f2bf07cfc93c547710a92"}
[...]
,"C:\\Users\\manni\\Documents\\ComputerScience\\College\\Summer Project\\github\\frontend\\src\\store\\modules\\drawertoggle\\actions.js": {"path":"C:\\Users\\manni\\Documents\\ComputerScience\\College\\Summer Project\\github\\frontend\\src\\store\\modules\\drawertoggle\\actions.js","statementMap":{"0":{"start":{"line":4,"column":4},"end":{"line":4,"column":32}}},"fnMap":{"0":{"name":"(anonymous_0)","decl":{"start":{"line":2,"column":2},"end":{"line":2,"column":3}},"loc":{"start":{"line":2,"column":23},"end":{"line":5,"column":3}},"line":2}},"branchMap":{},"s":{"0":0},"f":{"0":0},"b":{},"hash":"aaa8db3805fd4422ac9169f1c4986008abafc6d2"}
,"C:\\Users\\manni\\Documents\\ComputerScience\\College\\Summer Project\\github\\frontend\\src\\store\\modules\\drawertoggle\\mutations.js": {"path":"C:\\Users\\manni\\Documents\\ComputerScience\\College\\Summer Project\\github\\frontend\\src\\store\\modules\\drawertoggle\\mutations.js","statementMap":{"0":{"start":{"line":10,"column":12},"end":{"line":10,"column":73}},"1":{"start":{"line":10,"column":26},"end":{"line":10,"column":73}},"2":{"start":{"line":10,"column":47},"end":{"line":10,"column":72}},"3":{"start":{"line":12,"column":15},"end":{"line":17,"column":1}},"4":{"start":{"line":12,"column":29},"end":{"line":17,"column":1}},"5":{"start":{"line":15,"column":2},"end":{"line":15,"column":20}},"6":{"start":{"line":16,"column":2},"end":{"line":16,"column":46}},"7":{"start":{"line":19,"column":26},"end":{"line":23,"column":1}},"8":{"start":{"line":21,"column":2},"end":{"line":21,"column":27}}},"fnMap":{"0":{"name":"(anonymous_0)","decl":{"start":{"line":10,"column":12},"end":{"line":10,"column":13}},"loc":{"start":{"line":10,"column":26},"end":{"line":10,"column":73}},"line":10},"1":{"name":"(anonymous_1)","decl":{"start":{"line":10,"column":26},"end":{"line":10,"column":27}},"loc":{"start":{"line":10,"column":47},"end":{"line":10,"column":72}},"line":10},"2":{"name":"(anonymous_2)","decl":{"start":{"line":12,"column":15},"end":{"line":12,"column":16}},"loc":{"start":{"line":12,"column":29},"end":{"line":17,"column":1}},"line":12},"3":{"name":"(anonymous_3)","decl":{"start":{"line":12,"column":29},"end":{"line":12,"column":30}},"loc":{"start":{"line":12,"column":40},"end":{"line":17,"column":1}},"line":12},"4":{"name":"(anonymous_4)","decl":{"start":{"line":19,"column":26},"end":{"line":19,"column":27}},"loc":{"start":{"line":19,"column":37},"end":{"line":23,"column":1}},"line":19}},"branchMap":{},"s":{"0":0,"1":0,"2":0,"3":0,"4":0,"5":0,"6":0,"7":0,"8":0},"f":{"0":0,"1":0,"2":0,"3":0,"4":0},"b":{},"hash":"f83cf303f57bfb66bc4a7f0dea5a15e1ab9d589c"}
,"C:\\Users\\manni\\Documents\\ComputerScience\\College\\Summer Project\\github\\frontend\\src\\store\\modules\\drawertoggle\\state.js": {"path":"C:\\Users\\manni\\Documents\\ComputerScience\\College\\Summer Project\\github\\frontend\\src\\store\\modules\\drawertoggle\\state.js","statementMap":{},"fnMap":{},"branchMap":{},"s":{},"f":{},"b":{},"hash":"e716692334934de3605b5ce3c53ea4d166348dea"}
,"C:\\Users\\manni\\Documents\\ComputerScience\\College\\Summer Project\\github\\frontend\\src\\views\\Home.vue": {"path":"C:\\Users\\manni\\Documents\\ComputerScience\\College\\Summer Project\\github\\frontend\\src\\views\\Home.vue","statementMap":{"0":{"start":{"line":6,"column":0},"end":{"line":6,"column":null}}},"fnMap":{},"branchMap":{},"s":{"0":0},"f":{},"b":{}}
,"C:\\Users\\manni\\Documents\\ComputerScience\\College\\Summer Project\\github\\frontend\\src\\views\\Login.vue": {"path":"C:\\Users\\manni\\Documents\\ComputerScience\\College\\Summer Project\\github\\frontend\\src\\views\\Login.vue","statementMap":{"0":{"start":{"line":46,"column":0},"end":{"line":46,"column":null}},"1":{"start":{"line":54,"column":0},"end":{"line":65,"column":null}},"2":{"start":{"line":60,"column":0},"end":{"line":60,"column":null}},"3":{"start":{"line":64,"column":0},"end":{"line":64,"column":null}}},"fnMap":{"0":{"name":"(anonymous_1)","decl":{"start":{"line":45,"column":0},"end":{"line":45,"column":null}},"loc":{"start":{"line":45,"column":0},"end":{"line":51,"column":null}}},"1":{"name":"(anonymous_2)","decl":{"start":{"line":53,"column":0},"end":{"line":53,"column":null}},"loc":{"start":{"line":53,"column":0},"end":{"line":66,"column":null}}},"2":{"name":"(anonymous_3)","decl":{"start":{"line":55,"column":0},"end":{"line":55,"column":null}},"loc":{"start":{"line":55,"column":0},"end":{"line":61,"column":null}}},"3":{"name":"(anonymous_4)","decl":{"start":{"line":61,"column":0},"end":{"line":61,"column":null}},"loc":{"start":{"line":61,"column":0},"end":{"line":65,"column":null}}}},"branchMap":{},"s":{"0":0,"1":0,"2":0,"3":0},"f":{"0":0,"1":0,"2":0,"3":0},"b":{}}
,"C:\\Users\\manni\\Documents\\ComputerScience\\College\\Summer Project\\github\\frontend\\src\\views\\Logout.vue": {"path":"C:\\Users\\manni\\Documents\\ComputerScience\\College\\Summer Project\\github\\frontend\\src\\views\\Logout.vue","statementMap":{"0":{"start":{"line":8,"column":0},"end":{"line":10,"column":null}},"1":{"start":{"line":9,"column":0},"end":{"line":9,"column":null}}},"fnMap":{"0":{"name":"(anonymous_1)","decl":{"start":{"line":7,"column":0},"end":{"line":7,"column":null}},"loc":{"start":{"line":7,"column":0},"end":{"line":11,"column":null}}},"1":{"name":"(anonymous_2)","decl":{"start":{"line":8,"column":0},"end":{"line":8,"column":null}},"loc":{"start":{"line":8,"column":0},"end":{"line":10,"column":null}}}},"branchMap":{},"s":{"0":0,"1":0},"f":{"0":0,"1":0},"b":{}}
,"C:\\Users\\manni\\Documents\\ComputerScience\\College\\Summer Project\\github\\frontend\\src\\views\\Messages.vue": {"path":"C:\\Users\\manni\\Documents\\ComputerScience\\College\\Summer Project\\github\\frontend\\src\\views\\Messages.vue","statementMap":{"0":{"start":{"line":30,"column":0},"end":{"line":30,"column":null}},"1":{"start":{"line":35,"column":0},"end":{"line":35,"column":null}},"2":{"start":{"line":41,"column":0},"end":{"line":41,"column":null}},"3":{"start":{"line":48,"column":0},"end":{"line":48,"column":null}}},"fnMap":{"0":{"name":"(anonymous_1)","decl":{"start":{"line":34,"column":0},"end":{"line":34,"column":null}},"loc":{"start":{"line":34,"column":0},"end":{"line":39,"column":null}}},"1":{"name":"(anonymous_2)","decl":{"start":{"line":41,"column":0},"end":{"line":41,"column":null}},"loc":{"start":{"line":41,"column":0},"end":{"line":41,"column":null}}},"2":{"name":"(anonymous_3)","decl":{"start":{"line":47,"column":0},"end":{"line":47,"column":null}},"loc":{"start":{"line":47,"column":0},"end":{"line":49,"column":null}}}},"branchMap":{},"s":{"0":0,"1":0,"2":0,"3":0},"f":{"0":0,"1":0,"2":0},"b":{}}
,"C:\\Users\\manni\\Documents\\ComputerScience\\College\\Summer Project\\github\\frontend\\src\\views\\News.vue": {"path":"C:\\Users\\manni\\Documents\\ComputerScience\\College\\Summer Project\\github\\frontend\\src\\views\\News.vue","statementMap":{"0":{"start":{"line":32,"column":0},"end":{"line":32,"column":null}},"1":{"start":{"line":41,"column":0},"end":{"line":41,"column":null}},"2":{"start":{"line":42,"column":0},"end":{"line":42,"column":null}},"3":{"start":{"line":46,"column":0},"end":{"line":46,"column":null}},"4":{"start":{"line":48,"column":0},"end":{"line":48,"column":null}}},"fnMap":{"0":{"name":"(anonymous_1)","decl":{"start":{"line":40,"column":0},"end":{"line":40,"column":null}},"loc":{"start":{"line":40,"column":0},"end":{"line":47,"column":null}}},"1":{"name":"(anonymous_2)","decl":{"start":{"line":48,"column":0},"end":{"line":48,"column":null}},"loc":{"start":{"line":48,"column":0},"end":{"line":48,"column":null}}}},"branchMap":{},"s":{"0":0,"1":0,"2":0,"3":0,"4":0},"f":{"0":0,"1":0},"b":{}}
,"C:\\Users\\manni\\Documents\\ComputerScience\\College\\Summer Project\\github\\frontend\\src\\views\\Rating.vue": {"path":"C:\\Users\\manni\\Documents\\ComputerScience\\College\\Summer Project\\github\\frontend\\src\\views\\Rating.vue","statementMap":{"0":{"start":{"line":29,"column":0},"end":{"line":29,"column":null}},"1":{"start":{"line":30,"column":0},"end":{"line":30,"column":null}},"2":{"start":{"line":31,"column":0},"end":{"line":31,"column":null}},"3":{"start":{"line":39,"column":0},"end":{"line":39,"column":null}},"4":{"start":{"line":40,"column":0},"end":{"line":40,"column":null}},"5":{"start":{"line":42,"column":0},"end":{"line":42,"column":null}},"6":{"start":{"line":51,"column":0},"end":{"line":51,"column":null}}},"fnMap":{"0":{"name":"(anonymous_1)","decl":{"start":{"line":38,"column":0},"end":{"line":38,"column":null}},"loc":{"start":{"line":38,"column":0},"end":{"line":41,"column":null}}},"1":{"name":"(anonymous_2)","decl":{"start":{"line":42,"column":0},"end":{"line":42,"column":null}},"loc":{"start":{"line":42,"column":0},"end":{"line":42,"column":null}}},"2":{"name":"(anonymous_3)","decl":{"start":{"line":47,"column":0},"end":{"line":47,"column":null}},"loc":{"start":{"line":47,"column":0},"end":{"line":49,"column":null}}},"3":{"name":"(anonymous_4)","decl":{"start":{"line":50,"column":0},"end":{"line":50,"column":null}},"loc":{"start":{"line":50,"column":0},"end":{"line":52,"column":null}}}},"branchMap":{},"s":{"0":0,"1":0,"2":0,"3":0,"4":0,"5":0,"6":0},"f":{"0":0,"1":0,"2":0,"3":0},"b":{}}
,"C:\\Users\\manni\\Documents\\ComputerScience\\College\\Summer Project\\github\\frontend\\src\\views\\Auth\\Auth.vue": {"path":"C:\\Users\\manni\\Documents\\ComputerScience\\College\\Summer Project\\github\\frontend\\src\\views\\Auth\\Auth.vue","statementMap":{"0":{"start":{"line":17,"column":0},"end":{"line":17,"column":null}},"1":{"start":{"line":22,"column":0},"end":{"line":22,"column":null}},"2":{"start":{"line":29,"column":0},"end":{"line":29,"column":null}},"3":{"start":{"line":30,"column":0},"end":{"line":30,"column":null}},"4":{"start":{"line":31,"column":0},"end":{"line":35,"column":null}},"5":{"start":{"line":32,"column":0},"end":{"line":32,"column":null}},"6":{"start":{"line":33,"column":0},"end":{"line":33,"column":null}},"7":{"start":{"line":34,"column":0},"end":{"line":34,"column":null}}},"fnMap":{"0":{"name":"(anonymous_1)","decl":{"start":{"line":22,"column":0},"end":{"line":22,"column":null}},"loc":{"start":{"line":22,"column":0},"end":{"line":22,"column":null}}},"1":{"name":"(anonymous_2)","decl":{"start":{"line":28,"column":0},"end":{"line":28,"column":null}},"loc":{"start":{"line":28,"column":0},"end":{"line":36,"column":null}}},"2":{"name":"(anonymous_3)","decl":{"start":{"line":31,"column":0},"end":{"line":31,"column":null}},"loc":{"start":{"line":31,"column":0},"end":{"line":35,"column":null}}}},"branchMap":{},"s":{"0":0,"1":0,"2":0,"3":0,"4":0,"5":0,"6":0,"7":0},"f":{"0":0,"1":0,"2":0},"b":{}}
,"C:\\Users\\manni\\Documents\\ComputerScience\\College\\Summer Project\\github\\frontend\\src\\views\\Auth\\Signin.vue": {"path":"C:\\Users\\manni\\Documents\\ComputerScience\\College\\Summer Project\\github\\frontend\\src\\views\\Auth\\Signin.vue","statementMap":{"0":{"start":{"line":25,"column":0},"end":{"line":25,"column":null}},"1":{"start":{"line":31,"column":0},"end":{"line":31,"column":null}}},"fnMap":{"0":{"name":"(anonymous_1)","decl":{"start":{"line":25,"column":0},"end":{"line":25,"column":null}},"loc":{"start":{"line":25,"column":0},"end":{"line":25,"column":null}}},"1":{"name":"(anonymous_2)","decl":{"start":{"line":30,"column":0},"end":{"line":30,"column":null}},"loc":{"start":{"line":30,"column":0},"end":{"line":32,"column":null}}}},"branchMap":{"0":{"loc":{"start":{"line":31,"column":0},"end":{"line":31,"column":null}},"type":"cond-expr","locations":[{"start":{"line":31,"column":0},"end":{"line":31,"column":null}},{"start":{"line":31,"column":0},"end":{"line":31,"column":null}}]}},"s":{"0":0,"1":0},"f":{"0":0,"1":0},"b":{"0":[0,0]}}
,"C:\\Users\\manni\\Documents\\ComputerScience\\College\\Summer Project\\github\\frontend\\src\\views\\Auth\\SigninForgotPassword.vue": {"path":"C:\\Users\\manni\\Documents\\ComputerScience\\College\\Summer Project\\github\\frontend\\src\\views\\Auth\\SigninForgotPassword.vue","statementMap":{"0":{"start":{"line":49,"column":0},"end":{"line":49,"column":null}},"1":{"start":{"line":52,"column":0},"end":{"line":52,"column":null}},"2":{"start":{"line":63,"column":0},"end":{"line":73,"column":null}},"3":{"start":{"line":68,"column":0},"end":{"line":68,"column":null}},"4":{"start":{"line":72,"column":0},"end":{"line":72,"column":null}}},"fnMap":{"0":{"name":"(anonymous_1)","decl":{"start":{"line":52,"column":0},"end":{"line":52,"column":null}},"loc":{"start":{"line":52,"column":0},"end":{"line":52,"column":null}}},"1":{"name":"(anonymous_2)","decl":{"start":{"line":62,"column":0},"end":{"line":62,"column":null}},"loc":{"start":{"line":62,"column":0},"end":{"line":74,"column":null}}},"2":{"name":"(anonymous_3)","decl":{"start":{"line":64,"column":0},"end":{"line":64,"column":null}},"loc":{"start":{"line":64,"column":0},"end":{"line":69,"column":null}}},"3":{"name":"(anonymous_4)","decl":{"start":{"line":69,"column":0},"end":{"line":69,"column":null}},"loc":{"start":{"line":69,"column":0},"end":{"line":73,"column":null}}}},"branchMap":{},"s":{"0":0,"1":0,"2":0,"3":0,"4":0},"f":{"0":0,"1":0,"2":0,"3":0},"b":{}}
,"C:\\Users\\manni\\Documents\\ComputerScience\\College\\Summer Project\\github\\frontend\\src\\views\\Auth\\SigninForgotPasswordReset.vue": {"path":"C:\\Users\\manni\\Documents\\ComputerScience\\College\\Summer Project\\github\\frontend\\src\\views\\Auth\\SigninForgotPasswordReset.vue","statementMap":{"0":{"start":{"line":78,"column":0},"end":{"line":78,"column":null}},"1":{"start":{"line":81,"column":0},"end":{"line":81,"column":null}},"2":{"start":{"line":93,"column":0},"end":{"line":104,"column":null}},"3":{"start":{"line":99,"column":0},"end":{"line":99,"column":null}},"4":{"start":{"line":103,"column":0},"end":{"line":103,"column":null}}},"fnMap":{"0":{"name":"(anonymous_1)","decl":{"start":{"line":81,"column":0},"end":{"line":81,"column":null}},"loc":{"start":{"line":81,"column":0},"end":{"line":81,"column":null}}},"1":{"name":"(anonymous_2)","decl":{"start":{"line":92,"column":0},"end":{"line":92,"column":null}},"loc":{"start":{"line":92,"column":0},"end":{"line":105,"column":null}}},"2":{"name":"(anonymous_3)","decl":{"start":{"line":94,"column":0},"end":{"line":94,"column":null}},"loc":{"start":{"line":94,"column":0},"end":{"line":100,"column":null}}},"3":{"name":"(anonymous_4)","decl":{"start":{"line":100,"column":0},"end":{"line":100,"column":null}},"loc":{"start":{"line":100,"column":0},"end":{"line":104,"column":null}}}},"branchMap":{},"s":{"0":0,"1":0,"2":0,"3":0,"4":0},"f":{"0":0,"1":0,"2":0,"3":0},"b":{}}
,"C:\\Users\\manni\\Documents\\ComputerScience\\College\\Summer Project\\github\\frontend\\src\\views\\Auth\\SigninIdentifier.vue": {"path":"C:\\Users\\manni\\Documents\\ComputerScience\\College\\Summer Project\\github\\frontend\\src\\views\\Auth\\SigninIdentifier.vue","statementMap":{"0":{"start":{"line":70,"column":0},"end":{"line":70,"column":null}},"1":{"start":{"line":73,"column":0},"end":{"line":73,"column":null}},"2":{"start":{"line":81,"column":0},"end":{"line":81,"column":null}},"3":{"start":{"line":84,"column":0},"end":{"line":84,"column":null}},"4":{"start":{"line":98,"column":0},"end":{"line":98,"column":null}},"5":{"start":{"line":103,"column":0},"end":{"line":103,"column":null}},"6":{"start":{"line":105,"column":0},"end":{"line":105,"column":null}}},"fnMap":{"0":{"name":"(anonymous_1)","decl":{"start":{"line":73,"column":0},"end":{"line":73,"column":null}},"loc":{"start":{"line":73,"column":0},"end":{"line":73,"column":null}}},"1":{"name":"(anonymous_2)","decl":{"start":{"line":80,"column":0},"end":{"line":80,"column":null}},"loc":{"start":{"line":80,"column":0},"end":{"line":82,"column":null}}},"2":{"name":"(anonymous_3)","decl":{"start":{"line":83,"column":0},"end":{"line":83,"column":null}},"loc":{"start":{"line":83,"column":0},"end":{"line":85,"column":null}}},"3":{"name":"(anonymous_4)","decl":{"start":{"line":90,"column":0},"end":{"line":90,"column":null}},"loc":{"start":{"line":90,"column":0},"end":{"line":100,"column":null}}},"4":{"name":"(anonymous_5)","decl":{"start":{"line":102,"column":0},"end":{"line":102,"column":null}},"loc":{"start":{"line":102,"column":0},"end":{"line":106,"column":null}}}},"branchMap":{},"s":{"0":0,"1":0,"2":0,"3":0,"4":0,"5":0,"6":0},"f":{"0":0,"1":0,"2":0,"3":0,"4":0},"b":{}}
,"C:\\Users\\manni\\Documents\\ComputerScience\\College\\Summer Project\\github\\frontend\\src\\views\\Auth\\SigninPassword.vue": {"path":"C:\\Users\\manni\\Documents\\ComputerScience\\College\\Summer Project\\github\\frontend\\src\\views\\Auth\\SigninPassword.vue","statementMap":{"0":{"start":{"line":65,"column":0},"end":{"line":65,"column":null}},"1":{"start":{"line":68,"column":0},"end":{"line":68,"column":null}},"2":{"start":{"line":81,"column":0},"end":{"line":92,"column":null}},"3":{"start":{"line":87,"column":0},"end":{"line":87,"column":null}},"4":{"start":{"line":91,"column":0},"end":{"line":91,"column":null}}},"fnMap":{"0":{"name":"(anonymous_1)","decl":{"start":{"line":68,"column":0},"end":{"line":68,"column":null}},"loc":{"start":{"line":68,"column":0},"end":{"line":68,"column":null}}},"1":{"name":"(anonymous_2)","decl":{"start":{"line":79,"column":0},"end":{"line":79,"column":null}},"loc":{"start":{"line":79,"column":0},"end":{"line":93,"column":null}}},"2":{"name":"(anonymous_3)","decl":{"start":{"line":82,"column":0},"end":{"line":82,"column":null}},"loc":{"start":{"line":82,"column":0},"end":{"line":88,"column":null}}},"3":{"name":"(anonymous_4)","decl":{"start":{"line":88,"column":0},"end":{"line":88,"column":null}},"loc":{"start":{"line":88,"column":0},"end":{"line":92,"column":null}}}},"branchMap":{},"s":{"0":0,"1":0,"2":0,"3":0,"4":0},"f":{"0":0,"1":0,"2":0,"3":0},"b":{}}
,"C:\\Users\\manni\\Documents\\ComputerScience\\College\\Summer Project\\github\\frontend\\src\\views\\Auth\\Signup.vue": {"path":"C:\\Users\\manni\\Documents\\ComputerScience\\College\\Summer Project\\github\\frontend\\src\\views\\Auth\\Signup.vue","statementMap":{"0":{"start":{"line":153,"column":0},"end":{"line":153,"column":null}},"1":{"start":{"line":156,"column":0},"end":{"line":156,"column":null}},"2":{"start":{"line":169,"column":0},"end":{"line":183,"column":null}},"3":{"start":{"line":178,"column":0},"end":{"line":178,"column":null}},"4":{"start":{"line":182,"column":0},"end":{"line":182,"column":null}}},"fnMap":{"0":{"name":"(anonymous_1)","decl":{"start":{"line":156,"column":0},"end":{"line":156,"column":null}},"loc":{"start":{"line":156,"column":0},"end":{"line":156,"column":null}}},"1":{"name":"(anonymous_2)","decl":{"start":{"line":168,"column":0},"end":{"line":168,"column":null}},"loc":{"start":{"line":168,"column":0},"end":{"line":184,"column":null}}},"2":{"name":"(anonymous_3)","decl":{"start":{"line":170,"column":0},"end":{"line":170,"column":null}},"loc":{"start":{"line":170,"column":0},"end":{"line":179,"column":null}}},"3":{"name":"(anonymous_4)","decl":{"start":{"line":179,"column":0},"end":{"line":179,"column":null}},"loc":{"start":{"line":179,"column":0},"end":{"line":183,"column":null}}}},"branchMap":{},"s":{"0":0,"1":0,"2":0,"3":0,"4":0},"f":{"0":0,"1":0,"2":0,"3":0},"b":{}}
}
