TN:
SF:C:\Users\manni\Documents\ComputerScience\College\Summer Project\github\frontend\src\App.vue
FN:130,(anonymous_1)
FN:180,(anonymous_2)
FN:183,(anonymous_3)
FN:188,(anonymous_4)
FN:192,(anonymous_5)
FNF:5
FNH:0
FNDA:0,(anonymous_1)
FNDA:0,(anonymous_2)
FNDA:0,(anonymous_3)
FNDA:0,(anonymous_4)
FNDA:0,(anonymous_5)
DA:130,0
DA:181,0
DA:184,0
DA:189,0
DA:190,0
DA:192,0
LF:6
LH:0
BRDA:189,0,0,0
BRDA:189,0,1,0
BRF:2
BRH:0
end_of_record
TN:
SF:C:\Users\manni\Documents\ComputerScience\College\Summer Project\github\frontend\src\helpers.js
FN:1,wip
FNF:1
FNH:0
FNDA:0,wip
DA:2,0
LF:1
LH:0
BRF:0
BRH:0
end_of_record
TN:
SF:C:\Users\manni\Documents\ComputerScience\College\Summer Project\github\frontend\src\router.js
FN:63,(anonymous_0)
FNF:1
FNH:0
FNDA:0,(anonymous_0)
DA:21,0
DA:64,0
LF:2
LH:0
BRF:0
BRH:0
end_of_record
TN:
SF:C:\Users\manni\Documents\ComputerScience\College\Summer Project\github\frontend\src\components\BusMap.vue
FN:148,offsetMap
FN:203,fromLatLngToPoint
FN:224,(anonymous_3)
FN:233,(anonymous_5)
FN:247,addYourLocationButton
FN:275,(anonymous_7)
FN:279,(anonymous_8)
FN:280,(anonymous_9)
FN:287,(anonymous_10)
FN:325,(anonymous_11)
FN:328,(anonymous_12)
FN:334,(anonymous_13)
FN:338,(anonymous_14)
FN:341,(anonymous_15)
FN:344,(anonymous_16)
FN:348,(anonymous_17)
FN:461,(anonymous_18)
FN:466,(anonymous_19)
FN:472,(anonymous_20)
FN:477,(anonymous_21)
FN:484,(anonymous_22)
FN:489,(anonymous_23)
FN:502,(anonymous_24)
FN:507,(anonymous_25)
FN:515,(anonymous_26)
FN:526,(anonymous_27)
FN:532,(anonymous_28)
FN:534,(anonymous_29)
FN:543,(anonymous_30)
FN:570,(anonymous_31)
FN:580,(anonymous_32)
FN:583,(anonymous_33)
FN:602,(anonymous_34)
FN:605,(anonymous_35)
FN:610,(anonymous_36)
FN:618,(anonymous_37)
FN:621,(anonymous_38)
FN:627,(anonymous_39)
FN:633,(anonymous_40)
FN:654,(anonymous_41)
FN:656,(anonymous_42)
FN:674,(anonymous_43)
FN:679,(anonymous_44)
FN:697,(anonymous_45)
FN:717,(anonymous_46)
FN:734,(anonymous_47)
FN:740,(anonymous_48)
FN:767,(anonymous_49)
FN:771,(anonymous_50)
FN:792,(anonymous_51)
FN:804,(anonymous_52)
FN:839,(anonymous_53)
FN:861,(anonymous_54)
FN:876,markerDirections
FN:878,(anonymous_56)
FN:884,initMap
FN:900,(anonymous_58)
FN:916,(anonymous_59)
FN:995,(anonymous_60)
FNF:59
FNH:0
FNDA:0,offsetMap
FNDA:0,fromLatLngToPoint
FNDA:0,(anonymous_3)
FNDA:0,(anonymous_5)
FNDA:0,addYourLocationButton
FNDA:0,(anonymous_7)
FNDA:0,(anonymous_8)
FNDA:0,(anonymous_9)
FNDA:0,(anonymous_10)
FNDA:0,(anonymous_11)
FNDA:0,(anonymous_12)
FNDA:0,(anonymous_13)
FNDA:0,(anonymous_14)
FNDA:0,(anonymous_15)
FNDA:0,(anonymous_16)
FNDA:0,(anonymous_17)
FNDA:0,(anonymous_18)
FNDA:0,(anonymous_19)
FNDA:0,(anonymous_20)
FNDA:0,(anonymous_21)
FNDA:0,(anonymous_22)
FNDA:0,(anonymous_23)
FNDA:0,(anonymous_24)
FNDA:0,(anonymous_25)
FNDA:0,(anonymous_26)
FNDA:0,(anonymous_27)
FNDA:0,(anonymous_28)
FNDA:0,(anonymous_29)
FNDA:0,(anonymous_30)
FNDA:0,(anonymous_31)
FNDA:0,(anonymous_32)
FNDA:0,(anonymous_33)
FNDA:0,(anonymous_34)
FNDA:0,(anonymous_35)
FNDA:0,(anonymous_36)
FNDA:0,(anonymous_37)
FNDA:0,(anonymous_38)
FNDA:0,(anonymous_39)
FNDA:0,(anonymous_40)
FNDA:0,(anonymous_41)
FNDA:0,(anonymous_42)
FNDA:0,(anonymous_43)
FNDA:0,(anonymous_44)
FNDA:0,(anonymous_45)
FNDA:0,(anonymous_46)
FNDA:0,(anonymous_47)
FNDA:0,(anonymous_48)
FNDA:0,(anonymous_49)
FNDA:0,(anonymous_50)
FNDA:0,(anonymous_51)
FNDA:0,(anonymous_52)
FNDA:0,(anonymous_53)
FNDA:0,(anonymous_54)
FNDA:0,markerDirections
FNDA:0,(anonymous_56)
FNDA:0,initMap
FNDA:0,(anonymous_58)
FNDA:0,(anonymous_59)
FNDA:0,(anonymous_60)
DA:119,0
DA:133,0
DA:134,0
DA:135,0
DA:136,0
DA:137,0
DA:138,0
DA:139,0
DA:140,0
DA:141,0
DA:142,0
DA:143,0
DA:144,0
DA:145,0
DA:146,0
DA:147,0
DA:149,0
DA:151,0
DA:154,0
DA:166,0
DA:169,0
DA:170,0
DA:171,0
DA:174,0
DA:175,0
DA:178,0
DA:179,0
DA:180,0
DA:183,0
DA:186,0
DA:188,0
DA:191,0
DA:196,0
DA:197,0
DA:204,0
DA:205,0
DA:215,0
DA:216,0
DA:218,0
DA:224,0
DA:227,0
DA:233,0
DA:234,0
DA:236,0
DA:238,0
DA:240,0
DA:242,0
DA:248,0
DA:250,0
DA:251,0
DA:252,0
DA:253,0
DA:254,0
DA:255,0
DA:256,0
DA:257,0
DA:258,0
DA:259,0
DA:260,0
DA:261,0
DA:262,0
DA:264,0
DA:265,0
DA:266,0
DA:267,0
DA:268,0
DA:270,0
DA:271,0
DA:272,0
DA:273,0
DA:275,0
DA:276,0
DA:279,0
DA:280,0
DA:282,0
DA:283,0
DA:286,0
DA:287,0
DA:288,0
DA:292,0
DA:297,0
DA:298,0
DA:299,0
DA:302,0
DA:303,0
DA:307,0
DA:308,0
DA:311,0
DA:312,0
DA:313,0
DA:318,0
DA:319,0
DA:320,0
DA:326,0
DA:330,0
DA:335,0
DA:339,0
DA:342,0
DA:345,0
DA:348,0
DA:462,0
DA:463,0
DA:467,0
DA:468,0
DA:469,0
DA:470,0
DA:473,0
DA:478,0
DA:485,0
DA:501,0
DA:504,0
DA:508,0
DA:509,0
DA:510,0
DA:511,0
DA:512,0
DA:513,0
DA:516,0
DA:517,0
DA:518,0
DA:519,0
DA:520,0
DA:527,0
DA:528,0
DA:533,0
DA:535,0
DA:540,0
DA:541,0
DA:542,0
DA:543,0
DA:544,0
DA:545,0
DA:546,0
DA:547,0
DA:552,0
DA:555,0
DA:557,0
DA:558,0
DA:560,0
DA:581,0
DA:584,0
DA:585,0
DA:586,0
DA:587,0
DA:594,0
DA:598,0
DA:602,0
DA:603,0
DA:605,0
DA:606,0
DA:610,0
DA:611,0
DA:612,0
DA:615,0
DA:616,0
DA:618,0
DA:619,0
DA:621,0
DA:622,0
DA:628,0
DA:629,0
DA:633,0
DA:634,0
DA:635,0
DA:636,0
DA:637,0
DA:638,0
DA:639,0
DA:640,0
DA:642,0
DA:645,0
DA:648,0
DA:650,0
DA:651,0
DA:655,0
DA:666,0
DA:672,0
DA:676,0
DA:680,0
DA:681,0
DA:683,0
DA:684,0
DA:687,0
DA:688,0
DA:697,0
DA:698,0
DA:699,0
DA:702,0
DA:703,0
DA:705,0
DA:706,0
DA:710,0
DA:715,0
DA:716,0
DA:717,0
DA:718,0
DA:719,0
DA:720,0
DA:721,0
DA:724,0
DA:726,0
DA:729,0
DA:734,0
DA:736,0
DA:740,0
DA:745,0
DA:748,0
DA:751,0
DA:756,0
DA:759,0
DA:761,0
DA:762,0
DA:768,0
DA:771,0
DA:772,0
DA:773,0
DA:774,0
DA:775,0
DA:776,0
DA:777,0
DA:780,0
DA:782,0
DA:792,0
DA:793,0
DA:794,0
DA:801,0
DA:802,0
DA:804,0
DA:805,0
DA:806,0
DA:812,0
DA:814,0
DA:815,0
DA:817,0
DA:828,0
DA:830,0
DA:839,0
DA:840,0
DA:841,0
DA:848,0
DA:855,0
DA:858,0
DA:859,0
DA:862,0
DA:863,0
DA:864,0
DA:865,0
DA:871,0
DA:872,0
DA:877,0
DA:878,0
DA:879,0
DA:880,0
DA:885,0
DA:890,0
DA:891,0
DA:893,0
DA:898,0
DA:899,0
DA:901,0
DA:906,0
DA:907,0
DA:908,0
DA:926,0
DA:932,0
DA:935,0
DA:936,0
DA:941,0
DA:954,0
DA:957,0
DA:959,0
DA:965,0
DA:969,0
DA:983,0
DA:985,0
DA:995,0
DA:996,0
DA:997,0
LF:278
LH:0
BRDA:149,0,0,0
BRDA:149,0,1,0
BRDA:178,1,0,0
BRDA:178,1,1,0
BRDA:179,2,0,0
BRDA:179,2,1,0
BRDA:188,3,0,0
BRDA:188,3,1,0
BRDA:224,4,0,0
BRDA:235,5,0,0
BRDA:235,5,1,0
BRDA:235,5,2,0
BRDA:235,5,3,0
BRDA:286,6,0,0
BRDA:286,6,1,0
BRDA:313,7,0,0
BRDA:313,7,1,0
BRDA:330,8,0,0
BRDA:330,8,1,0
BRDA:462,9,0,0
BRDA:462,9,1,0
BRDA:518,10,0,0
BRDA:518,10,1,0
BRDA:527,11,0,0
BRDA:527,11,1,0
BRDA:544,12,0,0
BRDA:544,12,1,0
BRDA:545,13,0,0
BRDA:545,13,1,0
BRDA:557,14,0,0
BRDA:557,14,1,0
BRDA:584,15,0,0
BRDA:584,15,1,0
BRDA:628,16,0,0
BRDA:628,16,1,0
BRDA:634,17,0,0
BRDA:634,17,1,0
BRDA:635,18,0,0
BRDA:635,18,1,0
BRDA:680,19,0,0
BRDA:680,19,1,0
BRDA:683,20,0,0
BRDA:683,20,1,0
BRDA:698,21,0,0
BRDA:698,21,1,0
BRDA:706,22,0,0
BRDA:706,22,1,0
BRDA:706,23,0,0
BRDA:706,23,1,0
BRDA:776,24,0,0
BRDA:776,24,1,0
BRF:51
BRH:0
end_of_record
TN:
SF:C:\Users\manni\Documents\ComputerScience\College\Summer Project\github\frontend\src\components\BusStopSearch.vue
FN:97,(anonymous_1)
FN:118,(anonymous_2)
FN:126,(anonymous_3)
FN:129,(anonymous_4)
FN:134,(anonymous_5)
FN:142,(anonymous_6)
FN:147,(anonymous_7)
FN:157,(anonymous_8)
FN:163,(anonymous_9)
FN:169,(anonymous_10)
FN:172,(anonymous_11)
FN:179,(anonymous_12)
FN:180,(anonymous_13)
FN:192,(anonymous_14)
FNF:14
FNH:0
FNDA:0,(anonymous_1)
FNDA:0,(anonymous_2)
FNDA:0,(anonymous_3)
FNDA:0,(anonymous_4)
FNDA:0,(anonymous_5)
FNDA:0,(anonymous_6)
FNDA:0,(anonymous_7)
FNDA:0,(anonymous_8)
FNDA:0,(anonymous_9)
FNDA:0,(anonymous_10)
FNDA:0,(anonymous_11)
FNDA:0,(anonymous_12)
FNDA:0,(anonymous_13)
FNDA:0,(anonymous_14)
DA:91,0
DA:92,0
DA:93,0
DA:97,0
DA:119,0
DA:127,0
DA:130,0
DA:148,0
DA:149,0
DA:150,0
DA:152,0
DA:154,0
DA:155,0
DA:157,0
DA:160,0
DA:161,0
DA:162,0
DA:165,0
DA:170,0
DA:172,0
DA:173,0
DA:180,0
DA:181,0
DA:185,0
DA:186,0
DA:194,0
DA:202,0
DA:203,0
LF:28
LH:0
BRDA:170,0,0,0
BRDA:170,0,1,0
BRDA:175,1,0,0
BRDA:175,1,1,0
BRDA:181,2,0,0
BRDA:181,2,1,0
BRDA:194,3,0,0
BRDA:194,3,1,0
BRF:8
BRH:0
end_of_record
TN:
SF:C:\Users\manni\Documents\ComputerScience\College\Summer Project\github\frontend\src\components\EventBus.js
FNF:0
FNH:0
DA:2,0
LF:1
LH:0
BRF:0
BRH:0
end_of_record
TN:
SF:C:\Users\manni\Documents\ComputerScience\College\Summer Project\github\frontend\src\components\Favourite.vue
FN:129,(anonymous_1)
FN:136,(anonymous_2)
FN:148,(anonymous_3)
FN:159,(anonymous_4)
FN:170,(anonymous_5)
FN:175,(anonymous_6)
FN:183,(anonymous_7)
FN:190,(anonymous_8)
FN:199,(anonymous_9)
FN:208,(anonymous_10)
FN:217,(anonymous_11)
FN:226,(anonymous_12)
FN:235,(anonymous_13)
FN:241,(anonymous_14)
FN:244,(anonymous_15)
FN:249,(anonymous_16)
FN:258,(anonymous_17)
FN:263,(anonymous_18)
FN:272,(anonymous_19)
FN:277,(anonymous_20)
FN:282,(anonymous_21)
FN:291,(anonymous_22)
FN:297,(anonymous_23)
FN:302,(anonymous_24)
FN:311,(anonymous_25)
FNF:25
FNH:3
FNDA:2,(anonymous_1)
FNDA:0,(anonymous_2)
FNDA:0,(anonymous_3)
FNDA:0,(anonymous_4)
FNDA:2,(anonymous_5)
FNDA:2,(anonymous_6)
FNDA:0,(anonymous_7)
FNDA:0,(anonymous_8)
FNDA:0,(anonymous_9)
FNDA:0,(anonymous_10)
FNDA:0,(anonymous_11)
FNDA:0,(anonymous_12)
FNDA:0,(anonymous_13)
FNDA:0,(anonymous_14)
FNDA:0,(anonymous_15)
FNDA:0,(anonymous_16)
FNDA:0,(anonymous_17)
FNDA:0,(anonymous_18)
FNDA:0,(anonymous_19)
FNDA:0,(anonymous_20)
FNDA:0,(anonymous_21)
FNDA:0,(anonymous_22)
FNDA:0,(anonymous_23)
FNDA:0,(anonymous_24)
FNDA:0,(anonymous_25)
DA:125,1
DA:126,1
DA:129,2
DA:137,0
DA:138,0
DA:149,0
DA:150,0
DA:160,0
DA:171,2
DA:172,2
DA:173,2
DA:184,0
DA:185,0
DA:186,0
DA:197,0
DA:198,0
DA:201,0
DA:203,0
DA:204,0
DA:215,0
DA:216,0
DA:219,0
DA:221,0
DA:222,0
DA:233,0
DA:234,0
DA:237,0
DA:242,0
DA:245,0
DA:250,0
DA:251,0
DA:259,0
DA:270,0
DA:271,0
DA:274,0
DA:278,0
DA:289,0
DA:290,0
DA:293,0
DA:298,0
DA:309,0
DA:310,0
DA:313,0
LF:43
LH:6
BRDA:185,0,0,0
BRDA:185,0,1,0
BRDA:203,1,0,0
BRDA:203,1,1,0
BRDA:221,2,0,0
BRDA:221,2,1,0
BRF:6
BRH:0
end_of_record
TN:
SF:C:\Users\manni\Documents\ComputerScience\College\Summer Project\github\frontend\src\components\FilterByStop.vue
FN:17,(anonymous_1)
FNF:1
FNH:0
FNDA:0,(anonymous_1)
DA:17,0
LF:1
LH:0
BRF:0
BRH:0
end_of_record
TN:
SF:C:\Users\manni\Documents\ComputerScience\College\Summer Project\github\frontend\src\components\InfoWindow.vue
FN:54,(anonymous_1)
FN:68,(anonymous_2)
FNF:2
FNH:0
FNDA:0,(anonymous_1)
FNDA:0,(anonymous_2)
DA:51,0
DA:55,0
DA:57,0
DA:58,0
DA:59,0
DA:60,0
DA:61,0
DA:62,0
DA:63,0
DA:64,0
DA:69,0
LF:11
LH:0
BRDA:57,0,0,0
BRDA:57,0,1,0
BRDA:59,1,0,0
BRDA:59,1,1,0
BRDA:61,2,0,0
BRDA:61,2,1,0
BRDA:63,3,0,0
BRDA:63,3,1,0
BRF:8
BRH:0
end_of_record
TN:
SF:C:\Users\manni\Documents\ComputerScience\College\Summer Project\github\frontend\src\components\Landmarks.vue
FN:35,(anonymous_1)
FNF:1
FNH:0
FNDA:0,(anonymous_1)
DA:18,0
DA:36,0
LF:2
LH:0
BRF:0
BRH:0
end_of_record
TN:
SF:C:\Users\manni\Documents\ComputerScience\College\Summer Project\github\frontend\src\components\NavBar.vue
FN:69,(anonymous_1)
FN:75,(anonymous_2)
FNF:2
FNH:0
FNDA:0,(anonymous_1)
FNDA:0,(anonymous_2)
DA:59,0
DA:61,0
DA:62,0
DA:69,0
DA:76,0
LF:5
LH:0
BRF:0
BRH:0
end_of_record
TN:
SF:C:\Users\manni\Documents\ComputerScience\College\Summer Project\github\frontend\src\components\Rating.vue
FN:52,(anonymous_1)
FNF:1
FNH:0
FNDA:0,(anonymous_1)
DA:53,0
LF:1
LH:0
BRF:0
BRH:0
end_of_record
TN:
SF:C:\Users\manni\Documents\ComputerScience\College\Summer Project\github\frontend\src\components\RatingInput.vue
FN:142,(anonymous_1)
FN:154,(anonymous_2)
FN:159,(anonymous_3)
FN:161,(anonymous_4)
FN:176,(anonymous_5)
FN:181,(anonymous_6)
FNF:6
FNH:0
FNDA:0,(anonymous_1)
FNDA:0,(anonymous_2)
FNDA:0,(anonymous_3)
FNDA:0,(anonymous_4)
FNDA:0,(anonymous_5)
FNDA:0,(anonymous_6)
DA:138,0
DA:142,0
DA:155,0
DA:156,0
DA:160,0
DA:175,0
DA:178,0
LF:7
LH:0
BRF:0
BRH:0
end_of_record
TN:
SF:C:\Users\manni\Documents\ComputerScience\College\Summer Project\github\frontend\src\components\RouteViewer.vue
FN:94,(anonymous_1)
FN:113,(anonymous_2)
FN:118,(anonymous_3)
FN:121,(anonymous_4)
FN:127,(anonymous_5)
FN:138,(anonymous_6)
FN:143,(anonymous_7)
FN:154,(anonymous_8)
FN:157,(anonymous_9)
FN:164,(anonymous_10)
FN:165,(anonymous_11)
FN:177,(anonymous_12)
FNF:12
FNH:0
FNDA:0,(anonymous_1)
FNDA:0,(anonymous_2)
FNDA:0,(anonymous_3)
FNDA:0,(anonymous_4)
FNDA:0,(anonymous_5)
FNDA:0,(anonymous_6)
FNDA:0,(anonymous_7)
FNDA:0,(anonymous_8)
FNDA:0,(anonymous_9)
FNDA:0,(anonymous_10)
FNDA:0,(anonymous_11)
FNDA:0,(anonymous_12)
DA:90,0
DA:91,0
DA:94,0
DA:114,0
DA:115,0
DA:119,0
DA:122,0
DA:123,0
DA:137,0
DA:140,0
DA:144,0
DA:145,0
DA:148,0
DA:149,0
DA:150,0
DA:155,0
DA:157,0
DA:158,0
DA:165,0
DA:166,0
DA:170,0
DA:171,0
DA:179,0
DA:187,0
LF:24
LH:0
BRDA:155,0,0,0
BRDA:155,0,1,0
BRDA:160,1,0,0
BRDA:160,1,1,0
BRDA:166,2,0,0
BRDA:166,2,1,0
BRDA:179,3,0,0
BRDA:179,3,1,0
BRF:8
BRH:0
end_of_record
TN:
SF:C:\Users\manni\Documents\ComputerScience\College\Summer Project\github\frontend\src\components\SortBy.vue
FN:17,(anonymous_1)
FNF:1
FNH:0
FNDA:0,(anonymous_1)
DA:17,0
LF:1
LH:0
BRF:0
BRH:0
end_of_record
TN:
SF:C:\Users\manni\Documents\ComputerScience\College\Summer Project\github\frontend\src\components\LoginCard\LoginCard.vue
FN:13,(anonymous_1)
FNF:1
FNH:0
FNDA:0,(anonymous_1)
DA:8,0
DA:9,0
DA:15,0
LF:3
LH:0
BRF:0
BRH:0
end_of_record
TN:
SF:C:\Users\manni\Documents\ComputerScience\College\Summer Project\github\frontend\src\components\LoginCard\LoginCardDesktop.vue
FNF:0
FNH:0
DA:25,0
LF:1
LH:0
BRF:0
BRH:0
end_of_record
TN:
SF:C:\Users\manni\Documents\ComputerScience\College\Summer Project\github\frontend\src\components\LoginCard\LoginCardMobile.vue
FNF:0
FNH:0
DA:11,0
LF:1
LH:0
BRF:0
BRH:0
end_of_record
TN:
SF:C:\Users\manni\Documents\ComputerScience\College\Summer Project\github\frontend\src\i18n\index.js
FNF:0
FNH:0
DA:14,0
DA:16,0
LF:2
LH:0
BRF:0
BRH:0
end_of_record
TN:
SF:C:\Users\manni\Documents\ComputerScience\College\Summer Project\github\frontend\src\lang\index.js
FN:17,(anonymous_0)
FNF:1
FNH:0
FNDA:0,(anonymous_0)
DA:4,0
DA:10,0
DA:12,0
DA:13,0
DA:15,0
DA:17,0
DA:18,0
DA:20,0
DA:24,0
LF:9
LH:0
BRDA:13,0,0,0
BRDA:13,0,1,0
BRDA:18,1,0,0
BRDA:18,1,1,0
BRDA:20,2,0,0
BRDA:20,2,1,0
BRF:6
BRH:0
end_of_record
TN:
SF:C:\Users\manni\Documents\ComputerScience\College\Summer Project\github\frontend\src\locale\en.js
FNF:0
FNH:0
LF:0
LH:0
BRF:0
BRH:0
end_of_record
TN:
SF:C:\Users\manni\Documents\ComputerScience\College\Summer Project\github\frontend\src\plugins\axios.js
FN:22,(anonymous_0)
FN:27,(anonymous_1)
FN:37,(anonymous_2)
FN:41,(anonymous_3)
FNF:4
FNH:0
FNDA:0,(anonymous_0)
FNDA:0,(anonymous_1)
FNDA:0,(anonymous_2)
FNDA:0,(anonymous_3)
DA:7,0
DA:8,0
DA:10,0
DA:11,0
DA:12,0
DA:16,0
DA:21,0
DA:24,0
DA:25,0
DA:30,0
DA:31,0
DA:36,0
DA:38,0
DA:39,0
DA:44,0
DA:45,0
DA:49,0
LF:17
LH:0
BRDA:11,0,0,0
BRDA:11,0,1,0
BRF:2
BRH:0
end_of_record
TN:
SF:C:\Users\manni\Documents\ComputerScience\College\Summer Project\github\frontend\src\plugins\chartist.js
FNF:0
FNH:0
DA:5,0
LF:1
LH:0
BRF:0
BRH:0
end_of_record
TN:
SF:C:\Users\manni\Documents\ComputerScience\College\Summer Project\github\frontend\src\plugins\index.js
FNF:0
FNH:0
LF:0
LH:0
BRF:0
BRH:0
end_of_record
TN:
SF:C:\Users\manni\Documents\ComputerScience\College\Summer Project\github\frontend\src\plugins\theme.js
FNF:0
FNH:0
LF:0
LH:0
BRF:0
BRH:0
end_of_record
TN:
SF:C:\Users\manni\Documents\ComputerScience\College\Summer Project\github\frontend\src\plugins\vuetify.js
FNF:0
FNH:0
DA:8,0
DA:10,0
LF:2
LH:0
BRF:0
BRH:0
end_of_record
TN:
SF:C:\Users\manni\Documents\ComputerScience\College\Summer Project\github\frontend\src\router\index.js
FN:27,(anonymous_0)
FN:42,(anonymous_1)
FN:43,(anonymous_2)
FN:57,(anonymous_3)
FN:64,(anonymous_4)
FNF:5
FNH:0
FNDA:0,(anonymous_0)
FNDA:0,(anonymous_1)
FNDA:0,(anonymous_2)
FNDA:0,(anonymous_3)
FNDA:0,(anonymous_4)
DA:18,0
DA:21,0
DA:28,0
DA:29,0
DA:31,0
DA:32,0
DA:34,0
DA:42,0
DA:43,0
DA:44,0
DA:45,0
DA:46,0
DA:49,0
DA:52,0
DA:57,0
DA:58,0
DA:59,0
DA:61,0
DA:64,0
DA:65,0
DA:68,0
LF:21
LH:0
BRDA:28,0,0,0
BRDA:28,0,1,0
BRDA:31,1,0,0
BRDA:31,1,1,0
BRDA:43,2,0,0
BRDA:43,2,1,0
BRDA:44,3,0,0
BRDA:44,3,1,0
BRDA:58,4,0,0
BRDA:58,4,1,0
BRF:10
BRH:0
end_of_record
TN:
SF:C:\Users\manni\Documents\ComputerScience\College\Summer Project\github\frontend\src\router\paths.js
FN:57,(anonymous_0)
FN:93,(anonymous_1)
FN:101,(anonymous_2)
FN:109,(anonymous_3)
FN:117,(anonymous_4)
FN:127,(anonymous_5)
FN:135,(anonymous_6)
FN:145,(anonymous_7)
FN:153,(anonymous_8)
FN:161,(anonymous_9)
FN:169,(anonymous_10)
FN:204,(anonymous_11)
FNF:12
FNH:0
FNDA:0,(anonymous_0)
FNDA:0,(anonymous_1)
FNDA:0,(anonymous_2)
FNDA:0,(anonymous_3)
FNDA:0,(anonymous_4)
FNDA:0,(anonymous_5)
FNDA:0,(anonymous_6)
FNDA:0,(anonymous_7)
FNDA:0,(anonymous_8)
FNDA:0,(anonymous_9)
FNDA:0,(anonymous_10)
FNDA:0,(anonymous_11)
DA:58,0
DA:94,0
DA:102,0
DA:110,0
DA:118,0
DA:128,0
DA:136,0
DA:146,0
DA:154,0
DA:162,0
DA:170,0
DA:204,0
LF:12
LH:0
BRF:0
BRH:0
end_of_record
TN:
SF:C:\Users\manni\Documents\ComputerScience\College\Summer Project\github\frontend\src\router\router.js
FNF:0
FNH:0
LF:0
LH:0
BRF:0
BRH:0
end_of_record
TN:
SF:C:\Users\manni\Documents\ComputerScience\College\Summer Project\github\frontend\src\services\api.js
FNF:0
FNH:0
LF:0
LH:0
BRF:0
BRH:0
end_of_record
TN:
SF:C:\Users\manni\Documents\ComputerScience\College\Summer Project\github\frontend\src\services\messageService.js
FN:4,(anonymous_0)
FN:6,(anonymous_1)
FN:8,(anonymous_2)
FN:10,(anonymous_3)
FN:12,(anonymous_4)
FN:14,(anonymous_5)
FNF:6
FNH:0
FNDA:0,(anonymous_0)
FNDA:0,(anonymous_1)
FNDA:0,(anonymous_2)
FNDA:0,(anonymous_3)
FNDA:0,(anonymous_4)
FNDA:0,(anonymous_5)
DA:5,0
DA:6,0
DA:9,0
DA:10,0
DA:13,0
DA:14,0
LF:6
LH:0
BRF:0
BRH:0
end_of_record
TN:
SF:C:\Users\manni\Documents\ComputerScience\College\Summer Project\github\frontend\src\store\getters.js
FN:6,(anonymous_0)
FN:7,(anonymous_1)
FN:8,(anonymous_2)
FNF:3
FNH:0
FNDA:0,(anonymous_0)
FNDA:0,(anonymous_1)
FNDA:0,(anonymous_2)
DA:6,0
DA:7,0
DA:10,0
LF:3
LH:0
BRF:0
BRH:0
end_of_record
TN:
SF:C:\Users\manni\Documents\ComputerScience\College\Summer Project\github\frontend\src\store\index.js
FN:23,(anonymous_0)
FN:27,(anonymous_1)
FN:31,(anonymous_2)
FN:35,(anonymous_3)
FN:39,(anonymous_4)
FN:43,(anonymous_5)
FN:48,(anonymous_6)
FN:54,(anonymous_7)
FN:59,(anonymous_8)
FN:60,(anonymous_9)
FN:66,(anonymous_10)
FN:73,(anonymous_11)
FN:78,(anonymous_12)
FN:79,(anonymous_13)
FN:84,(anonymous_14)
FN:88,(anonymous_15)
FN:93,(anonymous_16)
FN:95,(anonymous_17)
FN:101,(anonymous_18)
FN:105,(anonymous_19)
FN:111,(anonymous_20)
FN:112,(anonymous_21)
FN:121,(anonymous_22)
FN:130,(anonymous_23)
FNF:24
FNH:0
FNDA:0,(anonymous_0)
FNDA:0,(anonymous_1)
FNDA:0,(anonymous_2)
FNDA:0,(anonymous_3)
FNDA:0,(anonymous_4)
FNDA:0,(anonymous_5)
FNDA:0,(anonymous_6)
FNDA:0,(anonymous_7)
FNDA:0,(anonymous_8)
FNDA:0,(anonymous_9)
FNDA:0,(anonymous_10)
FNDA:0,(anonymous_11)
FNDA:0,(anonymous_12)
FNDA:0,(anonymous_13)
FNDA:0,(anonymous_14)
FNDA:0,(anonymous_15)
FNDA:0,(anonymous_16)
FNDA:0,(anonymous_17)
FNDA:0,(anonymous_18)
FNDA:0,(anonymous_19)
FNDA:0,(anonymous_20)
FNDA:0,(anonymous_21)
FNDA:0,(anonymous_22)
FNDA:0,(anonymous_23)
DA:5,0
DA:24,0
DA:25,0
DA:28,0
DA:29,0
DA:32,0
DA:36,0
DA:40,0
DA:44,0
DA:50,0
DA:55,0
DA:56,0
DA:60,0
DA:61,0
DA:67,0
DA:71,0
DA:74,0
DA:79,0
DA:80,0
DA:86,0
DA:89,0
DA:95,0
DA:96,0
DA:103,0
DA:106,0
DA:112,0
DA:113,0
DA:128,0
DA:131,0
LF:29
LH:0
BRDA:55,0,0,0
BRDA:55,0,1,0
BRF:2
BRH:0
end_of_record
TN:
SF:C:\Users\manni\Documents\ComputerScience\College\Summer Project\github\frontend\src\store\mutations.js
FN:4,(anonymous_0)
FN:7,(anonymous_1)
FN:12,(anonymous_2)
FN:15,(anonymous_3)
FN:19,(anonymous_4)
FN:22,(anonymous_5)
FN:26,(anonymous_6)
FNF:7
FNH:0
FNDA:0,(anonymous_0)
FNDA:0,(anonymous_1)
FNDA:0,(anonymous_2)
FNDA:0,(anonymous_3)
FNDA:0,(anonymous_4)
FNDA:0,(anonymous_5)
FNDA:0,(anonymous_6)
DA:5,0
DA:8,0
DA:9,0
DA:10,0
DA:13,0
DA:16,0
DA:17,0
DA:20,0
DA:23,0
DA:24,0
DA:27,0
DA:28,0
LF:12
LH:0
BRF:0
BRH:0
end_of_record
TN:
SF:C:\Users\manni\Documents\ComputerScience\College\Summer Project\github\frontend\src\store\state.js
FNF:0
FNH:0
LF:0
LH:0
BRDA:5,0,0,0
BRDA:5,0,1,0
BRF:2
BRH:0
end_of_record
TN:
SF:C:\Users\manni\Documents\ComputerScience\College\Summer Project\github\frontend\src\store\modules\index.js
FN:18,(anonymous_0)
FNF:1
FNH:0
FNDA:0,(anonymous_0)
DA:5,0
DA:11,0
DA:18,0
DA:19,0
DA:22,0
DA:24,0
DA:26,0
DA:27,0
DA:32,0
LF:9
LH:0
BRDA:19,0,0,0
BRDA:19,0,1,0
BRDA:26,1,0,0
BRDA:26,1,1,0
BRF:4
BRH:0
end_of_record
TN:
SF:C:\Users\manni\Documents\ComputerScience\College\Summer Project\github\frontend\src\store\modules\messages.js
FN:8,(anonymous_0)
FN:14,(anonymous_1)
FN:16,(anonymous_2)
FN:20,(anonymous_3)
FN:22,(anonymous_4)
FN:26,(anonymous_5)
FN:33,(anonymous_6)
FN:36,(anonymous_7)
FN:39,(anonymous_8)
FN:40,(anonymous_9)
FNF:10
FNH:0
FNDA:0,(anonymous_0)
FNDA:0,(anonymous_1)
FNDA:0,(anonymous_2)
FNDA:0,(anonymous_3)
FNDA:0,(anonymous_4)
FNDA:0,(anonymous_5)
FNDA:0,(anonymous_6)
FNDA:0,(anonymous_7)
FNDA:0,(anonymous_8)
FNDA:0,(anonymous_9)
DA:3,0
DA:7,0
DA:9,0
DA:13,0
DA:15,0
DA:17,0
DA:21,0
DA:23,0
DA:27,0
DA:28,0
DA:32,0
DA:34,0
DA:37,0
DA:40,0
LF:14
LH:0
BRF:0
BRH:0
end_of_record
TN:
SF:C:\Users\manni\Documents\ComputerScience\College\Summer Project\github\frontend\src\store\modules\drawertoggle\actions.js
FN:2,(anonymous_0)
FNF:1
FNH:0
FNDA:0,(anonymous_0)
DA:4,0
LF:1
LH:0
BRF:0
BRH:0
end_of_record
TN:
SF:C:\Users\manni\Documents\ComputerScience\College\Summer Project\github\frontend\src\store\modules\drawertoggle\mutations.js
FN:10,(anonymous_0)
FN:10,(anonymous_1)
FN:12,(anonymous_2)
FN:12,(anonymous_3)
FN:19,(anonymous_4)
FNF:5
FNH:0
FNDA:0,(anonymous_0)
FNDA:0,(anonymous_1)
FNDA:0,(anonymous_2)
FNDA:0,(anonymous_3)
FNDA:0,(anonymous_4)
DA:10,0
DA:12,0
DA:15,0
DA:16,0
DA:19,0
DA:21,0
LF:6
LH:0
BRF:0
BRH:0
end_of_record
TN:
SF:C:\Users\manni\Documents\ComputerScience\College\Summer Project\github\frontend\src\store\modules\drawertoggle\state.js
FNF:0
FNH:0
LF:0
LH:0
BRF:0
BRH:0
end_of_record
TN:
SF:C:\Users\manni\Documents\ComputerScience\College\Summer Project\github\frontend\src\views\Home.vue
FNF:0
FNH:0
DA:6,0
LF:1
LH:0
BRF:0
BRH:0
end_of_record
TN:
SF:C:\Users\manni\Documents\ComputerScience\College\Summer Project\github\frontend\src\views\Login.vue
FN:45,(anonymous_1)
FN:53,(anonymous_2)
FN:55,(anonymous_3)
FN:61,(anonymous_4)
FNF:4
FNH:0
FNDA:0,(anonymous_1)
FNDA:0,(anonymous_2)
FNDA:0,(anonymous_3)
FNDA:0,(anonymous_4)
DA:46,0
DA:54,0
DA:60,0
DA:64,0
LF:4
LH:0
BRF:0
BRH:0
end_of_record
TN:
SF:C:\Users\manni\Documents\ComputerScience\College\Summer Project\github\frontend\src\views\Logout.vue
FN:7,(anonymous_1)
FN:8,(anonymous_2)
FNF:2
FNH:0
FNDA:0,(anonymous_1)
FNDA:0,(anonymous_2)
DA:8,0
DA:9,0
LF:2
LH:0
BRF:0
BRH:0
end_of_record
TN:
SF:C:\Users\manni\Documents\ComputerScience\College\Summer Project\github\frontend\src\views\Messages.vue
FN:34,(anonymous_1)
FN:41,(anonymous_2)
FN:47,(anonymous_3)
FNF:3
FNH:0
FNDA:0,(anonymous_1)
FNDA:0,(anonymous_2)
FNDA:0,(anonymous_3)
DA:30,0
DA:35,0
DA:41,0
DA:48,0
LF:4
LH:0
BRF:0
BRH:0
end_of_record
TN:
SF:C:\Users\manni\Documents\ComputerScience\College\Summer Project\github\frontend\src\views\News.vue
FN:40,(anonymous_1)
FN:48,(anonymous_2)
FNF:2
FNH:0
FNDA:0,(anonymous_1)
FNDA:0,(anonymous_2)
DA:32,0
DA:41,0
DA:42,0
DA:46,0
DA:48,0
LF:5
LH:0
BRF:0
BRH:0
end_of_record
TN:
SF:C:\Users\manni\Documents\ComputerScience\College\Summer Project\github\frontend\src\views\Rating.vue
FN:38,(anonymous_1)
FN:42,(anonymous_2)
FN:47,(anonymous_3)
FN:50,(anonymous_4)
FNF:4
FNH:0
FNDA:0,(anonymous_1)
FNDA:0,(anonymous_2)
FNDA:0,(anonymous_3)
FNDA:0,(anonymous_4)
DA:29,0
DA:30,0
DA:31,0
DA:39,0
DA:40,0
DA:42,0
DA:51,0
LF:7
LH:0
BRF:0
BRH:0
end_of_record
TN:
SF:C:\Users\manni\Documents\ComputerScience\College\Summer Project\github\frontend\src\views\Auth\Auth.vue
FN:22,(anonymous_1)
FN:28,(anonymous_2)
FN:31,(anonymous_3)
FNF:3
FNH:0
FNDA:0,(anonymous_1)
FNDA:0,(anonymous_2)
FNDA:0,(anonymous_3)
DA:17,0
DA:22,0
DA:29,0
DA:30,0
DA:31,0
DA:32,0
DA:33,0
DA:34,0
LF:8
LH:0
BRF:0
BRH:0
end_of_record
TN:
SF:C:\Users\manni\Documents\ComputerScience\College\Summer Project\github\frontend\src\views\Auth\Signin.vue
FN:25,(anonymous_1)
FN:30,(anonymous_2)
FNF:2
FNH:0
FNDA:0,(anonymous_1)
FNDA:0,(anonymous_2)
DA:25,0
DA:31,0
LF:2
LH:0
BRDA:31,0,0,0
BRDA:31,0,1,0
BRF:2
BRH:0
end_of_record
TN:
SF:C:\Users\manni\Documents\ComputerScience\College\Summer Project\github\frontend\src\views\Auth\SigninForgotPassword.vue
FN:52,(anonymous_1)
FN:62,(anonymous_2)
FN:64,(anonymous_3)
FN:69,(anonymous_4)
FNF:4
FNH:0
FNDA:0,(anonymous_1)
FNDA:0,(anonymous_2)
FNDA:0,(anonymous_3)
FNDA:0,(anonymous_4)
DA:49,0
DA:52,0
DA:63,0
DA:68,0
DA:72,0
LF:5
LH:0
BRF:0
BRH:0
end_of_record
TN:
SF:C:\Users\manni\Documents\ComputerScience\College\Summer Project\github\frontend\src\views\Auth\SigninForgotPasswordReset.vue
FN:81,(anonymous_1)
FN:92,(anonymous_2)
FN:94,(anonymous_3)
FN:100,(anonymous_4)
FNF:4
FNH:0
FNDA:0,(anonymous_1)
FNDA:0,(anonymous_2)
FNDA:0,(anonymous_3)
FNDA:0,(anonymous_4)
DA:78,0
DA:81,0
DA:93,0
DA:99,0
DA:103,0
LF:5
LH:0
BRF:0
BRH:0
end_of_record
TN:
SF:C:\Users\manni\Documents\ComputerScience\College\Summer Project\github\frontend\src\views\Auth\SigninIdentifier.vue
FN:73,(anonymous_1)
FN:80,(anonymous_2)
FN:83,(anonymous_3)
FN:90,(anonymous_4)
FN:102,(anonymous_5)
FNF:5
FNH:0
FNDA:0,(anonymous_1)
FNDA:0,(anonymous_2)
FNDA:0,(anonymous_3)
FNDA:0,(anonymous_4)
FNDA:0,(anonymous_5)
DA:70,0
DA:73,0
DA:81,0
DA:84,0
DA:98,0
DA:103,0
DA:105,0
LF:7
LH:0
BRF:0
BRH:0
end_of_record
TN:
SF:C:\Users\manni\Documents\ComputerScience\College\Summer Project\github\frontend\src\views\Auth\SigninPassword.vue
FN:68,(anonymous_1)
FN:79,(anonymous_2)
FN:82,(anonymous_3)
FN:88,(anonymous_4)
FNF:4
FNH:0
FNDA:0,(anonymous_1)
FNDA:0,(anonymous_2)
FNDA:0,(anonymous_3)
FNDA:0,(anonymous_4)
DA:65,0
DA:68,0
DA:81,0
DA:87,0
DA:91,0
LF:5
LH:0
BRF:0
BRH:0
end_of_record
TN:
SF:C:\Users\manni\Documents\ComputerScience\College\Summer Project\github\frontend\src\views\Auth\Signup.vue
FN:156,(anonymous_1)
FN:168,(anonymous_2)
FN:170,(anonymous_3)
FN:179,(anonymous_4)
FNF:4
FNH:0
FNDA:0,(anonymous_1)
FNDA:0,(anonymous_2)
FNDA:0,(anonymous_3)
FNDA:0,(anonymous_4)
DA:153,0
DA:156,0
DA:169,0
DA:178,0
DA:182,0
LF:5
LH:0
BRF:0
BRH:0
end_of_record
