TN:
SF:C:\Users\manni\Documents\ComputerScience\College\Summer Project\github\frontend\src\components\BusMap.vue
FN:146,offsetMap
FN:201,fromLatLngToPoint
FN:222,(anonymous_3)
FN:231,(anonymous_5)
FN:245,addYourLocationButton
FN:273,(anonymous_7)
FN:277,(anonymous_8)
FN:278,(anonymous_9)
FN:285,(anonymous_10)
FN:323,(anonymous_11)
FN:326,(anonymous_12)
FN:332,(anonymous_13)
FN:336,(anonymous_14)
FN:339,(anonymous_15)
FN:342,(anonymous_16)
FN:346,(anonymous_17)
FN:459,(anonymous_18)
FN:464,(anonymous_19)
FN:470,(anonymous_20)
FN:475,(anonymous_21)
FN:482,(anonymous_22)
FN:487,(anonymous_23)
FN:500,(anonymous_24)
FN:505,(anonymous_25)
FN:513,(anonymous_26)
FN:524,(anonymous_27)
FN:530,(anonymous_28)
FN:532,(anonymous_29)
FN:542,(anonymous_30)
FN:563,(anonymous_31)
FN:568,(anonymous_32)
FN:571,(anonymous_33)
FN:590,(anonymous_34)
FN:593,(anonymous_35)
FN:598,(anonymous_36)
FN:606,(anonymous_37)
FN:609,(anonymous_38)
FN:615,(anonymous_39)
FN:621,(anonymous_40)
FN:642,(anonymous_41)
FN:644,(anonymous_42)
FN:662,(anonymous_43)
FN:667,(anonymous_44)
FN:685,(anonymous_45)
FN:705,(anonymous_46)
FN:722,(anonymous_47)
FN:728,(anonymous_48)
FN:755,(anonymous_49)
FN:759,(anonymous_50)
FN:780,(anonymous_51)
FN:792,(anonymous_52)
FN:827,(anonymous_53)
FN:849,(anonymous_54)
FN:859,initMap
FN:875,(anonymous_56)
FN:885,(anonymous_57)
FN:953,(anonymous_58)
FNF:57
FNH:0
FNDA:0,offsetMap
FNDA:0,fromLatLngToPoint
FNDA:0,(anonymous_3)
FNDA:0,(anonymous_5)
FNDA:0,addYourLocationButton
FNDA:0,(anonymous_7)
FNDA:0,(anonymous_8)
FNDA:0,(anonymous_9)
FNDA:0,(anonymous_10)
FNDA:0,(anonymous_11)
FNDA:0,(anonymous_12)
FNDA:0,(anonymous_13)
FNDA:0,(anonymous_14)
FNDA:0,(anonymous_15)
FNDA:0,(anonymous_16)
FNDA:0,(anonymous_17)
FNDA:0,(anonymous_18)
FNDA:0,(anonymous_19)
FNDA:0,(anonymous_20)
FNDA:0,(anonymous_21)
FNDA:0,(anonymous_22)
FNDA:0,(anonymous_23)
FNDA:0,(anonymous_24)
FNDA:0,(anonymous_25)
FNDA:0,(anonymous_26)
FNDA:0,(anonymous_27)
FNDA:0,(anonymous_28)
FNDA:0,(anonymous_29)
FNDA:0,(anonymous_30)
FNDA:0,(anonymous_31)
FNDA:0,(anonymous_32)
FNDA:0,(anonymous_33)
FNDA:0,(anonymous_34)
FNDA:0,(anonymous_35)
FNDA:0,(anonymous_36)
FNDA:0,(anonymous_37)
FNDA:0,(anonymous_38)
FNDA:0,(anonymous_39)
FNDA:0,(anonymous_40)
FNDA:0,(anonymous_41)
FNDA:0,(anonymous_42)
FNDA:0,(anonymous_43)
FNDA:0,(anonymous_44)
FNDA:0,(anonymous_45)
FNDA:0,(anonymous_46)
FNDA:0,(anonymous_47)
FNDA:0,(anonymous_48)
FNDA:0,(anonymous_49)
FNDA:0,(anonymous_50)
FNDA:0,(anonymous_51)
FNDA:0,(anonymous_52)
FNDA:0,(anonymous_53)
FNDA:0,(anonymous_54)
FNDA:0,initMap
FNDA:0,(anonymous_56)
FNDA:0,(anonymous_57)
FNDA:0,(anonymous_58)
DA:120,0
DA:122,0
DA:136,0
DA:137,0
DA:138,0
DA:139,0
DA:140,0
DA:141,0
DA:142,0
DA:143,0
DA:144,0
DA:145,0
DA:147,0
DA:149,0
DA:152,0
DA:164,0
DA:167,0
DA:168,0
DA:169,0
DA:172,0
DA:173,0
DA:176,0
DA:177,0
DA:178,0
DA:181,0
DA:184,0
DA:186,0
DA:189,0
DA:194,0
DA:195,0
DA:202,0
DA:203,0
DA:213,0
DA:214,0
DA:216,0
DA:222,0
DA:225,0
DA:231,0
DA:232,0
DA:234,0
DA:236,0
DA:238,0
DA:240,0
DA:246,0
DA:248,0
DA:249,0
DA:250,0
DA:251,0
DA:252,0
DA:253,0
DA:254,0
DA:255,0
DA:256,0
DA:257,0
DA:258,0
DA:259,0
DA:260,0
DA:262,0
DA:263,0
DA:264,0
DA:265,0
DA:266,0
DA:268,0
DA:269,0
DA:270,0
DA:271,0
DA:273,0
DA:274,0
DA:277,0
DA:278,0
DA:280,0
DA:281,0
DA:284,0
DA:285,0
DA:286,0
DA:290,0
DA:295,0
DA:296,0
DA:297,0
DA:300,0
DA:301,0
DA:305,0
DA:306,0
DA:309,0
DA:310,0
DA:311,0
DA:316,0
DA:317,0
DA:318,0
DA:324,0
DA:328,0
DA:333,0
DA:337,0
DA:340,0
DA:343,0
DA:346,0
DA:460,0
DA:461,0
DA:465,0
DA:466,0
DA:467,0
DA:468,0
DA:471,0
DA:476,0
DA:483,0
DA:499,0
DA:502,0
DA:506,0
DA:507,0
DA:508,0
DA:509,0
DA:510,0
DA:511,0
DA:514,0
DA:515,0
DA:516,0
DA:517,0
DA:518,0
DA:525,0
DA:526,0
DA:531,0
DA:534,0
DA:539,0
DA:540,0
DA:541,0
DA:542,0
DA:543,0
DA:544,0
DA:545,0
DA:551,0
DA:554,0
DA:556,0
DA:557,0
DA:559,0
DA:564,0
DA:569,0
DA:572,0
DA:573,0
DA:574,0
DA:575,0
DA:582,0
DA:586,0
DA:590,0
DA:591,0
DA:593,0
DA:594,0
DA:598,0
DA:599,0
DA:600,0
DA:603,0
DA:604,0
DA:606,0
DA:607,0
DA:609,0
DA:610,0
DA:616,0
DA:617,0
DA:621,0
DA:622,0
DA:623,0
DA:624,0
DA:625,0
DA:626,0
DA:627,0
DA:628,0
DA:630,0
DA:633,0
DA:636,0
DA:638,0
DA:639,0
DA:643,0
DA:654,0
DA:660,0
DA:664,0
DA:668,0
DA:669,0
DA:671,0
DA:672,0
DA:675,0
DA:676,0
DA:685,0
DA:686,0
DA:687,0
DA:690,0
DA:691,0
DA:693,0
DA:694,0
DA:698,0
DA:703,0
DA:704,0
DA:705,0
DA:706,0
DA:707,0
DA:708,0
DA:709,0
DA:712,0
DA:714,0
DA:717,0
DA:722,0
DA:724,0
DA:728,0
DA:733,0
DA:736,0
DA:739,0
DA:744,0
DA:747,0
DA:749,0
DA:750,0
DA:756,0
DA:759,0
DA:760,0
DA:761,0
DA:762,0
DA:763,0
DA:764,0
DA:765,0
DA:768,0
DA:770,0
DA:780,0
DA:781,0
DA:782,0
DA:789,0
DA:790,0
DA:792,0
DA:793,0
DA:794,0
DA:800,0
DA:802,0
DA:803,0
DA:805,0
DA:816,0
DA:818,0
DA:827,0
DA:828,0
DA:829,0
DA:836,0
DA:843,0
DA:846,0
DA:847,0
DA:854,0
DA:855,0
DA:860,0
DA:865,0
DA:866,0
DA:868,0
DA:873,0
DA:874,0
DA:876,0
DA:881,0
DA:882,0
DA:883,0
DA:886,0
DA:890,0
DA:896,0
DA:899,0
DA:900,0
DA:905,0
DA:918,0
DA:921,0
DA:923,0
DA:937,0
DA:939,0
DA:953,0
DA:954,0
DA:955,0
LF:265
LH:0
BRDA:147,0,0,0
BRDA:147,0,1,0
BRDA:176,1,0,0
BRDA:176,1,1,0
BRDA:177,2,0,0
BRDA:177,2,1,0
BRDA:186,3,0,0
BRDA:186,3,1,0
BRDA:222,4,0,0
BRDA:233,5,0,0
BRDA:233,5,1,0
BRDA:233,5,2,0
BRDA:233,5,3,0
BRDA:284,6,0,0
BRDA:284,6,1,0
BRDA:311,7,0,0
BRDA:311,7,1,0
BRDA:328,8,0,0
BRDA:328,8,1,0
BRDA:460,9,0,0
BRDA:460,9,1,0
BRDA:516,10,0,0
BRDA:516,10,1,0
BRDA:525,11,0,0
BRDA:525,11,1,0
BRDA:543,12,0,0
BRDA:543,12,1,0
BRDA:544,13,0,0
BRDA:544,13,1,0
BRDA:556,14,0,0
BRDA:556,14,1,0
BRDA:572,15,0,0
BRDA:572,15,1,0
BRDA:616,16,0,0
BRDA:616,16,1,0
BRDA:622,17,0,0
BRDA:622,17,1,0
BRDA:623,18,0,0
BRDA:623,18,1,0
BRDA:668,19,0,0
BRDA:668,19,1,0
BRDA:671,20,0,0
BRDA:671,20,1,0
BRDA:686,21,0,0
BRDA:686,21,1,0
BRDA:694,22,0,0
BRDA:694,22,1,0
BRDA:694,23,0,0
BRDA:694,23,1,0
BRDA:764,24,0,0
BRDA:764,24,1,0
BRF:51
BRH:0
end_of_record
TN:
SF:C:\Users\manni\Documents\ComputerScience\College\Summer Project\github\frontend\src\components\BusStopSearch.vue
FN:96,(anonymous_1)
FN:117,(anonymous_2)
FN:125,(anonymous_3)
FN:128,(anonymous_4)
FN:133,(anonymous_5)
FN:141,(anonymous_6)
FN:146,(anonymous_7)
FN:155,(anonymous_8)
FN:160,(anonymous_9)
FN:168,(anonymous_10)
FN:171,(anonymous_11)
FN:178,(anonymous_12)
FN:179,(anonymous_13)
FN:191,(anonymous_14)
FNF:14
FNH:0
FNDA:0,(anonymous_1)
FNDA:0,(anonymous_2)
FNDA:0,(anonymous_3)
FNDA:0,(anonymous_4)
FNDA:0,(anonymous_5)
FNDA:0,(anonymous_6)
FNDA:0,(anonymous_7)
FNDA:0,(anonymous_8)
FNDA:0,(anonymous_9)
FNDA:0,(anonymous_10)
FNDA:0,(anonymous_11)
FNDA:0,(anonymous_12)
FNDA:0,(anonymous_13)
FNDA:0,(anonymous_14)
DA:91,0
DA:92,0
DA:96,0
DA:118,0
DA:126,0
DA:129,0
DA:140,0
DA:143,0
DA:147,0
DA:148,0
DA:151,0
DA:153,0
DA:155,0
DA:158,0
DA:159,0
DA:162,0
DA:164,0
DA:169,0
DA:171,0
DA:172,0
DA:179,0
DA:180,0
DA:184,0
DA:185,0
DA:192,0
DA:193,0
DA:194,0
LF:27
LH:0
BRDA:169,0,0,0
BRDA:169,0,1,0
BRDA:174,1,0,0
BRDA:174,1,1,0
BRDA:180,2,0,0
BRDA:180,2,1,0
BRDA:192,3,0,0
BRDA:192,3,1,0
BRF:8
BRH:0
end_of_record
TN:
SF:C:\Users\manni\Documents\ComputerScience\College\Summer Project\github\frontend\src\components\EventBus.js
FNF:0
FNH:0
DA:2,0
LF:1
LH:0
BRF:0
BRH:0
end_of_record
TN:
SF:C:\Users\manni\Documents\ComputerScience\College\Summer Project\github\frontend\src\components\Favourite.vue
FN:130,(anonymous_1)
FN:137,(anonymous_2)
FN:149,(anonymous_3)
FN:160,(anonymous_4)
FN:171,(anonymous_5)
FN:177,(anonymous_6)
FN:184,(anonymous_7)
FN:193,(anonymous_8)
FN:202,(anonymous_9)
FN:211,(anonymous_10)
FN:220,(anonymous_11)
FN:229,(anonymous_12)
FN:235,(anonymous_13)
FN:238,(anonymous_14)
FN:243,(anonymous_15)
FN:252,(anonymous_16)
FN:257,(anonymous_17)
FN:266,(anonymous_18)
FN:271,(anonymous_19)
FN:276,(anonymous_20)
FN:285,(anonymous_21)
FN:291,(anonymous_22)
FN:296,(anonymous_23)
FN:305,(anonymous_24)
FNF:24
FNH:0
FNDA:0,(anonymous_1)
FNDA:0,(anonymous_2)
FNDA:0,(anonymous_3)
FNDA:0,(anonymous_4)
FNDA:0,(anonymous_5)
FNDA:0,(anonymous_6)
FNDA:0,(anonymous_7)
FNDA:0,(anonymous_8)
FNDA:0,(anonymous_9)
FNDA:0,(anonymous_10)
FNDA:0,(anonymous_11)
FNDA:0,(anonymous_12)
FNDA:0,(anonymous_13)
FNDA:0,(anonymous_14)
FNDA:0,(anonymous_15)
FNDA:0,(anonymous_16)
FNDA:0,(anonymous_17)
FNDA:0,(anonymous_18)
FNDA:0,(anonymous_19)
FNDA:0,(anonymous_20)
FNDA:0,(anonymous_21)
FNDA:0,(anonymous_22)
FNDA:0,(anonymous_23)
FNDA:0,(anonymous_24)
DA:125,0
DA:127,0
DA:130,0
DA:138,0
DA:139,0
DA:150,0
DA:151,0
DA:161,0
DA:172,0
DA:173,0
DA:174,0
DA:178,0
DA:179,0
DA:180,0
DA:191,0
DA:192,0
DA:195,0
DA:197,0
DA:198,0
DA:209,0
DA:210,0
DA:213,0
DA:215,0
DA:216,0
DA:227,0
DA:228,0
DA:231,0
DA:236,0
DA:239,0
DA:244,0
DA:245,0
DA:253,0
DA:264,0
DA:265,0
DA:268,0
DA:272,0
DA:283,0
DA:284,0
DA:287,0
DA:292,0
DA:303,0
DA:304,0
DA:307,0
LF:43
LH:0
BRDA:179,0,0,0
BRDA:179,0,1,0
BRDA:197,1,0,0
BRDA:197,1,1,0
BRDA:215,2,0,0
BRDA:215,2,1,0
BRF:6
BRH:0
end_of_record
TN:
SF:C:\Users\manni\Documents\ComputerScience\College\Summer Project\github\frontend\src\components\Landmarks.vue
FN:35,(anonymous_1)
FNF:1
FNH:0
FNDA:0,(anonymous_1)
DA:18,0
DA:36,0
LF:2
LH:0
BRF:0
BRH:0
end_of_record
TN:
SF:C:\Users\manni\Documents\ComputerScience\College\Summer Project\github\frontend\src\components\Rating.vue
FN:52,(anonymous_1)
FNF:1
FNH:0
FNDA:0,(anonymous_1)
DA:53,0
LF:1
LH:0
BRF:0
BRH:0
end_of_record
TN:
SF:C:\Users\manni\Documents\ComputerScience\College\Summer Project\github\frontend\src\components\RatingInput.vue
FN:142,(anonymous_1)
FN:154,(anonymous_2)
FN:159,(anonymous_3)
FN:161,(anonymous_4)
FN:176,(anonymous_5)
FN:181,(anonymous_6)
FNF:6
FNH:0
FNDA:0,(anonymous_1)
FNDA:0,(anonymous_2)
FNDA:0,(anonymous_3)
FNDA:0,(anonymous_4)
FNDA:0,(anonymous_5)
FNDA:0,(anonymous_6)
DA:138,0
DA:142,0
DA:155,0
DA:156,0
DA:160,0
DA:175,0
DA:178,0
LF:7
LH:0
BRF:0
BRH:0
end_of_record
TN:
SF:C:\Users\manni\Documents\ComputerScience\College\Summer Project\github\frontend\src\components\RouteViewer.vue
FN:94,(anonymous_1)
FN:113,(anonymous_2)
FN:118,(anonymous_3)
FN:121,(anonymous_4)
FN:127,(anonymous_5)
FN:138,(anonymous_6)
FN:143,(anonymous_7)
FN:154,(anonymous_8)
FN:157,(anonymous_9)
FN:164,(anonymous_10)
FN:165,(anonymous_11)
FN:177,(anonymous_12)
FNF:12
FNH:0
FNDA:0,(anonymous_1)
FNDA:0,(anonymous_2)
FNDA:0,(anonymous_3)
FNDA:0,(anonymous_4)
FNDA:0,(anonymous_5)
FNDA:0,(anonymous_6)
FNDA:0,(anonymous_7)
FNDA:0,(anonymous_8)
FNDA:0,(anonymous_9)
FNDA:0,(anonymous_10)
FNDA:0,(anonymous_11)
FNDA:0,(anonymous_12)
DA:90,0
DA:91,0
DA:94,0
DA:114,0
DA:115,0
DA:119,0
DA:122,0
DA:123,0
DA:137,0
DA:140,0
DA:144,0
DA:145,0
DA:148,0
DA:149,0
DA:150,0
DA:155,0
DA:157,0
DA:158,0
DA:165,0
DA:166,0
DA:170,0
DA:171,0
DA:179,0
DA:187,0
LF:24
LH:0
BRDA:155,0,0,0
BRDA:155,0,1,0
BRDA:160,1,0,0
BRDA:160,1,1,0
BRDA:166,2,0,0
BRDA:166,2,1,0
BRDA:179,3,0,0
BRDA:179,3,1,0
BRF:8
BRH:0
end_of_record
TN:
SF:C:\Users\manni\Documents\ComputerScience\College\Summer Project\github\frontend\src\views\Home.vue
FNF:0
FNH:0
DA:6,0
LF:1
LH:0
BRF:0
BRH:0
end_of_record
TN:
SF:C:\Users\manni\Documents\ComputerScience\College\Summer Project\github\frontend\src\views\Login.vue
FN:45,(anonymous_1)
FN:53,(anonymous_2)
FN:55,(anonymous_3)
FN:61,(anonymous_4)
FNF:4
FNH:0
FNDA:0,(anonymous_1)
FNDA:0,(anonymous_2)
FNDA:0,(anonymous_3)
FNDA:0,(anonymous_4)
DA:46,0
DA:54,0
DA:60,0
DA:64,0
LF:4
LH:0
BRF:0
BRH:0
end_of_record
TN:
SF:C:\Users\manni\Documents\ComputerScience\College\Summer Project\github\frontend\src\views\Logout.vue
FN:7,(anonymous_1)
FN:8,(anonymous_2)
FNF:2
FNH:0
FNDA:0,(anonymous_1)
FNDA:0,(anonymous_2)
DA:8,0
DA:9,0
LF:2
LH:0
BRF:0
BRH:0
end_of_record
TN:
SF:C:\Users\manni\Documents\ComputerScience\College\Summer Project\github\frontend\src\views\News.vue
FN:40,(anonymous_1)
FN:48,(anonymous_2)
FNF:2
FNH:0
FNDA:0,(anonymous_1)
FNDA:0,(anonymous_2)
DA:32,0
DA:41,0
DA:42,0
DA:46,0
DA:48,0
LF:5
LH:0
BRF:0
BRH:0
end_of_record
TN:
SF:C:\Users\manni\Documents\ComputerScience\College\Summer Project\github\frontend\src\views\Rating.vue
FN:41,(anonymous_1)
FN:45,(anonymous_2)
FN:50,(anonymous_3)
FN:53,(anonymous_4)
FNF:4
FNH:0
FNDA:0,(anonymous_1)
FNDA:0,(anonymous_2)
FNDA:0,(anonymous_3)
FNDA:0,(anonymous_4)
DA:32,0
DA:33,0
DA:34,0
DA:42,0
DA:43,0
DA:45,0
DA:51,0
DA:54,0
LF:8
LH:0
BRF:0
BRH:0
end_of_record
